<?xml version="1.0" encoding="UTF-8"?>
<!-- Generated by org.testng.reporters.JUnitXMLReporter -->
<testsuite hostname="khosruzs-MBP.lan" ignored="0" name="Sanity test" tests="6" failures="0" timestamp="2022-02-21T23:54:00 EST" time="2.565" errors="0">
  <testcase name="@BeforeMethod setUp" time="2.467" classname="com.mco.tests.HomePageTest">
    <failure type="org.openqa.selenium.SessionNotCreatedException" message="session not created: This version of ChromeDriver only supports Chrome version 96
Current browser version is 98.0.4758.102 with binary path /Applications/Google Chrome.app/Contents/MacOS/Google Chrome
Build info: version: &amp;apos;3.141.59&amp;apos;, revision: &amp;apos;e82be7d358&amp;apos;, time: &amp;apos;2018-11-14T08:17:03&amp;apos;
System info: host: &amp;apos;khosruzs-MBP.lan&amp;apos;, ip: &amp;apos;2603:7000:ac00:531d:0:0:0:1fc5%en0&amp;apos;, os.name: &amp;apos;Mac OS X&amp;apos;, os.arch: &amp;apos;x86_64&amp;apos;, os.version: &amp;apos;10.16&amp;apos;, java.version: &amp;apos;1.8.0_271&amp;apos;
Driver info: driver.version: ChromeDriver
remote stacktrace: 0   chromedriver                        0x0000000100b65408 __gxx_personality_v0 + 543364
1   chromedriver                        0x0000000100afb138 __gxx_personality_v0 + 108468
2   chromedriver                        0x00000001006fa7d8 chromedriver + 157656
3   chromedriver                        0x000000010071cb88 chromedriver + 297864
4   chromedriver                        0x0000000100719608 chromedriver + 284168
5   chromedriver                        0x0000000100716624 chromedriver + 271908
6   chromedriver                        0x0000000100747e24 chromedriver + 474660
7   chromedriver                        0x000000010071f238 chromedriver + 307768
8   chromedriver                        0x0000000100b28c7c __gxx_personality_v0 + 295672
9   chromedriver                        0x0000000100b3cbd8 __gxx_personality_v0 + 377428
10  chromedriver                        0x0000000100b412b0 __gxx_personality_v0 + 395564
11  chromedriver                        0x0000000100b3d9f8 __gxx_personality_v0 + 381044
12  chromedriver                        0x0000000100b1e754 __gxx_personality_v0 + 253392
13  chromedriver                        0x0000000100b56a38 __gxx_personality_v0 + 483508
14  chromedriver                        0x0000000100b56bac __gxx_personality_v0 + 483880
15  chromedriver                        0x0000000100b6bfec __gxx_personality_v0 + 570984
16  libsystem_pthread.dylib             0x000000019d341240 _pthread_start + 148
17  libsystem_pthread.dylib             0x000000019d33c024 thread_start + 8
">
      <![CDATA[org.openqa.selenium.SessionNotCreatedException: session not created: This version of ChromeDriver only supports Chrome version 96
Current browser version is 98.0.4758.102 with binary path /Applications/Google Chrome.app/Contents/MacOS/Google Chrome
Build info: version: '3.141.59', revision: 'e82be7d358', time: '2018-11-14T08:17:03'
System info: host: 'khosruzs-MBP.lan', ip: '2603:7000:ac00:531d:0:0:0:1fc5%en0', os.name: 'Mac OS X', os.arch: 'x86_64', os.version: '10.16', java.version: '1.8.0_271'
Driver info: driver.version: ChromeDriver
remote stacktrace: 0   chromedriver                        0x0000000100b65408 __gxx_personality_v0 + 543364
1   chromedriver                        0x0000000100afb138 __gxx_personality_v0 + 108468
2   chromedriver                        0x00000001006fa7d8 chromedriver + 157656
3   chromedriver                        0x000000010071cb88 chromedriver + 297864
4   chromedriver                        0x0000000100719608 chromedriver + 284168
5   chromedriver                        0x0000000100716624 chromedriver + 271908
6   chromedriver                        0x0000000100747e24 chromedriver + 474660
7   chromedriver                        0x000000010071f238 chromedriver + 307768
8   chromedriver                        0x0000000100b28c7c __gxx_personality_v0 + 295672
9   chromedriver                        0x0000000100b3cbd8 __gxx_personality_v0 + 377428
10  chromedriver                        0x0000000100b412b0 __gxx_personality_v0 + 395564
11  chromedriver                        0x0000000100b3d9f8 __gxx_personality_v0 + 381044
12  chromedriver                        0x0000000100b1e754 __gxx_personality_v0 + 253392
13  chromedriver                        0x0000000100b56a38 __gxx_personality_v0 + 483508
14  chromedriver                        0x0000000100b56bac __gxx_personality_v0 + 483880
15  chromedriver                        0x0000000100b6bfec __gxx_personality_v0 + 570984
16  libsystem_pthread.dylib             0x000000019d341240 _pthread_start + 148
17  libsystem_pthread.dylib             0x000000019d33c024 thread_start + 8

at org.openqa.selenium.remote.W3CHandshakeResponse.lambda$errorHandler$0(W3CHandshakeResponse.java:62)
at org.openqa.selenium.remote.HandshakeResponse.lambda$getResponseFunction$0(HandshakeResponse.java:30)
at org.openqa.selenium.remote.ProtocolHandshake.lambda$createSession$0(ProtocolHandshake.java:126)
at java.util.stream.ReferencePipeline$3$1.accept(ReferencePipeline.java:193)
at java.util.Spliterators$ArraySpliterator.tryAdvance(Spliterators.java:958)
at java.util.stream.ReferencePipeline.forEachWithCancel(ReferencePipeline.java:126)
at java.util.stream.AbstractPipeline.copyIntoWithCancel(AbstractPipeline.java:499)
at java.util.stream.AbstractPipeline.copyInto(AbstractPipeline.java:486)
at java.util.stream.AbstractPipeline.wrapAndCopyInto(AbstractPipeline.java:472)
at java.util.stream.FindOps$FindOp.evaluateSequential(FindOps.java:152)
at java.util.stream.AbstractPipeline.evaluate(AbstractPipeline.java:234)
at java.util.stream.ReferencePipeline.findFirst(ReferencePipeline.java:464)
at org.openqa.selenium.remote.ProtocolHandshake.createSession(ProtocolHandshake.java:128)
at org.openqa.selenium.remote.ProtocolHandshake.createSession(ProtocolHandshake.java:74)
at org.openqa.selenium.remote.HttpCommandExecutor.execute(HttpCommandExecutor.java:136)
at org.openqa.selenium.remote.service.DriverCommandExecutor.execute(DriverCommandExecutor.java:83)
at org.openqa.selenium.remote.RemoteWebDriver.execute(RemoteWebDriver.java:552)
at org.openqa.selenium.remote.RemoteWebDriver.startSession(RemoteWebDriver.java:213)
at org.openqa.selenium.remote.RemoteWebDriver.<init>(RemoteWebDriver.java:131)
at org.openqa.selenium.chrome.ChromeDriver.<init>(ChromeDriver.java:181)
at org.openqa.selenium.chrome.ChromeDriver.<init>(ChromeDriver.java:168)
at org.openqa.selenium.chrome.ChromeDriver.<init>(ChromeDriver.java:123)
at com.mco.base.TestBase.initialization(TestBase.java:38)
at com.mco.tests.HomePageTest.setUp(HomePageTest.java:21)
at java.util.ArrayList.forEach(ArrayList.java:1259)
... Removed 39 stack frames]]>
    </failure>
  </testcase> <!-- @BeforeMethod setUp -->
  <testcase name="@AfterMethod tearDown" time="-1.645505639955E9" classname="com.mco.tests.HomePageTest">
    <skipped/>
  </testcase> <!-- @AfterMethod tearDown -->
  <testcase name="@BeforeMethod setUp" time="-1.645505639963E9" classname="com.mco.tests.HomePageTest">
    <skipped/>
  </testcase> <!-- @BeforeMethod setUp -->
  <testcase name="@AfterMethod tearDown" time="-1.645505639964E9" classname="com.mco.tests.HomePageTest">
    <skipped/>
  </testcase> <!-- @AfterMethod tearDown -->
  <testcase name="@BeforeMethod setUp" time="-1.645505639964E9" classname="com.mco.tests.HomePageTest">
    <skipped/>
  </testcase> <!-- @BeforeMethod setUp -->
  <testcase name="@AfterMethod tearDown" time="-1.645505639965E9" classname="com.mco.tests.HomePageTest">
    <skipped/>
  </testcase> <!-- @AfterMethod tearDown -->
  <testcase name="@BeforeMethod setUp" time="-1.645505639966E9" classname="com.mco.tests.HomePageTest">
    <skipped/>
  </testcase> <!-- @BeforeMethod setUp -->
  <testcase name="@AfterMethod tearDown" time="-1.645505639967E9" classname="com.mco.tests.HomePageTest">
    <skipped/>
  </testcase> <!-- @AfterMethod tearDown -->
  <testcase name="@BeforeMethod setUp" time="-1.645505639967E9" classname="com.mco.tests.HomePageTest">
    <skipped/>
  </testcase> <!-- @BeforeMethod setUp -->
  <testcase name="@AfterMethod tearDown" time="-1.645505639968E9" classname="com.mco.tests.HomePageTest">
    <skipped/>
  </testcase> <!-- @AfterMethod tearDown -->
  <testcase name="@BeforeMethod setUp" time="-1.645505639968E9" classname="com.mco.tests.HomePageTest">
    <skipped/>
  </testcase> <!-- @BeforeMethod setUp -->
  <testcase name="@AfterMethod tearDown" time="-1.645505639969E9" classname="com.mco.tests.HomePageTest">
    <skipped/>
  </testcase> <!-- @AfterMethod tearDown -->
  <testcase name="pageTitleTest" time="0.0" classname="com.mco.tests.HomePageTest">
    <skipped/>
  </testcase> <!-- pageTitleTest -->
  <testcase name="loginSourceButtonTest" time="0.0" classname="com.mco.tests.HomePageTest">
    <skipped/>
  </testcase> <!-- loginSourceButtonTest -->
  <testcase name="aboutUsLinkTest" time="0.0" classname="com.mco.tests.HomePageTest">
    <skipped/>
  </testcase> <!-- aboutUsLinkTest -->
  <testcase name="contactUsLinkTest" time="0.0" classname="com.mco.tests.HomePageTest">
    <skipped/>
  </testcase> <!-- contactUsLinkTest -->
  <testcase name="viewCartLinkTest" time="0.0" classname="com.mco.tests.HomePageTest">
    <skipped/>
  </testcase> <!-- viewCartLinkTest -->
  <testcase name="curencyListTest" time="0.0" classname="com.mco.tests.HomePageTest">
    <skipped/>
  </testcase> <!-- curencyListTest -->
</testsuite> <!-- Sanity test -->
