<!DOCTYPE html PUBLIC "-//W3C//DTD XHTML 1.1//EN" "https://www.w3.org/TR/xhtml11/DTD/xhtml11.dtd">
<html xmlns="https://www.w3.org/1999/xhtml">
<head>
<meta http-equiv="content-type" content="text/html; charset=UTF-8"/>
<title>TestNG Report</title>
<style type="text/css">table {margin-bottom:10px;border-collapse:collapse;empty-cells:show}th,td {border:1px solid #009;padding:.25em .5em}th {vertical-align:bottom}td {vertical-align:top}table a {font-weight:bold}.stripe td {background-color: #E6EBF9}.num {text-align:right}.passedodd td {background-color: #3F3}.passedeven td {background-color: #0A0}.skippedodd td {background-color: #DDD}.skippedeven td {background-color: #CCC}.failedodd td,.attn {background-color: #F33}.failedeven td,.stripe .attn {background-color: #D00}.stacktrace {white-space:pre;font-family:monospace}.totop {font-size:85%;text-align:center;border-bottom:2px solid #000}.invisible {display:none}</style>
</head>
<body>
<table>
<tr><th>Test</th><th># Passed</th><th># Skipped</th><th># Retried</th><th># Failed</th><th>Time (ms)</th><th>Included Groups</th><th>Excluded Groups</th></tr>
<tr><th colspan="8">MultiCart Online Automation Suit</th></tr>
<tr><td><a href="#t0">Sanity test</a></td><td class="num">0</td><td class="num attn">6</td><td class="num">0</td><td class="num">0</td><td class="num">2,565</td><td></td><td></td></tr>
</table>
<table id='summary'><thead><tr><th>Class</th><th>Method</th><th>Start</th><th>Time (ms)</th></tr></thead><tbody><tr><th colspan="4">MultiCart Online Automation Suit</th></tr></tbody><tbody id="t0"><tr><th colspan="4">Sanity test &#8212; failed (configuration methods)</th></tr><tr class="failedeven"><td rowspan="1">com.mco.tests.HomePageTest</td><td><a href="#m0">setUp</a></td><td rowspan="1">1645505637468</td><td rowspan="1">2467</td></tr><tr><th colspan="4">Sanity test &#8212; skipped (configuration methods)</th></tr><tr class="skippedeven"><td rowspan="11">com.mco.tests.HomePageTest</td><td><a href="#m1">setUp</a></td><td rowspan="5">1645505639966</td><td rowspan="5">-1645505639966</td></tr><tr class="skippedeven"><td><a href="#m2">setUp</a></td></tr><tr class="skippedeven"><td><a href="#m3">setUp</a></td></tr><tr class="skippedeven"><td><a href="#m4">setUp</a></td></tr><tr class="skippedeven"><td><a href="#m5">setUp</a></td></tr><tr class="skippedeven"><td><a href="#m6">tearDown</a></td><td rowspan="6">1645505639964</td><td rowspan="6">-1645505639964</td></tr><tr class="skippedeven"><td><a href="#m7">tearDown</a></td></tr><tr class="skippedeven"><td><a href="#m8">tearDown</a></td></tr><tr class="skippedeven"><td><a href="#m9">tearDown</a></td></tr><tr class="skippedeven"><td><a href="#m10">tearDown</a></td></tr><tr class="skippedeven"><td><a href="#m11">tearDown</a></td></tr><tr><th colspan="4">Sanity test &#8212; skipped</th></tr><tr class="skippedeven"><td rowspan="6">com.mco.tests.HomePageTest</td><td><a href="#m12">aboutUsLinkTest</a></td><td rowspan="1">1645505639965</td><td rowspan="1">0</td></tr><tr class="skippedeven"><td><a href="#m13">contactUsLinkTest</a></td><td rowspan="1">1645505639966</td><td rowspan="1">0</td></tr><tr class="skippedeven"><td><a href="#m14">curencyListTest</a></td><td rowspan="1">1645505639968</td><td rowspan="1">0</td></tr><tr class="skippedeven"><td><a href="#m15">loginSourceButtonTest</a></td><td rowspan="1">1645505639963</td><td rowspan="1">0</td></tr><tr class="skippedeven"><td><a href="#m16">pageTitleTest</a></td><td rowspan="1">1645505639948</td><td rowspan="1">0</td></tr><tr class="skippedeven"><td><a href="#m17">viewCartLinkTest</a></td><td rowspan="1">1645505639967</td><td rowspan="1">0</td></tr></tbody>
</table>
<h2>Sanity test</h2><h3 id="m0">com.mco.tests.HomePageTest#setUp</h3><table class="result"><tr><th>Exception</th></tr><tr><td><div class="stacktrace">org.openqa.selenium.SessionNotCreatedException: session not created: This version of ChromeDriver only supports Chrome version 96
Current browser version is 98.0.4758.102 with binary path /Applications/Google Chrome.app/Contents/MacOS/Google Chrome
Build info: version: &apos;3.141.59&apos;, revision: &apos;e82be7d358&apos;, time: &apos;2018-11-14T08:17:03&apos;
System info: host: &apos;khosruzs-MBP.lan&apos;, ip: &apos;2603:7000:ac00:531d:0:0:0:1fc5%en0&apos;, os.name: &apos;Mac OS X&apos;, os.arch: &apos;x86_64&apos;, os.version: &apos;10.16&apos;, java.version: &apos;1.8.0_271&apos;
Driver info: driver.version: ChromeDriver
remote stacktrace: 0   chromedriver                        0x0000000100b65408 __gxx_personality_v0 + 543364
1   chromedriver                        0x0000000100afb138 __gxx_personality_v0 + 108468
2   chromedriver                        0x00000001006fa7d8 chromedriver + 157656
3   chromedriver                        0x000000010071cb88 chromedriver + 297864
4   chromedriver                        0x0000000100719608 chromedriver + 284168
5   chromedriver                        0x0000000100716624 chromedriver + 271908
6   chromedriver                        0x0000000100747e24 chromedriver + 474660
7   chromedriver                        0x000000010071f238 chromedriver + 307768
8   chromedriver                        0x0000000100b28c7c __gxx_personality_v0 + 295672
9   chromedriver                        0x0000000100b3cbd8 __gxx_personality_v0 + 377428
10  chromedriver                        0x0000000100b412b0 __gxx_personality_v0 + 395564
11  chromedriver                        0x0000000100b3d9f8 __gxx_personality_v0 + 381044
12  chromedriver                        0x0000000100b1e754 __gxx_personality_v0 + 253392
13  chromedriver                        0x0000000100b56a38 __gxx_personality_v0 + 483508
14  chromedriver                        0x0000000100b56bac __gxx_personality_v0 + 483880
15  chromedriver                        0x0000000100b6bfec __gxx_personality_v0 + 570984
16  libsystem_pthread.dylib             0x000000019d341240 _pthread_start + 148
17  libsystem_pthread.dylib             0x000000019d33c024 thread_start + 8

	at org.openqa.selenium.remote.W3CHandshakeResponse.lambda$errorHandler$0(W3CHandshakeResponse.java:62)
	at org.openqa.selenium.remote.HandshakeResponse.lambda$getResponseFunction$0(HandshakeResponse.java:30)
	at org.openqa.selenium.remote.ProtocolHandshake.lambda$createSession$0(ProtocolHandshake.java:126)
	at java.util.stream.ReferencePipeline$3$1.accept(ReferencePipeline.java:193)
	at java.util.Spliterators$ArraySpliterator.tryAdvance(Spliterators.java:958)
	at java.util.stream.ReferencePipeline.forEachWithCancel(ReferencePipeline.java:126)
	at java.util.stream.AbstractPipeline.copyIntoWithCancel(AbstractPipeline.java:499)
	at java.util.stream.AbstractPipeline.copyInto(AbstractPipeline.java:486)
	at java.util.stream.AbstractPipeline.wrapAndCopyInto(AbstractPipeline.java:472)
	at java.util.stream.FindOps$FindOp.evaluateSequential(FindOps.java:152)
	at java.util.stream.AbstractPipeline.evaluate(AbstractPipeline.java:234)
	at java.util.stream.ReferencePipeline.findFirst(ReferencePipeline.java:464)
	at org.openqa.selenium.remote.ProtocolHandshake.createSession(ProtocolHandshake.java:128)
	at org.openqa.selenium.remote.ProtocolHandshake.createSession(ProtocolHandshake.java:74)
	at org.openqa.selenium.remote.HttpCommandExecutor.execute(HttpCommandExecutor.java:136)
	at org.openqa.selenium.remote.service.DriverCommandExecutor.execute(DriverCommandExecutor.java:83)
	at org.openqa.selenium.remote.RemoteWebDriver.execute(RemoteWebDriver.java:552)
	at org.openqa.selenium.remote.RemoteWebDriver.startSession(RemoteWebDriver.java:213)
	at org.openqa.selenium.remote.RemoteWebDriver.&lt;init&gt;(RemoteWebDriver.java:131)
	at org.openqa.selenium.chrome.ChromeDriver.&lt;init&gt;(ChromeDriver.java:181)
	at org.openqa.selenium.chrome.ChromeDriver.&lt;init&gt;(ChromeDriver.java:168)
	at org.openqa.selenium.chrome.ChromeDriver.&lt;init&gt;(ChromeDriver.java:123)
	at com.mco.base.TestBase.initialization(TestBase.java:38)
	at com.mco.tests.HomePageTest.setUp(HomePageTest.java:21)
	at java.util.ArrayList.forEach(ArrayList.java:1259)
... Removed 39 stack frames</div></td></tr></table><p class="totop"><a href="#summary">back to summary</a></p>
<h3 id="m1">com.mco.tests.HomePageTest#setUp</h3><table class="result"><tr><th class="invisible"/></tr></table><p class="totop"><a href="#summary">back to summary</a></p>
<h3 id="m2">com.mco.tests.HomePageTest#setUp</h3><table class="result"><tr><th class="invisible"/></tr></table><p class="totop"><a href="#summary">back to summary</a></p>
<h3 id="m3">com.mco.tests.HomePageTest#setUp</h3><table class="result"><tr><th class="invisible"/></tr></table><p class="totop"><a href="#summary">back to summary</a></p>
<h3 id="m4">com.mco.tests.HomePageTest#setUp</h3><table class="result"><tr><th class="invisible"/></tr></table><p class="totop"><a href="#summary">back to summary</a></p>
<h3 id="m5">com.mco.tests.HomePageTest#setUp</h3><table class="result"><tr><th class="invisible"/></tr></table><p class="totop"><a href="#summary">back to summary</a></p>
<h3 id="m6">com.mco.tests.HomePageTest#tearDown</h3><table class="result"><tr><th class="invisible"/></tr></table><p class="totop"><a href="#summary">back to summary</a></p>
<h3 id="m7">com.mco.tests.HomePageTest#tearDown</h3><table class="result"><tr><th class="invisible"/></tr></table><p class="totop"><a href="#summary">back to summary</a></p>
<h3 id="m8">com.mco.tests.HomePageTest#tearDown</h3><table class="result"><tr><th class="invisible"/></tr></table><p class="totop"><a href="#summary">back to summary</a></p>
<h3 id="m9">com.mco.tests.HomePageTest#tearDown</h3><table class="result"><tr><th class="invisible"/></tr></table><p class="totop"><a href="#summary">back to summary</a></p>
<h3 id="m10">com.mco.tests.HomePageTest#tearDown</h3><table class="result"><tr><th class="invisible"/></tr></table><p class="totop"><a href="#summary">back to summary</a></p>
<h3 id="m11">com.mco.tests.HomePageTest#tearDown</h3><table class="result"><tr><th class="invisible"/></tr></table><p class="totop"><a href="#summary">back to summary</a></p>
<h3 id="m12">com.mco.tests.HomePageTest#aboutUsLinkTest</h3><table class="result"><tr><th>Exception</th></tr><tr><td><div class="stacktrace">org.openqa.selenium.SessionNotCreatedException: session not created: This version of ChromeDriver only supports Chrome version 96
Current browser version is 98.0.4758.102 with binary path /Applications/Google Chrome.app/Contents/MacOS/Google Chrome
Build info: version: &apos;3.141.59&apos;, revision: &apos;e82be7d358&apos;, time: &apos;2018-11-14T08:17:03&apos;
System info: host: &apos;khosruzs-MBP.lan&apos;, ip: &apos;2603:7000:ac00:531d:0:0:0:1fc5%en0&apos;, os.name: &apos;Mac OS X&apos;, os.arch: &apos;x86_64&apos;, os.version: &apos;10.16&apos;, java.version: &apos;1.8.0_271&apos;
Driver info: driver.version: ChromeDriver
remote stacktrace: 0   chromedriver                        0x0000000100b65408 __gxx_personality_v0 + 543364
1   chromedriver                        0x0000000100afb138 __gxx_personality_v0 + 108468
2   chromedriver                        0x00000001006fa7d8 chromedriver + 157656
3   chromedriver                        0x000000010071cb88 chromedriver + 297864
4   chromedriver                        0x0000000100719608 chromedriver + 284168
5   chromedriver                        0x0000000100716624 chromedriver + 271908
6   chromedriver                        0x0000000100747e24 chromedriver + 474660
7   chromedriver                        0x000000010071f238 chromedriver + 307768
8   chromedriver                        0x0000000100b28c7c __gxx_personality_v0 + 295672
9   chromedriver                        0x0000000100b3cbd8 __gxx_personality_v0 + 377428
10  chromedriver                        0x0000000100b412b0 __gxx_personality_v0 + 395564
11  chromedriver                        0x0000000100b3d9f8 __gxx_personality_v0 + 381044
12  chromedriver                        0x0000000100b1e754 __gxx_personality_v0 + 253392
13  chromedriver                        0x0000000100b56a38 __gxx_personality_v0 + 483508
14  chromedriver                        0x0000000100b56bac __gxx_personality_v0 + 483880
15  chromedriver                        0x0000000100b6bfec __gxx_personality_v0 + 570984
16  libsystem_pthread.dylib             0x000000019d341240 _pthread_start + 148
17  libsystem_pthread.dylib             0x000000019d33c024 thread_start + 8

	at org.openqa.selenium.remote.W3CHandshakeResponse.lambda$errorHandler$0(W3CHandshakeResponse.java:62)
	at org.openqa.selenium.remote.HandshakeResponse.lambda$getResponseFunction$0(HandshakeResponse.java:30)
	at org.openqa.selenium.remote.ProtocolHandshake.lambda$createSession$0(ProtocolHandshake.java:126)
	at java.util.stream.ReferencePipeline$3$1.accept(ReferencePipeline.java:193)
	at java.util.Spliterators$ArraySpliterator.tryAdvance(Spliterators.java:958)
	at java.util.stream.ReferencePipeline.forEachWithCancel(ReferencePipeline.java:126)
	at java.util.stream.AbstractPipeline.copyIntoWithCancel(AbstractPipeline.java:499)
	at java.util.stream.AbstractPipeline.copyInto(AbstractPipeline.java:486)
	at java.util.stream.AbstractPipeline.wrapAndCopyInto(AbstractPipeline.java:472)
	at java.util.stream.FindOps$FindOp.evaluateSequential(FindOps.java:152)
	at java.util.stream.AbstractPipeline.evaluate(AbstractPipeline.java:234)
	at java.util.stream.ReferencePipeline.findFirst(ReferencePipeline.java:464)
	at org.openqa.selenium.remote.ProtocolHandshake.createSession(ProtocolHandshake.java:128)
	at org.openqa.selenium.remote.ProtocolHandshake.createSession(ProtocolHandshake.java:74)
	at org.openqa.selenium.remote.HttpCommandExecutor.execute(HttpCommandExecutor.java:136)
	at org.openqa.selenium.remote.service.DriverCommandExecutor.execute(DriverCommandExecutor.java:83)
	at org.openqa.selenium.remote.RemoteWebDriver.execute(RemoteWebDriver.java:552)
	at org.openqa.selenium.remote.RemoteWebDriver.startSession(RemoteWebDriver.java:213)
	at org.openqa.selenium.remote.RemoteWebDriver.&lt;init&gt;(RemoteWebDriver.java:131)
	at org.openqa.selenium.chrome.ChromeDriver.&lt;init&gt;(ChromeDriver.java:181)
	at org.openqa.selenium.chrome.ChromeDriver.&lt;init&gt;(ChromeDriver.java:168)
	at org.openqa.selenium.chrome.ChromeDriver.&lt;init&gt;(ChromeDriver.java:123)
	at com.mco.base.TestBase.initialization(TestBase.java:38)
	at com.mco.tests.HomePageTest.setUp(HomePageTest.java:21)
	at java.util.ArrayList.forEach(ArrayList.java:1259)
... Removed 39 stack frames</div></td></tr></table><p class="totop"><a href="#summary">back to summary</a></p>
<h3 id="m13">com.mco.tests.HomePageTest#contactUsLinkTest</h3><table class="result"><tr><th>Exception</th></tr><tr><td><div class="stacktrace">org.openqa.selenium.SessionNotCreatedException: session not created: This version of ChromeDriver only supports Chrome version 96
Current browser version is 98.0.4758.102 with binary path /Applications/Google Chrome.app/Contents/MacOS/Google Chrome
Build info: version: &apos;3.141.59&apos;, revision: &apos;e82be7d358&apos;, time: &apos;2018-11-14T08:17:03&apos;
System info: host: &apos;khosruzs-MBP.lan&apos;, ip: &apos;2603:7000:ac00:531d:0:0:0:1fc5%en0&apos;, os.name: &apos;Mac OS X&apos;, os.arch: &apos;x86_64&apos;, os.version: &apos;10.16&apos;, java.version: &apos;1.8.0_271&apos;
Driver info: driver.version: ChromeDriver
remote stacktrace: 0   chromedriver                        0x0000000100b65408 __gxx_personality_v0 + 543364
1   chromedriver                        0x0000000100afb138 __gxx_personality_v0 + 108468
2   chromedriver                        0x00000001006fa7d8 chromedriver + 157656
3   chromedriver                        0x000000010071cb88 chromedriver + 297864
4   chromedriver                        0x0000000100719608 chromedriver + 284168
5   chromedriver                        0x0000000100716624 chromedriver + 271908
6   chromedriver                        0x0000000100747e24 chromedriver + 474660
7   chromedriver                        0x000000010071f238 chromedriver + 307768
8   chromedriver                        0x0000000100b28c7c __gxx_personality_v0 + 295672
9   chromedriver                        0x0000000100b3cbd8 __gxx_personality_v0 + 377428
10  chromedriver                        0x0000000100b412b0 __gxx_personality_v0 + 395564
11  chromedriver                        0x0000000100b3d9f8 __gxx_personality_v0 + 381044
12  chromedriver                        0x0000000100b1e754 __gxx_personality_v0 + 253392
13  chromedriver                        0x0000000100b56a38 __gxx_personality_v0 + 483508
14  chromedriver                        0x0000000100b56bac __gxx_personality_v0 + 483880
15  chromedriver                        0x0000000100b6bfec __gxx_personality_v0 + 570984
16  libsystem_pthread.dylib             0x000000019d341240 _pthread_start + 148
17  libsystem_pthread.dylib             0x000000019d33c024 thread_start + 8

	at org.openqa.selenium.remote.W3CHandshakeResponse.lambda$errorHandler$0(W3CHandshakeResponse.java:62)
	at org.openqa.selenium.remote.HandshakeResponse.lambda$getResponseFunction$0(HandshakeResponse.java:30)
	at org.openqa.selenium.remote.ProtocolHandshake.lambda$createSession$0(ProtocolHandshake.java:126)
	at java.util.stream.ReferencePipeline$3$1.accept(ReferencePipeline.java:193)
	at java.util.Spliterators$ArraySpliterator.tryAdvance(Spliterators.java:958)
	at java.util.stream.ReferencePipeline.forEachWithCancel(ReferencePipeline.java:126)
	at java.util.stream.AbstractPipeline.copyIntoWithCancel(AbstractPipeline.java:499)
	at java.util.stream.AbstractPipeline.copyInto(AbstractPipeline.java:486)
	at java.util.stream.AbstractPipeline.wrapAndCopyInto(AbstractPipeline.java:472)
	at java.util.stream.FindOps$FindOp.evaluateSequential(FindOps.java:152)
	at java.util.stream.AbstractPipeline.evaluate(AbstractPipeline.java:234)
	at java.util.stream.ReferencePipeline.findFirst(ReferencePipeline.java:464)
	at org.openqa.selenium.remote.ProtocolHandshake.createSession(ProtocolHandshake.java:128)
	at org.openqa.selenium.remote.ProtocolHandshake.createSession(ProtocolHandshake.java:74)
	at org.openqa.selenium.remote.HttpCommandExecutor.execute(HttpCommandExecutor.java:136)
	at org.openqa.selenium.remote.service.DriverCommandExecutor.execute(DriverCommandExecutor.java:83)
	at org.openqa.selenium.remote.RemoteWebDriver.execute(RemoteWebDriver.java:552)
	at org.openqa.selenium.remote.RemoteWebDriver.startSession(RemoteWebDriver.java:213)
	at org.openqa.selenium.remote.RemoteWebDriver.&lt;init&gt;(RemoteWebDriver.java:131)
	at org.openqa.selenium.chrome.ChromeDriver.&lt;init&gt;(ChromeDriver.java:181)
	at org.openqa.selenium.chrome.ChromeDriver.&lt;init&gt;(ChromeDriver.java:168)
	at org.openqa.selenium.chrome.ChromeDriver.&lt;init&gt;(ChromeDriver.java:123)
	at com.mco.base.TestBase.initialization(TestBase.java:38)
	at com.mco.tests.HomePageTest.setUp(HomePageTest.java:21)
	at java.util.ArrayList.forEach(ArrayList.java:1259)
... Removed 39 stack frames</div></td></tr></table><p class="totop"><a href="#summary">back to summary</a></p>
<h3 id="m14">com.mco.tests.HomePageTest#curencyListTest</h3><table class="result"><tr><th>Exception</th></tr><tr><td><div class="stacktrace">org.openqa.selenium.SessionNotCreatedException: session not created: This version of ChromeDriver only supports Chrome version 96
Current browser version is 98.0.4758.102 with binary path /Applications/Google Chrome.app/Contents/MacOS/Google Chrome
Build info: version: &apos;3.141.59&apos;, revision: &apos;e82be7d358&apos;, time: &apos;2018-11-14T08:17:03&apos;
System info: host: &apos;khosruzs-MBP.lan&apos;, ip: &apos;2603:7000:ac00:531d:0:0:0:1fc5%en0&apos;, os.name: &apos;Mac OS X&apos;, os.arch: &apos;x86_64&apos;, os.version: &apos;10.16&apos;, java.version: &apos;1.8.0_271&apos;
Driver info: driver.version: ChromeDriver
remote stacktrace: 0   chromedriver                        0x0000000100b65408 __gxx_personality_v0 + 543364
1   chromedriver                        0x0000000100afb138 __gxx_personality_v0 + 108468
2   chromedriver                        0x00000001006fa7d8 chromedriver + 157656
3   chromedriver                        0x000000010071cb88 chromedriver + 297864
4   chromedriver                        0x0000000100719608 chromedriver + 284168
5   chromedriver                        0x0000000100716624 chromedriver + 271908
6   chromedriver                        0x0000000100747e24 chromedriver + 474660
7   chromedriver                        0x000000010071f238 chromedriver + 307768
8   chromedriver                        0x0000000100b28c7c __gxx_personality_v0 + 295672
9   chromedriver                        0x0000000100b3cbd8 __gxx_personality_v0 + 377428
10  chromedriver                        0x0000000100b412b0 __gxx_personality_v0 + 395564
11  chromedriver                        0x0000000100b3d9f8 __gxx_personality_v0 + 381044
12  chromedriver                        0x0000000100b1e754 __gxx_personality_v0 + 253392
13  chromedriver                        0x0000000100b56a38 __gxx_personality_v0 + 483508
14  chromedriver                        0x0000000100b56bac __gxx_personality_v0 + 483880
15  chromedriver                        0x0000000100b6bfec __gxx_personality_v0 + 570984
16  libsystem_pthread.dylib             0x000000019d341240 _pthread_start + 148
17  libsystem_pthread.dylib             0x000000019d33c024 thread_start + 8

	at org.openqa.selenium.remote.W3CHandshakeResponse.lambda$errorHandler$0(W3CHandshakeResponse.java:62)
	at org.openqa.selenium.remote.HandshakeResponse.lambda$getResponseFunction$0(HandshakeResponse.java:30)
	at org.openqa.selenium.remote.ProtocolHandshake.lambda$createSession$0(ProtocolHandshake.java:126)
	at java.util.stream.ReferencePipeline$3$1.accept(ReferencePipeline.java:193)
	at java.util.Spliterators$ArraySpliterator.tryAdvance(Spliterators.java:958)
	at java.util.stream.ReferencePipeline.forEachWithCancel(ReferencePipeline.java:126)
	at java.util.stream.AbstractPipeline.copyIntoWithCancel(AbstractPipeline.java:499)
	at java.util.stream.AbstractPipeline.copyInto(AbstractPipeline.java:486)
	at java.util.stream.AbstractPipeline.wrapAndCopyInto(AbstractPipeline.java:472)
	at java.util.stream.FindOps$FindOp.evaluateSequential(FindOps.java:152)
	at java.util.stream.AbstractPipeline.evaluate(AbstractPipeline.java:234)
	at java.util.stream.ReferencePipeline.findFirst(ReferencePipeline.java:464)
	at org.openqa.selenium.remote.ProtocolHandshake.createSession(ProtocolHandshake.java:128)
	at org.openqa.selenium.remote.ProtocolHandshake.createSession(ProtocolHandshake.java:74)
	at org.openqa.selenium.remote.HttpCommandExecutor.execute(HttpCommandExecutor.java:136)
	at org.openqa.selenium.remote.service.DriverCommandExecutor.execute(DriverCommandExecutor.java:83)
	at org.openqa.selenium.remote.RemoteWebDriver.execute(RemoteWebDriver.java:552)
	at org.openqa.selenium.remote.RemoteWebDriver.startSession(RemoteWebDriver.java:213)
	at org.openqa.selenium.remote.RemoteWebDriver.&lt;init&gt;(RemoteWebDriver.java:131)
	at org.openqa.selenium.chrome.ChromeDriver.&lt;init&gt;(ChromeDriver.java:181)
	at org.openqa.selenium.chrome.ChromeDriver.&lt;init&gt;(ChromeDriver.java:168)
	at org.openqa.selenium.chrome.ChromeDriver.&lt;init&gt;(ChromeDriver.java:123)
	at com.mco.base.TestBase.initialization(TestBase.java:38)
	at com.mco.tests.HomePageTest.setUp(HomePageTest.java:21)
	at java.util.ArrayList.forEach(ArrayList.java:1259)
... Removed 39 stack frames</div></td></tr></table><p class="totop"><a href="#summary">back to summary</a></p>
<h3 id="m15">com.mco.tests.HomePageTest#loginSourceButtonTest</h3><table class="result"><tr><th>Exception</th></tr><tr><td><div class="stacktrace">org.openqa.selenium.SessionNotCreatedException: session not created: This version of ChromeDriver only supports Chrome version 96
Current browser version is 98.0.4758.102 with binary path /Applications/Google Chrome.app/Contents/MacOS/Google Chrome
Build info: version: &apos;3.141.59&apos;, revision: &apos;e82be7d358&apos;, time: &apos;2018-11-14T08:17:03&apos;
System info: host: &apos;khosruzs-MBP.lan&apos;, ip: &apos;2603:7000:ac00:531d:0:0:0:1fc5%en0&apos;, os.name: &apos;Mac OS X&apos;, os.arch: &apos;x86_64&apos;, os.version: &apos;10.16&apos;, java.version: &apos;1.8.0_271&apos;
Driver info: driver.version: ChromeDriver
remote stacktrace: 0   chromedriver                        0x0000000100b65408 __gxx_personality_v0 + 543364
1   chromedriver                        0x0000000100afb138 __gxx_personality_v0 + 108468
2   chromedriver                        0x00000001006fa7d8 chromedriver + 157656
3   chromedriver                        0x000000010071cb88 chromedriver + 297864
4   chromedriver                        0x0000000100719608 chromedriver + 284168
5   chromedriver                        0x0000000100716624 chromedriver + 271908
6   chromedriver                        0x0000000100747e24 chromedriver + 474660
7   chromedriver                        0x000000010071f238 chromedriver + 307768
8   chromedriver                        0x0000000100b28c7c __gxx_personality_v0 + 295672
9   chromedriver                        0x0000000100b3cbd8 __gxx_personality_v0 + 377428
10  chromedriver                        0x0000000100b412b0 __gxx_personality_v0 + 395564
11  chromedriver                        0x0000000100b3d9f8 __gxx_personality_v0 + 381044
12  chromedriver                        0x0000000100b1e754 __gxx_personality_v0 + 253392
13  chromedriver                        0x0000000100b56a38 __gxx_personality_v0 + 483508
14  chromedriver                        0x0000000100b56bac __gxx_personality_v0 + 483880
15  chromedriver                        0x0000000100b6bfec __gxx_personality_v0 + 570984
16  libsystem_pthread.dylib             0x000000019d341240 _pthread_start + 148
17  libsystem_pthread.dylib             0x000000019d33c024 thread_start + 8

	at org.openqa.selenium.remote.W3CHandshakeResponse.lambda$errorHandler$0(W3CHandshakeResponse.java:62)
	at org.openqa.selenium.remote.HandshakeResponse.lambda$getResponseFunction$0(HandshakeResponse.java:30)
	at org.openqa.selenium.remote.ProtocolHandshake.lambda$createSession$0(ProtocolHandshake.java:126)
	at java.util.stream.ReferencePipeline$3$1.accept(ReferencePipeline.java:193)
	at java.util.Spliterators$ArraySpliterator.tryAdvance(Spliterators.java:958)
	at java.util.stream.ReferencePipeline.forEachWithCancel(ReferencePipeline.java:126)
	at java.util.stream.AbstractPipeline.copyIntoWithCancel(AbstractPipeline.java:499)
	at java.util.stream.AbstractPipeline.copyInto(AbstractPipeline.java:486)
	at java.util.stream.AbstractPipeline.wrapAndCopyInto(AbstractPipeline.java:472)
	at java.util.stream.FindOps$FindOp.evaluateSequential(FindOps.java:152)
	at java.util.stream.AbstractPipeline.evaluate(AbstractPipeline.java:234)
	at java.util.stream.ReferencePipeline.findFirst(ReferencePipeline.java:464)
	at org.openqa.selenium.remote.ProtocolHandshake.createSession(ProtocolHandshake.java:128)
	at org.openqa.selenium.remote.ProtocolHandshake.createSession(ProtocolHandshake.java:74)
	at org.openqa.selenium.remote.HttpCommandExecutor.execute(HttpCommandExecutor.java:136)
	at org.openqa.selenium.remote.service.DriverCommandExecutor.execute(DriverCommandExecutor.java:83)
	at org.openqa.selenium.remote.RemoteWebDriver.execute(RemoteWebDriver.java:552)
	at org.openqa.selenium.remote.RemoteWebDriver.startSession(RemoteWebDriver.java:213)
	at org.openqa.selenium.remote.RemoteWebDriver.&lt;init&gt;(RemoteWebDriver.java:131)
	at org.openqa.selenium.chrome.ChromeDriver.&lt;init&gt;(ChromeDriver.java:181)
	at org.openqa.selenium.chrome.ChromeDriver.&lt;init&gt;(ChromeDriver.java:168)
	at org.openqa.selenium.chrome.ChromeDriver.&lt;init&gt;(ChromeDriver.java:123)
	at com.mco.base.TestBase.initialization(TestBase.java:38)
	at com.mco.tests.HomePageTest.setUp(HomePageTest.java:21)
	at java.util.ArrayList.forEach(ArrayList.java:1259)
... Removed 39 stack frames</div></td></tr></table><p class="totop"><a href="#summary">back to summary</a></p>
<h3 id="m16">com.mco.tests.HomePageTest#pageTitleTest</h3><table class="result"><tr><th>Exception</th></tr><tr><td><div class="stacktrace">org.openqa.selenium.SessionNotCreatedException: session not created: This version of ChromeDriver only supports Chrome version 96
Current browser version is 98.0.4758.102 with binary path /Applications/Google Chrome.app/Contents/MacOS/Google Chrome
Build info: version: &apos;3.141.59&apos;, revision: &apos;e82be7d358&apos;, time: &apos;2018-11-14T08:17:03&apos;
System info: host: &apos;khosruzs-MBP.lan&apos;, ip: &apos;2603:7000:ac00:531d:0:0:0:1fc5%en0&apos;, os.name: &apos;Mac OS X&apos;, os.arch: &apos;x86_64&apos;, os.version: &apos;10.16&apos;, java.version: &apos;1.8.0_271&apos;
Driver info: driver.version: ChromeDriver
remote stacktrace: 0   chromedriver                        0x0000000100b65408 __gxx_personality_v0 + 543364
1   chromedriver                        0x0000000100afb138 __gxx_personality_v0 + 108468
2   chromedriver                        0x00000001006fa7d8 chromedriver + 157656
3   chromedriver                        0x000000010071cb88 chromedriver + 297864
4   chromedriver                        0x0000000100719608 chromedriver + 284168
5   chromedriver                        0x0000000100716624 chromedriver + 271908
6   chromedriver                        0x0000000100747e24 chromedriver + 474660
7   chromedriver                        0x000000010071f238 chromedriver + 307768
8   chromedriver                        0x0000000100b28c7c __gxx_personality_v0 + 295672
9   chromedriver                        0x0000000100b3cbd8 __gxx_personality_v0 + 377428
10  chromedriver                        0x0000000100b412b0 __gxx_personality_v0 + 395564
11  chromedriver                        0x0000000100b3d9f8 __gxx_personality_v0 + 381044
12  chromedriver                        0x0000000100b1e754 __gxx_personality_v0 + 253392
13  chromedriver                        0x0000000100b56a38 __gxx_personality_v0 + 483508
14  chromedriver                        0x0000000100b56bac __gxx_personality_v0 + 483880
15  chromedriver                        0x0000000100b6bfec __gxx_personality_v0 + 570984
16  libsystem_pthread.dylib             0x000000019d341240 _pthread_start + 148
17  libsystem_pthread.dylib             0x000000019d33c024 thread_start + 8

	at org.openqa.selenium.remote.W3CHandshakeResponse.lambda$errorHandler$0(W3CHandshakeResponse.java:62)
	at org.openqa.selenium.remote.HandshakeResponse.lambda$getResponseFunction$0(HandshakeResponse.java:30)
	at org.openqa.selenium.remote.ProtocolHandshake.lambda$createSession$0(ProtocolHandshake.java:126)
	at java.util.stream.ReferencePipeline$3$1.accept(ReferencePipeline.java:193)
	at java.util.Spliterators$ArraySpliterator.tryAdvance(Spliterators.java:958)
	at java.util.stream.ReferencePipeline.forEachWithCancel(ReferencePipeline.java:126)
	at java.util.stream.AbstractPipeline.copyIntoWithCancel(AbstractPipeline.java:499)
	at java.util.stream.AbstractPipeline.copyInto(AbstractPipeline.java:486)
	at java.util.stream.AbstractPipeline.wrapAndCopyInto(AbstractPipeline.java:472)
	at java.util.stream.FindOps$FindOp.evaluateSequential(FindOps.java:152)
	at java.util.stream.AbstractPipeline.evaluate(AbstractPipeline.java:234)
	at java.util.stream.ReferencePipeline.findFirst(ReferencePipeline.java:464)
	at org.openqa.selenium.remote.ProtocolHandshake.createSession(ProtocolHandshake.java:128)
	at org.openqa.selenium.remote.ProtocolHandshake.createSession(ProtocolHandshake.java:74)
	at org.openqa.selenium.remote.HttpCommandExecutor.execute(HttpCommandExecutor.java:136)
	at org.openqa.selenium.remote.service.DriverCommandExecutor.execute(DriverCommandExecutor.java:83)
	at org.openqa.selenium.remote.RemoteWebDriver.execute(RemoteWebDriver.java:552)
	at org.openqa.selenium.remote.RemoteWebDriver.startSession(RemoteWebDriver.java:213)
	at org.openqa.selenium.remote.RemoteWebDriver.&lt;init&gt;(RemoteWebDriver.java:131)
	at org.openqa.selenium.chrome.ChromeDriver.&lt;init&gt;(ChromeDriver.java:181)
	at org.openqa.selenium.chrome.ChromeDriver.&lt;init&gt;(ChromeDriver.java:168)
	at org.openqa.selenium.chrome.ChromeDriver.&lt;init&gt;(ChromeDriver.java:123)
	at com.mco.base.TestBase.initialization(TestBase.java:38)
	at com.mco.tests.HomePageTest.setUp(HomePageTest.java:21)
	at java.util.ArrayList.forEach(ArrayList.java:1259)
... Removed 39 stack frames</div></td></tr></table><p class="totop"><a href="#summary">back to summary</a></p>
<h3 id="m17">com.mco.tests.HomePageTest#viewCartLinkTest</h3><table class="result"><tr><th>Exception</th></tr><tr><td><div class="stacktrace">org.openqa.selenium.SessionNotCreatedException: session not created: This version of ChromeDriver only supports Chrome version 96
Current browser version is 98.0.4758.102 with binary path /Applications/Google Chrome.app/Contents/MacOS/Google Chrome
Build info: version: &apos;3.141.59&apos;, revision: &apos;e82be7d358&apos;, time: &apos;2018-11-14T08:17:03&apos;
System info: host: &apos;khosruzs-MBP.lan&apos;, ip: &apos;2603:7000:ac00:531d:0:0:0:1fc5%en0&apos;, os.name: &apos;Mac OS X&apos;, os.arch: &apos;x86_64&apos;, os.version: &apos;10.16&apos;, java.version: &apos;1.8.0_271&apos;
Driver info: driver.version: ChromeDriver
remote stacktrace: 0   chromedriver                        0x0000000100b65408 __gxx_personality_v0 + 543364
1   chromedriver                        0x0000000100afb138 __gxx_personality_v0 + 108468
2   chromedriver                        0x00000001006fa7d8 chromedriver + 157656
3   chromedriver                        0x000000010071cb88 chromedriver + 297864
4   chromedriver                        0x0000000100719608 chromedriver + 284168
5   chromedriver                        0x0000000100716624 chromedriver + 271908
6   chromedriver                        0x0000000100747e24 chromedriver + 474660
7   chromedriver                        0x000000010071f238 chromedriver + 307768
8   chromedriver                        0x0000000100b28c7c __gxx_personality_v0 + 295672
9   chromedriver                        0x0000000100b3cbd8 __gxx_personality_v0 + 377428
10  chromedriver                        0x0000000100b412b0 __gxx_personality_v0 + 395564
11  chromedriver                        0x0000000100b3d9f8 __gxx_personality_v0 + 381044
12  chromedriver                        0x0000000100b1e754 __gxx_personality_v0 + 253392
13  chromedriver                        0x0000000100b56a38 __gxx_personality_v0 + 483508
14  chromedriver                        0x0000000100b56bac __gxx_personality_v0 + 483880
15  chromedriver                        0x0000000100b6bfec __gxx_personality_v0 + 570984
16  libsystem_pthread.dylib             0x000000019d341240 _pthread_start + 148
17  libsystem_pthread.dylib             0x000000019d33c024 thread_start + 8

	at org.openqa.selenium.remote.W3CHandshakeResponse.lambda$errorHandler$0(W3CHandshakeResponse.java:62)
	at org.openqa.selenium.remote.HandshakeResponse.lambda$getResponseFunction$0(HandshakeResponse.java:30)
	at org.openqa.selenium.remote.ProtocolHandshake.lambda$createSession$0(ProtocolHandshake.java:126)
	at java.util.stream.ReferencePipeline$3$1.accept(ReferencePipeline.java:193)
	at java.util.Spliterators$ArraySpliterator.tryAdvance(Spliterators.java:958)
	at java.util.stream.ReferencePipeline.forEachWithCancel(ReferencePipeline.java:126)
	at java.util.stream.AbstractPipeline.copyIntoWithCancel(AbstractPipeline.java:499)
	at java.util.stream.AbstractPipeline.copyInto(AbstractPipeline.java:486)
	at java.util.stream.AbstractPipeline.wrapAndCopyInto(AbstractPipeline.java:472)
	at java.util.stream.FindOps$FindOp.evaluateSequential(FindOps.java:152)
	at java.util.stream.AbstractPipeline.evaluate(AbstractPipeline.java:234)
	at java.util.stream.ReferencePipeline.findFirst(ReferencePipeline.java:464)
	at org.openqa.selenium.remote.ProtocolHandshake.createSession(ProtocolHandshake.java:128)
	at org.openqa.selenium.remote.ProtocolHandshake.createSession(ProtocolHandshake.java:74)
	at org.openqa.selenium.remote.HttpCommandExecutor.execute(HttpCommandExecutor.java:136)
	at org.openqa.selenium.remote.service.DriverCommandExecutor.execute(DriverCommandExecutor.java:83)
	at org.openqa.selenium.remote.RemoteWebDriver.execute(RemoteWebDriver.java:552)
	at org.openqa.selenium.remote.RemoteWebDriver.startSession(RemoteWebDriver.java:213)
	at org.openqa.selenium.remote.RemoteWebDriver.&lt;init&gt;(RemoteWebDriver.java:131)
	at org.openqa.selenium.chrome.ChromeDriver.&lt;init&gt;(ChromeDriver.java:181)
	at org.openqa.selenium.chrome.ChromeDriver.&lt;init&gt;(ChromeDriver.java:168)
	at org.openqa.selenium.chrome.ChromeDriver.&lt;init&gt;(ChromeDriver.java:123)
	at com.mco.base.TestBase.initialization(TestBase.java:38)
	at com.mco.tests.HomePageTest.setUp(HomePageTest.java:21)
	at java.util.ArrayList.forEach(ArrayList.java:1259)
... Removed 39 stack frames</div></td></tr></table><p class="totop"><a href="#summary">back to summary</a></p>
</body>
</html>
