<?xml version="1.0" encoding="UTF-8"?>
<testsuite xmlns:xsi="http://www.w3.org/2001/XMLSchema-instance" xsi:noNamespaceSchemaLocation="https://maven.apache.org/surefire/maven-surefire-plugin/xsd/surefire-test-report-3.0.xsd" version="3.0" name="TestSuite" time="3.881" tests="18" errors="0" skipped="17" failures="1">
  <properties>
    <property name="gopherProxySet" value="false"/>
    <property name="awt.toolkit" value="sun.lwawt.macosx.LWCToolkit"/>
    <property name="file.encoding.pkg" value="sun.io"/>
    <property name="java.specification.version" value="1.8"/>
    <property name="webdriver.chrome.driver" value="/Users/khosruzzaman/Drivers/chromedriver"/>
    <property name="sun.cpu.isalist" value=""/>
    <property name="sun.jnu.encoding" value="UTF-8"/>
    <property name="java.class.path" value="/Users/khosruzzaman/FrameWork/MulticartAutomationSuit/target/test-classes:/Users/khosruzzaman/FrameWork/MulticartAutomationSuit/target/classes:/Users/khosruzzaman/.m2/repository/org/seleniumhq/selenium/selenium-java/3.141.59/selenium-java-3.141.59.jar:/Users/khosruzzaman/.m2/repository/org/seleniumhq/selenium/selenium-api/3.141.59/selenium-api-3.141.59.jar:/Users/khosruzzaman/.m2/repository/org/seleniumhq/selenium/selenium-chrome-driver/3.141.59/selenium-chrome-driver-3.141.59.jar:/Users/khosruzzaman/.m2/repository/org/seleniumhq/selenium/selenium-edge-driver/3.141.59/selenium-edge-driver-3.141.59.jar:/Users/khosruzzaman/.m2/repository/org/seleniumhq/selenium/selenium-firefox-driver/3.141.59/selenium-firefox-driver-3.141.59.jar:/Users/khosruzzaman/.m2/repository/org/seleniumhq/selenium/selenium-ie-driver/3.141.59/selenium-ie-driver-3.141.59.jar:/Users/khosruzzaman/.m2/repository/org/seleniumhq/selenium/selenium-opera-driver/3.141.59/selenium-opera-driver-3.141.59.jar:/Users/khosruzzaman/.m2/repository/org/seleniumhq/selenium/selenium-remote-driver/3.141.59/selenium-remote-driver-3.141.59.jar:/Users/khosruzzaman/.m2/repository/org/seleniumhq/selenium/selenium-safari-driver/3.141.59/selenium-safari-driver-3.141.59.jar:/Users/khosruzzaman/.m2/repository/org/seleniumhq/selenium/selenium-support/3.141.59/selenium-support-3.141.59.jar:/Users/khosruzzaman/.m2/repository/net/bytebuddy/byte-buddy/1.8.15/byte-buddy-1.8.15.jar:/Users/khosruzzaman/.m2/repository/org/apache/commons/commons-exec/1.3/commons-exec-1.3.jar:/Users/khosruzzaman/.m2/repository/com/google/guava/guava/25.0-jre/guava-25.0-jre.jar:/Users/khosruzzaman/.m2/repository/com/google/code/findbugs/jsr305/1.3.9/jsr305-1.3.9.jar:/Users/khosruzzaman/.m2/repository/org/checkerframework/checker-compat-qual/2.0.0/checker-compat-qual-2.0.0.jar:/Users/khosruzzaman/.m2/repository/com/google/errorprone/error_prone_annotations/2.1.3/error_prone_annotations-2.1.3.jar:/Users/khosruzzaman/.m2/repository/com/google/j2objc/j2objc-annotations/1.1/j2objc-annotations-1.1.jar:/Users/khosruzzaman/.m2/repository/org/codehaus/mojo/animal-sniffer-annotations/1.14/animal-sniffer-annotations-1.14.jar:/Users/khosruzzaman/.m2/repository/com/squareup/okhttp3/okhttp/3.11.0/okhttp-3.11.0.jar:/Users/khosruzzaman/.m2/repository/com/squareup/okio/okio/1.14.0/okio-1.14.0.jar:/Users/khosruzzaman/.m2/repository/org/testng/testng/7.3.0/testng-7.3.0.jar:/Users/khosruzzaman/.m2/repository/com/beust/jcommander/1.78/jcommander-1.78.jar:/Users/khosruzzaman/.m2/repository/org/apache/ant/ant/1.10.3/ant-1.10.3.jar:/Users/khosruzzaman/.m2/repository/org/apache/ant/ant-launcher/1.10.3/ant-launcher-1.10.3.jar:/Users/khosruzzaman/.m2/repository/com/google/inject/guice/4.2.2/guice-4.2.2-no_aop.jar:/Users/khosruzzaman/.m2/repository/javax/inject/javax.inject/1/javax.inject-1.jar:/Users/khosruzzaman/.m2/repository/aopalliance/aopalliance/1.0/aopalliance-1.0.jar:/Users/khosruzzaman/.m2/repository/org/yaml/snakeyaml/1.21/snakeyaml-1.21.jar:/Users/khosruzzaman/.m2/repository/org/apache/poi/poi/4.1.2/poi-4.1.2.jar:/Users/khosruzzaman/.m2/repository/commons-codec/commons-codec/1.13/commons-codec-1.13.jar:/Users/khosruzzaman/.m2/repository/org/apache/commons/commons-collections4/4.4/commons-collections4-4.4.jar:/Users/khosruzzaman/.m2/repository/org/apache/commons/commons-math3/3.6.1/commons-math3-3.6.1.jar:/Users/khosruzzaman/.m2/repository/com/zaxxer/SparseBitSet/1.2/SparseBitSet-1.2.jar:/Users/khosruzzaman/.m2/repository/org/apache/poi/poi-ooxml/4.1.2/poi-ooxml-4.1.2.jar:/Users/khosruzzaman/.m2/repository/org/apache/commons/commons-compress/1.19/commons-compress-1.19.jar:/Users/khosruzzaman/.m2/repository/com/github/virtuald/curvesapi/1.06/curvesapi-1.06.jar:/Users/khosruzzaman/.m2/repository/org/apache/poi/poi-ooxml-schemas/4.1.2/poi-ooxml-schemas-4.1.2.jar:/Users/khosruzzaman/.m2/repository/org/apache/xmlbeans/xmlbeans/3.1.0/xmlbeans-3.1.0.jar:/Users/khosruzzaman/.m2/repository/org/apache/poi/poi-scratchpad/4.1.2/poi-scratchpad-4.1.2.jar:/Users/khosruzzaman/.m2/repository/org/apache/poi/ooxml-schemas/1.4/ooxml-schemas-1.4.jar:/Users/khosruzzaman/.m2/repository/org/apache/poi/openxml4j/1.0-beta/openxml4j-1.0-beta.jar:/Users/khosruzzaman/.m2/repository/dom4j/dom4j/1.6.1/dom4j-1.6.1.jar:/Users/khosruzzaman/.m2/repository/xml-apis/xml-apis/1.0.b2/xml-apis-1.0.b2.jar:/Users/khosruzzaman/.m2/repository/commons-io/commons-io/2.8.0/commons-io-2.8.0.jar:/Users/khosruzzaman/.m2/repository/log4j/log4j/1.2.17/log4j-1.2.17.jar:/Users/khosruzzaman/.m2/repository/junit/junit/4.13.1/junit-4.13.1.jar:/Users/khosruzzaman/.m2/repository/org/hamcrest/hamcrest-core/1.3/hamcrest-core-1.3.jar:/Users/khosruzzaman/.m2/repository/io/rest-assured/rest-assured/4.3.3/rest-assured-4.3.3.jar:/Users/khosruzzaman/.m2/repository/org/codehaus/groovy/groovy/3.0.7/groovy-3.0.7.jar:/Users/khosruzzaman/.m2/repository/org/codehaus/groovy/groovy-xml/3.0.7/groovy-xml-3.0.7.jar:/Users/khosruzzaman/.m2/repository/org/apache/httpcomponents/httpclient/4.5.3/httpclient-4.5.3.jar:/Users/khosruzzaman/.m2/repository/org/apache/httpcomponents/httpcore/4.4.6/httpcore-4.4.6.jar:/Users/khosruzzaman/.m2/repository/commons-logging/commons-logging/1.2/commons-logging-1.2.jar:/Users/khosruzzaman/.m2/repository/org/apache/httpcomponents/httpmime/4.5.3/httpmime-4.5.3.jar:/Users/khosruzzaman/.m2/repository/org/hamcrest/hamcrest/2.1/hamcrest-2.1.jar:/Users/khosruzzaman/.m2/repository/org/ccil/cowan/tagsoup/tagsoup/1.2.1/tagsoup-1.2.1.jar:/Users/khosruzzaman/.m2/repository/io/rest-assured/json-path/4.3.3/json-path-4.3.3.jar:/Users/khosruzzaman/.m2/repository/org/codehaus/groovy/groovy-json/3.0.7/groovy-json-3.0.7.jar:/Users/khosruzzaman/.m2/repository/io/rest-assured/rest-assured-common/4.3.3/rest-assured-common-4.3.3.jar:/Users/khosruzzaman/.m2/repository/io/rest-assured/xml-path/4.3.3/xml-path-4.3.3.jar:/Users/khosruzzaman/.m2/repository/org/apache/commons/commons-lang3/3.11/commons-lang3-3.11.jar:/Users/khosruzzaman/.m2/repository/jakarta/xml/bind/jakarta.xml.bind-api/2.3.3/jakarta.xml.bind-api-2.3.3.jar:/Users/khosruzzaman/.m2/repository/jakarta/activation/jakarta.activation-api/1.2.2/jakarta.activation-api-1.2.2.jar:/Users/khosruzzaman/.m2/repository/com/sun/xml/bind/jaxb-impl/2.3.3/jaxb-impl-2.3.3.jar:/Users/khosruzzaman/.m2/repository/com/googlecode/json-simple/json-simple/1.1.1/json-simple-1.1.1.jar:/Users/khosruzzaman/.m2/repository/com/relevantcodes/extentreports/2.41.2/extentreports-2.41.2.jar:/Users/khosruzzaman/.m2/repository/org/jsoup/jsoup/1.8.3/jsoup-1.8.3.jar:/Users/khosruzzaman/.m2/repository/org/xerial/sqlite-jdbc/3.8.11.1/sqlite-jdbc-3.8.11.1.jar:/Users/khosruzzaman/.m2/repository/org/freemarker/freemarker/2.3.23/freemarker-2.3.23.jar:/Users/khosruzzaman/.m2/repository/org/mongodb/mongodb-driver/3.0.4/mongodb-driver-3.0.4.jar:/Users/khosruzzaman/.m2/repository/org/mongodb/bson/3.0.4/bson-3.0.4.jar:/Users/khosruzzaman/.m2/repository/org/mongodb/mongodb-driver-core/3.0.4/mongodb-driver-core-3.0.4.jar:"/>
    <property name="java.vm.vendor" value="Oracle Corporation"/>
    <property name="sun.arch.data.model" value="64"/>
    <property name="java.vendor.url" value="http://java.oracle.com/"/>
    <property name="user.timezone" value="America/New_York"/>
    <property name="java.vm.specification.version" value="1.8"/>
    <property name="os.name" value="Mac OS X"/>
    <property name="user.country" value="US"/>
    <property name="sun.java.launcher" value="SUN_STANDARD"/>
    <property name="sun.boot.library.path" value="/Library/Java/JavaVirtualMachines/jdk1.8.0_271.jdk/Contents/Home/jre/lib"/>
    <property name="sun.java.command" value="/Users/khosruzzaman/FrameWork/MulticartAutomationSuit/target/surefire/surefirebooter5666401360525644011.jar /Users/khosruzzaman/FrameWork/MulticartAutomationSuit/target/surefire 2022-02-21T23-53-55_954-jvmRun1 surefire7234215689341044871tmp surefire_01338742397189060777tmp"/>
    <property name="http.nonProxyHosts" value="local|*.local|169.254/16|*.169.254/16"/>
    <property name="surefire.test.class.path" value="/Users/khosruzzaman/FrameWork/MulticartAutomationSuit/target/test-classes:/Users/khosruzzaman/FrameWork/MulticartAutomationSuit/target/classes:/Users/khosruzzaman/.m2/repository/org/seleniumhq/selenium/selenium-java/3.141.59/selenium-java-3.141.59.jar:/Users/khosruzzaman/.m2/repository/org/seleniumhq/selenium/selenium-api/3.141.59/selenium-api-3.141.59.jar:/Users/khosruzzaman/.m2/repository/org/seleniumhq/selenium/selenium-chrome-driver/3.141.59/selenium-chrome-driver-3.141.59.jar:/Users/khosruzzaman/.m2/repository/org/seleniumhq/selenium/selenium-edge-driver/3.141.59/selenium-edge-driver-3.141.59.jar:/Users/khosruzzaman/.m2/repository/org/seleniumhq/selenium/selenium-firefox-driver/3.141.59/selenium-firefox-driver-3.141.59.jar:/Users/khosruzzaman/.m2/repository/org/seleniumhq/selenium/selenium-ie-driver/3.141.59/selenium-ie-driver-3.141.59.jar:/Users/khosruzzaman/.m2/repository/org/seleniumhq/selenium/selenium-opera-driver/3.141.59/selenium-opera-driver-3.141.59.jar:/Users/khosruzzaman/.m2/repository/org/seleniumhq/selenium/selenium-remote-driver/3.141.59/selenium-remote-driver-3.141.59.jar:/Users/khosruzzaman/.m2/repository/org/seleniumhq/selenium/selenium-safari-driver/3.141.59/selenium-safari-driver-3.141.59.jar:/Users/khosruzzaman/.m2/repository/org/seleniumhq/selenium/selenium-support/3.141.59/selenium-support-3.141.59.jar:/Users/khosruzzaman/.m2/repository/net/bytebuddy/byte-buddy/1.8.15/byte-buddy-1.8.15.jar:/Users/khosruzzaman/.m2/repository/org/apache/commons/commons-exec/1.3/commons-exec-1.3.jar:/Users/khosruzzaman/.m2/repository/com/google/guava/guava/25.0-jre/guava-25.0-jre.jar:/Users/khosruzzaman/.m2/repository/com/google/code/findbugs/jsr305/1.3.9/jsr305-1.3.9.jar:/Users/khosruzzaman/.m2/repository/org/checkerframework/checker-compat-qual/2.0.0/checker-compat-qual-2.0.0.jar:/Users/khosruzzaman/.m2/repository/com/google/errorprone/error_prone_annotations/2.1.3/error_prone_annotations-2.1.3.jar:/Users/khosruzzaman/.m2/repository/com/google/j2objc/j2objc-annotations/1.1/j2objc-annotations-1.1.jar:/Users/khosruzzaman/.m2/repository/org/codehaus/mojo/animal-sniffer-annotations/1.14/animal-sniffer-annotations-1.14.jar:/Users/khosruzzaman/.m2/repository/com/squareup/okhttp3/okhttp/3.11.0/okhttp-3.11.0.jar:/Users/khosruzzaman/.m2/repository/com/squareup/okio/okio/1.14.0/okio-1.14.0.jar:/Users/khosruzzaman/.m2/repository/org/testng/testng/7.3.0/testng-7.3.0.jar:/Users/khosruzzaman/.m2/repository/com/beust/jcommander/1.78/jcommander-1.78.jar:/Users/khosruzzaman/.m2/repository/org/apache/ant/ant/1.10.3/ant-1.10.3.jar:/Users/khosruzzaman/.m2/repository/org/apache/ant/ant-launcher/1.10.3/ant-launcher-1.10.3.jar:/Users/khosruzzaman/.m2/repository/com/google/inject/guice/4.2.2/guice-4.2.2-no_aop.jar:/Users/khosruzzaman/.m2/repository/javax/inject/javax.inject/1/javax.inject-1.jar:/Users/khosruzzaman/.m2/repository/aopalliance/aopalliance/1.0/aopalliance-1.0.jar:/Users/khosruzzaman/.m2/repository/org/yaml/snakeyaml/1.21/snakeyaml-1.21.jar:/Users/khosruzzaman/.m2/repository/org/apache/poi/poi/4.1.2/poi-4.1.2.jar:/Users/khosruzzaman/.m2/repository/commons-codec/commons-codec/1.13/commons-codec-1.13.jar:/Users/khosruzzaman/.m2/repository/org/apache/commons/commons-collections4/4.4/commons-collections4-4.4.jar:/Users/khosruzzaman/.m2/repository/org/apache/commons/commons-math3/3.6.1/commons-math3-3.6.1.jar:/Users/khosruzzaman/.m2/repository/com/zaxxer/SparseBitSet/1.2/SparseBitSet-1.2.jar:/Users/khosruzzaman/.m2/repository/org/apache/poi/poi-ooxml/4.1.2/poi-ooxml-4.1.2.jar:/Users/khosruzzaman/.m2/repository/org/apache/commons/commons-compress/1.19/commons-compress-1.19.jar:/Users/khosruzzaman/.m2/repository/com/github/virtuald/curvesapi/1.06/curvesapi-1.06.jar:/Users/khosruzzaman/.m2/repository/org/apache/poi/poi-ooxml-schemas/4.1.2/poi-ooxml-schemas-4.1.2.jar:/Users/khosruzzaman/.m2/repository/org/apache/xmlbeans/xmlbeans/3.1.0/xmlbeans-3.1.0.jar:/Users/khosruzzaman/.m2/repository/org/apache/poi/poi-scratchpad/4.1.2/poi-scratchpad-4.1.2.jar:/Users/khosruzzaman/.m2/repository/org/apache/poi/ooxml-schemas/1.4/ooxml-schemas-1.4.jar:/Users/khosruzzaman/.m2/repository/org/apache/poi/openxml4j/1.0-beta/openxml4j-1.0-beta.jar:/Users/khosruzzaman/.m2/repository/dom4j/dom4j/1.6.1/dom4j-1.6.1.jar:/Users/khosruzzaman/.m2/repository/xml-apis/xml-apis/1.0.b2/xml-apis-1.0.b2.jar:/Users/khosruzzaman/.m2/repository/commons-io/commons-io/2.8.0/commons-io-2.8.0.jar:/Users/khosruzzaman/.m2/repository/log4j/log4j/1.2.17/log4j-1.2.17.jar:/Users/khosruzzaman/.m2/repository/junit/junit/4.13.1/junit-4.13.1.jar:/Users/khosruzzaman/.m2/repository/org/hamcrest/hamcrest-core/1.3/hamcrest-core-1.3.jar:/Users/khosruzzaman/.m2/repository/io/rest-assured/rest-assured/4.3.3/rest-assured-4.3.3.jar:/Users/khosruzzaman/.m2/repository/org/codehaus/groovy/groovy/3.0.7/groovy-3.0.7.jar:/Users/khosruzzaman/.m2/repository/org/codehaus/groovy/groovy-xml/3.0.7/groovy-xml-3.0.7.jar:/Users/khosruzzaman/.m2/repository/org/apache/httpcomponents/httpclient/4.5.3/httpclient-4.5.3.jar:/Users/khosruzzaman/.m2/repository/org/apache/httpcomponents/httpcore/4.4.6/httpcore-4.4.6.jar:/Users/khosruzzaman/.m2/repository/commons-logging/commons-logging/1.2/commons-logging-1.2.jar:/Users/khosruzzaman/.m2/repository/org/apache/httpcomponents/httpmime/4.5.3/httpmime-4.5.3.jar:/Users/khosruzzaman/.m2/repository/org/hamcrest/hamcrest/2.1/hamcrest-2.1.jar:/Users/khosruzzaman/.m2/repository/org/ccil/cowan/tagsoup/tagsoup/1.2.1/tagsoup-1.2.1.jar:/Users/khosruzzaman/.m2/repository/io/rest-assured/json-path/4.3.3/json-path-4.3.3.jar:/Users/khosruzzaman/.m2/repository/org/codehaus/groovy/groovy-json/3.0.7/groovy-json-3.0.7.jar:/Users/khosruzzaman/.m2/repository/io/rest-assured/rest-assured-common/4.3.3/rest-assured-common-4.3.3.jar:/Users/khosruzzaman/.m2/repository/io/rest-assured/xml-path/4.3.3/xml-path-4.3.3.jar:/Users/khosruzzaman/.m2/repository/org/apache/commons/commons-lang3/3.11/commons-lang3-3.11.jar:/Users/khosruzzaman/.m2/repository/jakarta/xml/bind/jakarta.xml.bind-api/2.3.3/jakarta.xml.bind-api-2.3.3.jar:/Users/khosruzzaman/.m2/repository/jakarta/activation/jakarta.activation-api/1.2.2/jakarta.activation-api-1.2.2.jar:/Users/khosruzzaman/.m2/repository/com/sun/xml/bind/jaxb-impl/2.3.3/jaxb-impl-2.3.3.jar:/Users/khosruzzaman/.m2/repository/com/googlecode/json-simple/json-simple/1.1.1/json-simple-1.1.1.jar:/Users/khosruzzaman/.m2/repository/com/relevantcodes/extentreports/2.41.2/extentreports-2.41.2.jar:/Users/khosruzzaman/.m2/repository/org/jsoup/jsoup/1.8.3/jsoup-1.8.3.jar:/Users/khosruzzaman/.m2/repository/org/xerial/sqlite-jdbc/3.8.11.1/sqlite-jdbc-3.8.11.1.jar:/Users/khosruzzaman/.m2/repository/org/freemarker/freemarker/2.3.23/freemarker-2.3.23.jar:/Users/khosruzzaman/.m2/repository/org/mongodb/mongodb-driver/3.0.4/mongodb-driver-3.0.4.jar:/Users/khosruzzaman/.m2/repository/org/mongodb/bson/3.0.4/bson-3.0.4.jar:/Users/khosruzzaman/.m2/repository/org/mongodb/mongodb-driver-core/3.0.4/mongodb-driver-core-3.0.4.jar:"/>
    <property name="sun.cpu.endian" value="little"/>
    <property name="user.home" value="/Users/khosruzzaman"/>
    <property name="user.language" value="en"/>
    <property name="java.specification.vendor" value="Oracle Corporation"/>
    <property name="java.home" value="/Library/Java/JavaVirtualMachines/jdk1.8.0_271.jdk/Contents/Home/jre"/>
    <property name="basedir" value="/Users/khosruzzaman/FrameWork/MulticartAutomationSuit"/>
    <property name="file.separator" value="/"/>
    <property name="line.separator" value="&#10;"/>
    <property name="java.vm.specification.vendor" value="Oracle Corporation"/>
    <property name="java.specification.name" value="Java Platform API Specification"/>
    <property name="java.awt.graphicsenv" value="sun.awt.CGraphicsEnvironment"/>
    <property name="surefire.real.class.path" value="/Users/khosruzzaman/FrameWork/MulticartAutomationSuit/target/surefire/surefirebooter5666401360525644011.jar"/>
    <property name="sun.boot.class.path" value="/Library/Java/JavaVirtualMachines/jdk1.8.0_271.jdk/Contents/Home/jre/lib/resources.jar:/Library/Java/JavaVirtualMachines/jdk1.8.0_271.jdk/Contents/Home/jre/lib/rt.jar:/Library/Java/JavaVirtualMachines/jdk1.8.0_271.jdk/Contents/Home/jre/lib/sunrsasign.jar:/Library/Java/JavaVirtualMachines/jdk1.8.0_271.jdk/Contents/Home/jre/lib/jsse.jar:/Library/Java/JavaVirtualMachines/jdk1.8.0_271.jdk/Contents/Home/jre/lib/jce.jar:/Library/Java/JavaVirtualMachines/jdk1.8.0_271.jdk/Contents/Home/jre/lib/charsets.jar:/Library/Java/JavaVirtualMachines/jdk1.8.0_271.jdk/Contents/Home/jre/lib/jfr.jar:/Library/Java/JavaVirtualMachines/jdk1.8.0_271.jdk/Contents/Home/jre/classes"/>
    <property name="sun.management.compiler" value="HotSpot 64-Bit Tiered Compilers"/>
    <property name="ftp.nonProxyHosts" value="local|*.local|169.254/16|*.169.254/16"/>
    <property name="java.runtime.version" value="1.8.0_271-b09"/>
    <property name="user.name" value="khosruzzaman"/>
    <property name="path.separator" value=":"/>
    <property name="os.version" value="10.16"/>
    <property name="java.endorsed.dirs" value="/Library/Java/JavaVirtualMachines/jdk1.8.0_271.jdk/Contents/Home/jre/lib/endorsed"/>
    <property name="java.runtime.name" value="Java(TM) SE Runtime Environment"/>
    <property name="file.encoding" value="UTF-8"/>
    <property name="java.vm.name" value="Java HotSpot(TM) 64-Bit Server VM"/>
    <property name="localRepository" value="/Users/khosruzzaman/.m2/repository"/>
    <property name="java.vendor.url.bug" value="http://bugreport.sun.com/bugreport/"/>
    <property name="java.io.tmpdir" value="/var/folders/bc/mchjvc256mb9rykdt6l_v_jc0000gn/T/"/>
    <property name="java.version" value="1.8.0_271"/>
    <property name="user.dir" value="/Users/khosruzzaman/FrameWork/MulticartAutomationSuit"/>
    <property name="os.arch" value="x86_64"/>
    <property name="java.vm.specification.name" value="Java Virtual Machine Specification"/>
    <property name="java.awt.printerjob" value="sun.lwawt.macosx.CPrinterJob"/>
    <property name="sun.os.patch.level" value="unknown"/>
    <property name="java.library.path" value="/Users/khosruzzaman/Library/Java/Extensions:/Library/Java/Extensions:/Network/Library/Java/Extensions:/System/Library/Java/Extensions:/usr/lib/java:."/>
    <property name="java.vm.info" value="mixed mode"/>
    <property name="java.vendor" value="Oracle Corporation"/>
    <property name="java.vm.version" value="25.271-b09"/>
    <property name="java.ext.dirs" value="/Users/khosruzzaman/Library/Java/Extensions:/Library/Java/JavaVirtualMachines/jdk1.8.0_271.jdk/Contents/Home/jre/lib/ext:/Library/Java/Extensions:/Network/Library/Java/Extensions:/System/Library/Java/Extensions:/usr/lib/java"/>
    <property name="sun.io.unicode.encoding" value="UnicodeBig"/>
    <property name="java.class.version" value="52.0"/>
    <property name="socksNonProxyHosts" value="local|*.local|169.254/16|*.169.254/16"/>
  </properties>
  <testcase name="setUp" classname="com.mco.tests.HomePageTest" time="2.918">
    <failure message="session not created: This version of ChromeDriver only supports Chrome version 96&#10;Current browser version is 98.0.4758.102 with binary path /Applications/Google Chrome.app/Contents/MacOS/Google Chrome&#10;Build info: version: &apos;3.141.59&apos;, revision: &apos;e82be7d358&apos;, time: &apos;2018-11-14T08:17:03&apos;&#10;System info: host: &apos;khosruzs-MBP.lan&apos;, ip: &apos;2603:7000:ac00:531d:0:0:0:1fc5%en0&apos;, os.name: &apos;Mac OS X&apos;, os.arch: &apos;x86_64&apos;, os.version: &apos;10.16&apos;, java.version: &apos;1.8.0_271&apos;&#10;Driver info: driver.version: ChromeDriver&#10;remote stacktrace: 0   chromedriver                        0x0000000100b65408 __gxx_personality_v0 + 543364&#10;1   chromedriver                        0x0000000100afb138 __gxx_personality_v0 + 108468&#10;2   chromedriver                        0x00000001006fa7d8 chromedriver + 157656&#10;3   chromedriver                        0x000000010071cb88 chromedriver + 297864&#10;4   chromedriver                        0x0000000100719608 chromedriver + 284168&#10;5   chromedriver                        0x0000000100716624 chromedriver + 271908&#10;6   chromedriver                        0x0000000100747e24 chromedriver + 474660&#10;7   chromedriver                        0x000000010071f238 chromedriver + 307768&#10;8   chromedriver                        0x0000000100b28c7c __gxx_personality_v0 + 295672&#10;9   chromedriver                        0x0000000100b3cbd8 __gxx_personality_v0 + 377428&#10;10  chromedriver                        0x0000000100b412b0 __gxx_personality_v0 + 395564&#10;11  chromedriver                        0x0000000100b3d9f8 __gxx_personality_v0 + 381044&#10;12  chromedriver                        0x0000000100b1e754 __gxx_personality_v0 + 253392&#10;13  chromedriver                        0x0000000100b56a38 __gxx_personality_v0 + 483508&#10;14  chromedriver                        0x0000000100b56bac __gxx_personality_v0 + 483880&#10;15  chromedriver                        0x0000000100b6bfec __gxx_personality_v0 + 570984&#10;16  libsystem_pthread.dylib             0x000000019d341240 _pthread_start + 148&#10;17  libsystem_pthread.dylib             0x000000019d33c024 thread_start + 8&#10;" type="org.openqa.selenium.SessionNotCreatedException"><![CDATA[org.openqa.selenium.SessionNotCreatedException: 
session not created: This version of ChromeDriver only supports Chrome version 96
Current browser version is 98.0.4758.102 with binary path /Applications/Google Chrome.app/Contents/MacOS/Google Chrome
Build info: version: '3.141.59', revision: 'e82be7d358', time: '2018-11-14T08:17:03'
System info: host: 'khosruzs-MBP.lan', ip: '2603:7000:ac00:531d:0:0:0:1fc5%en0', os.name: 'Mac OS X', os.arch: 'x86_64', os.version: '10.16', java.version: '1.8.0_271'
Driver info: driver.version: ChromeDriver
remote stacktrace: 0   chromedriver                        0x0000000100b65408 __gxx_personality_v0 + 543364
1   chromedriver                        0x0000000100afb138 __gxx_personality_v0 + 108468
2   chromedriver                        0x00000001006fa7d8 chromedriver + 157656
3   chromedriver                        0x000000010071cb88 chromedriver + 297864
4   chromedriver                        0x0000000100719608 chromedriver + 284168
5   chromedriver                        0x0000000100716624 chromedriver + 271908
6   chromedriver                        0x0000000100747e24 chromedriver + 474660
7   chromedriver                        0x000000010071f238 chromedriver + 307768
8   chromedriver                        0x0000000100b28c7c __gxx_personality_v0 + 295672
9   chromedriver                        0x0000000100b3cbd8 __gxx_personality_v0 + 377428
10  chromedriver                        0x0000000100b412b0 __gxx_personality_v0 + 395564
11  chromedriver                        0x0000000100b3d9f8 __gxx_personality_v0 + 381044
12  chromedriver                        0x0000000100b1e754 __gxx_personality_v0 + 253392
13  chromedriver                        0x0000000100b56a38 __gxx_personality_v0 + 483508
14  chromedriver                        0x0000000100b56bac __gxx_personality_v0 + 483880
15  chromedriver                        0x0000000100b6bfec __gxx_personality_v0 + 570984
16  libsystem_pthread.dylib             0x000000019d341240 _pthread_start + 148
17  libsystem_pthread.dylib             0x000000019d33c024 thread_start + 8

	at com.mco.tests.HomePageTest.setUp(HomePageTest.java:21)
]]></failure>
    <system-err><![CDATA[Starting ChromeDriver 96.0.4664.45 (76e4c1bb2ab4671b8beba3444e61c0f17584b2fc-refs/branch-heads/4664@{#947}) on port 6342
Only local connections are allowed.
Please see https://chromedriver.chromium.org/security-considerations for suggestions on keeping ChromeDriver safe.
ChromeDriver was started successfully.
]]></system-err>
  </testcase>
  <testcase name="setUp" classname="com.mco.tests.HomePageTest" time="0">
    <skipped/>
  </testcase>
  <testcase name="setUp" classname="com.mco.tests.HomePageTest" time="0">
    <skipped/>
  </testcase>
  <testcase name="setUp" classname="com.mco.tests.HomePageTest" time="0">
    <skipped/>
  </testcase>
  <testcase name="setUp" classname="com.mco.tests.HomePageTest" time="0">
    <skipped/>
  </testcase>
  <testcase name="setUp" classname="com.mco.tests.HomePageTest" time="0">
    <skipped/>
  </testcase>
  <testcase name="pageTitleTest" classname="com.mco.tests.HomePageTest" time="0">
    <skipped message="session not created: This version of ChromeDriver only supports Chrome version 96&#10;Current browser version is 98.0.4758.102 with binary path /Applications/Google Chrome.app/Contents/MacOS/Google Chrome&#10;Build info: version: &apos;3.141.59&apos;, revision: &apos;e82be7d358&apos;, time: &apos;2018-11-14T08:17:03&apos;&#10;System info: host: &apos;khosruzs-MBP.lan&apos;, ip: &apos;2603:7000:ac00:531d:0:0:0:1fc5%en0&apos;, os.name: &apos;Mac OS X&apos;, os.arch: &apos;x86_64&apos;, os.version: &apos;10.16&apos;, java.version: &apos;1.8.0_271&apos;&#10;Driver info: driver.version: ChromeDriver&#10;remote stacktrace: 0   chromedriver                        0x0000000100b65408 __gxx_personality_v0 + 543364&#10;1   chromedriver                        0x0000000100afb138 __gxx_personality_v0 + 108468&#10;2   chromedriver                        0x00000001006fa7d8 chromedriver + 157656&#10;3   chromedriver                        0x000000010071cb88 chromedriver + 297864&#10;4   chromedriver                        0x0000000100719608 chromedriver + 284168&#10;5   chromedriver                        0x0000000100716624 chromedriver + 271908&#10;6   chromedriver                        0x0000000100747e24 chromedriver + 474660&#10;7   chromedriver                        0x000000010071f238 chromedriver + 307768&#10;8   chromedriver                        0x0000000100b28c7c __gxx_personality_v0 + 295672&#10;9   chromedriver                        0x0000000100b3cbd8 __gxx_personality_v0 + 377428&#10;10  chromedriver                        0x0000000100b412b0 __gxx_personality_v0 + 395564&#10;11  chromedriver                        0x0000000100b3d9f8 __gxx_personality_v0 + 381044&#10;12  chromedriver                        0x0000000100b1e754 __gxx_personality_v0 + 253392&#10;13  chromedriver                        0x0000000100b56a38 __gxx_personality_v0 + 483508&#10;14  chromedriver                        0x0000000100b56bac __gxx_personality_v0 + 483880&#10;15  chromedriver                        0x0000000100b6bfec __gxx_personality_v0 + 570984&#10;16  libsystem_pthread.dylib             0x000000019d341240 _pthread_start + 148&#10;17  libsystem_pthread.dylib             0x000000019d33c024 thread_start + 8&#10;"/>
  </testcase>
  <testcase name="tearDown" classname="com.mco.tests.HomePageTest" time="0">
    <skipped/>
  </testcase>
  <testcase name="tearDown" classname="com.mco.tests.HomePageTest" time="0">
    <skipped/>
  </testcase>
  <testcase name="tearDown" classname="com.mco.tests.HomePageTest" time="0">
    <skipped/>
  </testcase>
  <testcase name="tearDown" classname="com.mco.tests.HomePageTest" time="0">
    <skipped/>
  </testcase>
  <testcase name="tearDown" classname="com.mco.tests.HomePageTest" time="0">
    <skipped/>
  </testcase>
  <testcase name="tearDown" classname="com.mco.tests.HomePageTest" time="0">
    <skipped/>
  </testcase>
  <testcase name="loginSourceButtonTest" classname="com.mco.tests.HomePageTest" time="0">
    <skipped message="session not created: This version of ChromeDriver only supports Chrome version 96&#10;Current browser version is 98.0.4758.102 with binary path /Applications/Google Chrome.app/Contents/MacOS/Google Chrome&#10;Build info: version: &apos;3.141.59&apos;, revision: &apos;e82be7d358&apos;, time: &apos;2018-11-14T08:17:03&apos;&#10;System info: host: &apos;khosruzs-MBP.lan&apos;, ip: &apos;2603:7000:ac00:531d:0:0:0:1fc5%en0&apos;, os.name: &apos;Mac OS X&apos;, os.arch: &apos;x86_64&apos;, os.version: &apos;10.16&apos;, java.version: &apos;1.8.0_271&apos;&#10;Driver info: driver.version: ChromeDriver&#10;remote stacktrace: 0   chromedriver                        0x0000000100b65408 __gxx_personality_v0 + 543364&#10;1   chromedriver                        0x0000000100afb138 __gxx_personality_v0 + 108468&#10;2   chromedriver                        0x00000001006fa7d8 chromedriver + 157656&#10;3   chromedriver                        0x000000010071cb88 chromedriver + 297864&#10;4   chromedriver                        0x0000000100719608 chromedriver + 284168&#10;5   chromedriver                        0x0000000100716624 chromedriver + 271908&#10;6   chromedriver                        0x0000000100747e24 chromedriver + 474660&#10;7   chromedriver                        0x000000010071f238 chromedriver + 307768&#10;8   chromedriver                        0x0000000100b28c7c __gxx_personality_v0 + 295672&#10;9   chromedriver                        0x0000000100b3cbd8 __gxx_personality_v0 + 377428&#10;10  chromedriver                        0x0000000100b412b0 __gxx_personality_v0 + 395564&#10;11  chromedriver                        0x0000000100b3d9f8 __gxx_personality_v0 + 381044&#10;12  chromedriver                        0x0000000100b1e754 __gxx_personality_v0 + 253392&#10;13  chromedriver                        0x0000000100b56a38 __gxx_personality_v0 + 483508&#10;14  chromedriver                        0x0000000100b56bac __gxx_personality_v0 + 483880&#10;15  chromedriver                        0x0000000100b6bfec __gxx_personality_v0 + 570984&#10;16  libsystem_pthread.dylib             0x000000019d341240 _pthread_start + 148&#10;17  libsystem_pthread.dylib             0x000000019d33c024 thread_start + 8&#10;"/>
  </testcase>
  <testcase name="aboutUsLinkTest" classname="com.mco.tests.HomePageTest" time="0">
    <skipped message="session not created: This version of ChromeDriver only supports Chrome version 96&#10;Current browser version is 98.0.4758.102 with binary path /Applications/Google Chrome.app/Contents/MacOS/Google Chrome&#10;Build info: version: &apos;3.141.59&apos;, revision: &apos;e82be7d358&apos;, time: &apos;2018-11-14T08:17:03&apos;&#10;System info: host: &apos;khosruzs-MBP.lan&apos;, ip: &apos;2603:7000:ac00:531d:0:0:0:1fc5%en0&apos;, os.name: &apos;Mac OS X&apos;, os.arch: &apos;x86_64&apos;, os.version: &apos;10.16&apos;, java.version: &apos;1.8.0_271&apos;&#10;Driver info: driver.version: ChromeDriver&#10;remote stacktrace: 0   chromedriver                        0x0000000100b65408 __gxx_personality_v0 + 543364&#10;1   chromedriver                        0x0000000100afb138 __gxx_personality_v0 + 108468&#10;2   chromedriver                        0x00000001006fa7d8 chromedriver + 157656&#10;3   chromedriver                        0x000000010071cb88 chromedriver + 297864&#10;4   chromedriver                        0x0000000100719608 chromedriver + 284168&#10;5   chromedriver                        0x0000000100716624 chromedriver + 271908&#10;6   chromedriver                        0x0000000100747e24 chromedriver + 474660&#10;7   chromedriver                        0x000000010071f238 chromedriver + 307768&#10;8   chromedriver                        0x0000000100b28c7c __gxx_personality_v0 + 295672&#10;9   chromedriver                        0x0000000100b3cbd8 __gxx_personality_v0 + 377428&#10;10  chromedriver                        0x0000000100b412b0 __gxx_personality_v0 + 395564&#10;11  chromedriver                        0x0000000100b3d9f8 __gxx_personality_v0 + 381044&#10;12  chromedriver                        0x0000000100b1e754 __gxx_personality_v0 + 253392&#10;13  chromedriver                        0x0000000100b56a38 __gxx_personality_v0 + 483508&#10;14  chromedriver                        0x0000000100b56bac __gxx_personality_v0 + 483880&#10;15  chromedriver                        0x0000000100b6bfec __gxx_personality_v0 + 570984&#10;16  libsystem_pthread.dylib             0x000000019d341240 _pthread_start + 148&#10;17  libsystem_pthread.dylib             0x000000019d33c024 thread_start + 8&#10;"/>
  </testcase>
  <testcase name="contactUsLinkTest" classname="com.mco.tests.HomePageTest" time="0">
    <skipped message="session not created: This version of ChromeDriver only supports Chrome version 96&#10;Current browser version is 98.0.4758.102 with binary path /Applications/Google Chrome.app/Contents/MacOS/Google Chrome&#10;Build info: version: &apos;3.141.59&apos;, revision: &apos;e82be7d358&apos;, time: &apos;2018-11-14T08:17:03&apos;&#10;System info: host: &apos;khosruzs-MBP.lan&apos;, ip: &apos;2603:7000:ac00:531d:0:0:0:1fc5%en0&apos;, os.name: &apos;Mac OS X&apos;, os.arch: &apos;x86_64&apos;, os.version: &apos;10.16&apos;, java.version: &apos;1.8.0_271&apos;&#10;Driver info: driver.version: ChromeDriver&#10;remote stacktrace: 0   chromedriver                        0x0000000100b65408 __gxx_personality_v0 + 543364&#10;1   chromedriver                        0x0000000100afb138 __gxx_personality_v0 + 108468&#10;2   chromedriver                        0x00000001006fa7d8 chromedriver + 157656&#10;3   chromedriver                        0x000000010071cb88 chromedriver + 297864&#10;4   chromedriver                        0x0000000100719608 chromedriver + 284168&#10;5   chromedriver                        0x0000000100716624 chromedriver + 271908&#10;6   chromedriver                        0x0000000100747e24 chromedriver + 474660&#10;7   chromedriver                        0x000000010071f238 chromedriver + 307768&#10;8   chromedriver                        0x0000000100b28c7c __gxx_personality_v0 + 295672&#10;9   chromedriver                        0x0000000100b3cbd8 __gxx_personality_v0 + 377428&#10;10  chromedriver                        0x0000000100b412b0 __gxx_personality_v0 + 395564&#10;11  chromedriver                        0x0000000100b3d9f8 __gxx_personality_v0 + 381044&#10;12  chromedriver                        0x0000000100b1e754 __gxx_personality_v0 + 253392&#10;13  chromedriver                        0x0000000100b56a38 __gxx_personality_v0 + 483508&#10;14  chromedriver                        0x0000000100b56bac __gxx_personality_v0 + 483880&#10;15  chromedriver                        0x0000000100b6bfec __gxx_personality_v0 + 570984&#10;16  libsystem_pthread.dylib             0x000000019d341240 _pthread_start + 148&#10;17  libsystem_pthread.dylib             0x000000019d33c024 thread_start + 8&#10;"/>
  </testcase>
  <testcase name="viewCartLinkTest" classname="com.mco.tests.HomePageTest" time="0">
    <skipped message="session not created: This version of ChromeDriver only supports Chrome version 96&#10;Current browser version is 98.0.4758.102 with binary path /Applications/Google Chrome.app/Contents/MacOS/Google Chrome&#10;Build info: version: &apos;3.141.59&apos;, revision: &apos;e82be7d358&apos;, time: &apos;2018-11-14T08:17:03&apos;&#10;System info: host: &apos;khosruzs-MBP.lan&apos;, ip: &apos;2603:7000:ac00:531d:0:0:0:1fc5%en0&apos;, os.name: &apos;Mac OS X&apos;, os.arch: &apos;x86_64&apos;, os.version: &apos;10.16&apos;, java.version: &apos;1.8.0_271&apos;&#10;Driver info: driver.version: ChromeDriver&#10;remote stacktrace: 0   chromedriver                        0x0000000100b65408 __gxx_personality_v0 + 543364&#10;1   chromedriver                        0x0000000100afb138 __gxx_personality_v0 + 108468&#10;2   chromedriver                        0x00000001006fa7d8 chromedriver + 157656&#10;3   chromedriver                        0x000000010071cb88 chromedriver + 297864&#10;4   chromedriver                        0x0000000100719608 chromedriver + 284168&#10;5   chromedriver                        0x0000000100716624 chromedriver + 271908&#10;6   chromedriver                        0x0000000100747e24 chromedriver + 474660&#10;7   chromedriver                        0x000000010071f238 chromedriver + 307768&#10;8   chromedriver                        0x0000000100b28c7c __gxx_personality_v0 + 295672&#10;9   chromedriver                        0x0000000100b3cbd8 __gxx_personality_v0 + 377428&#10;10  chromedriver                        0x0000000100b412b0 __gxx_personality_v0 + 395564&#10;11  chromedriver                        0x0000000100b3d9f8 __gxx_personality_v0 + 381044&#10;12  chromedriver                        0x0000000100b1e754 __gxx_personality_v0 + 253392&#10;13  chromedriver                        0x0000000100b56a38 __gxx_personality_v0 + 483508&#10;14  chromedriver                        0x0000000100b56bac __gxx_personality_v0 + 483880&#10;15  chromedriver                        0x0000000100b6bfec __gxx_personality_v0 + 570984&#10;16  libsystem_pthread.dylib             0x000000019d341240 _pthread_start + 148&#10;17  libsystem_pthread.dylib             0x000000019d33c024 thread_start + 8&#10;"/>
  </testcase>
  <testcase name="curencyListTest" classname="com.mco.tests.HomePageTest" time="0">
    <skipped message="session not created: This version of ChromeDriver only supports Chrome version 96&#10;Current browser version is 98.0.4758.102 with binary path /Applications/Google Chrome.app/Contents/MacOS/Google Chrome&#10;Build info: version: &apos;3.141.59&apos;, revision: &apos;e82be7d358&apos;, time: &apos;2018-11-14T08:17:03&apos;&#10;System info: host: &apos;khosruzs-MBP.lan&apos;, ip: &apos;2603:7000:ac00:531d:0:0:0:1fc5%en0&apos;, os.name: &apos;Mac OS X&apos;, os.arch: &apos;x86_64&apos;, os.version: &apos;10.16&apos;, java.version: &apos;1.8.0_271&apos;&#10;Driver info: driver.version: ChromeDriver&#10;remote stacktrace: 0   chromedriver                        0x0000000100b65408 __gxx_personality_v0 + 543364&#10;1   chromedriver                        0x0000000100afb138 __gxx_personality_v0 + 108468&#10;2   chromedriver                        0x00000001006fa7d8 chromedriver + 157656&#10;3   chromedriver                        0x000000010071cb88 chromedriver + 297864&#10;4   chromedriver                        0x0000000100719608 chromedriver + 284168&#10;5   chromedriver                        0x0000000100716624 chromedriver + 271908&#10;6   chromedriver                        0x0000000100747e24 chromedriver + 474660&#10;7   chromedriver                        0x000000010071f238 chromedriver + 307768&#10;8   chromedriver                        0x0000000100b28c7c __gxx_personality_v0 + 295672&#10;9   chromedriver                        0x0000000100b3cbd8 __gxx_personality_v0 + 377428&#10;10  chromedriver                        0x0000000100b412b0 __gxx_personality_v0 + 395564&#10;11  chromedriver                        0x0000000100b3d9f8 __gxx_personality_v0 + 381044&#10;12  chromedriver                        0x0000000100b1e754 __gxx_personality_v0 + 253392&#10;13  chromedriver                        0x0000000100b56a38 __gxx_personality_v0 + 483508&#10;14  chromedriver                        0x0000000100b56bac __gxx_personality_v0 + 483880&#10;15  chromedriver                        0x0000000100b6bfec __gxx_personality_v0 + 570984&#10;16  libsystem_pthread.dylib             0x000000019d341240 _pthread_start + 148&#10;17  libsystem_pthread.dylib             0x000000019d33c024 thread_start + 8&#10;"/>
  </testcase>
</testsuite>