<?xml version="1.0" encoding="UTF-8"?>
<testng-results skipped="6" failed="0" ignored="0" total="6" passed="0">
  <reporter-output>
  </reporter-output>
  <suite name="MultiCart Online Automation Suit" duration-ms="2565" started-at="2022-02-21T23:53:57 EST" finished-at="2022-02-21T23:53:59 EST">
    <groups>
      <group name="List Items Elements">
        <method signature="HomePageTest.curencyListTest()[pri:6, instance:com.mco.tests.HomePageTest@43814d18]" name="curencyListTest" class="com.mco.tests.HomePageTest"/>
      </group> <!-- List Items Elements -->
      <group name="LINK Elements">
        <method signature="HomePageTest.aboutUsLinkTest()[pri:3, instance:com.mco.tests.HomePageTest@43814d18]" name="aboutUsLinkTest" class="com.mco.tests.HomePageTest"/>
        <method signature="HomePageTest.contactUsLinkTest()[pri:4, instance:com.mco.tests.HomePageTest@43814d18]" name="contactUsLinkTest" class="com.mco.tests.HomePageTest"/>
        <method signature="HomePageTest.viewCartLinkTest()[pri:5, instance:com.mco.tests.HomePageTest@43814d18]" name="viewCartLinkTest" class="com.mco.tests.HomePageTest"/>
      </group> <!-- LINK Elements -->
      <group name="UI Elements">
        <method signature="HomePageTest.loginSourceButtonTest()[pri:2, instance:com.mco.tests.HomePageTest@43814d18]" name="loginSourceButtonTest" class="com.mco.tests.HomePageTest"/>
        <method signature="HomePageTest.pageTitleTest()[pri:1, instance:com.mco.tests.HomePageTest@43814d18]" name="pageTitleTest" class="com.mco.tests.HomePageTest"/>
      </group> <!-- UI Elements -->
    </groups>
    <test name="Sanity test" duration-ms="2565" started-at="2022-02-21T23:53:57 EST" finished-at="2022-02-21T23:53:59 EST">
      <class name="com.mco.tests.HomePageTest">
        <test-method status="FAIL" signature="setUp()[pri:0, instance:com.mco.tests.HomePageTest@43814d18]" name="setUp" is-config="true" duration-ms="2467" started-at="2022-02-21T23:53:57 EST" finished-at="2022-02-21T23:53:59 EST">
          <exception class="org.openqa.selenium.SessionNotCreatedException">
            <message>
              <![CDATA[session not created: This version of ChromeDriver only supports Chrome version 96
Current browser version is 98.0.4758.102 with binary path /Applications/Google Chrome.app/Contents/MacOS/Google Chrome
Build info: version: '3.141.59', revision: 'e82be7d358', time: '2018-11-14T08:17:03'
System info: host: 'khosruzs-MBP.lan', ip: '2603:7000:ac00:531d:0:0:0:1fc5%en0', os.name: 'Mac OS X', os.arch: 'x86_64', os.version: '10.16', java.version: '1.8.0_271'
Driver info: driver.version: ChromeDriver
remote stacktrace: 0   chromedriver                        0x0000000100b65408 __gxx_personality_v0 + 543364
1   chromedriver                        0x0000000100afb138 __gxx_personality_v0 + 108468
2   chromedriver                        0x00000001006fa7d8 chromedriver + 157656
3   chromedriver                        0x000000010071cb88 chromedriver + 297864
4   chromedriver                        0x0000000100719608 chromedriver + 284168
5   chromedriver                        0x0000000100716624 chromedriver + 271908
6   chromedriver                        0x0000000100747e24 chromedriver + 474660
7   chromedriver                        0x000000010071f238 chromedriver + 307768
8   chromedriver                        0x0000000100b28c7c __gxx_personality_v0 + 295672
9   chromedriver                        0x0000000100b3cbd8 __gxx_personality_v0 + 377428
10  chromedriver                        0x0000000100b412b0 __gxx_personality_v0 + 395564
11  chromedriver                        0x0000000100b3d9f8 __gxx_personality_v0 + 381044
12  chromedriver                        0x0000000100b1e754 __gxx_personality_v0 + 253392
13  chromedriver                        0x0000000100b56a38 __gxx_personality_v0 + 483508
14  chromedriver                        0x0000000100b56bac __gxx_personality_v0 + 483880
15  chromedriver                        0x0000000100b6bfec __gxx_personality_v0 + 570984
16  libsystem_pthread.dylib             0x000000019d341240 _pthread_start + 148
17  libsystem_pthread.dylib             0x000000019d33c024 thread_start + 8
]]>
            </message>
            <full-stacktrace>
              <![CDATA[org.openqa.selenium.SessionNotCreatedException: session not created: This version of ChromeDriver only supports Chrome version 96
Current browser version is 98.0.4758.102 with binary path /Applications/Google Chrome.app/Contents/MacOS/Google Chrome
Build info: version: '3.141.59', revision: 'e82be7d358', time: '2018-11-14T08:17:03'
System info: host: 'khosruzs-MBP.lan', ip: '2603:7000:ac00:531d:0:0:0:1fc5%en0', os.name: 'Mac OS X', os.arch: 'x86_64', os.version: '10.16', java.version: '1.8.0_271'
Driver info: driver.version: ChromeDriver
remote stacktrace: 0   chromedriver                        0x0000000100b65408 __gxx_personality_v0 + 543364
1   chromedriver                        0x0000000100afb138 __gxx_personality_v0 + 108468
2   chromedriver                        0x00000001006fa7d8 chromedriver + 157656
3   chromedriver                        0x000000010071cb88 chromedriver + 297864
4   chromedriver                        0x0000000100719608 chromedriver + 284168
5   chromedriver                        0x0000000100716624 chromedriver + 271908
6   chromedriver                        0x0000000100747e24 chromedriver + 474660
7   chromedriver                        0x000000010071f238 chromedriver + 307768
8   chromedriver                        0x0000000100b28c7c __gxx_personality_v0 + 295672
9   chromedriver                        0x0000000100b3cbd8 __gxx_personality_v0 + 377428
10  chromedriver                        0x0000000100b412b0 __gxx_personality_v0 + 395564
11  chromedriver                        0x0000000100b3d9f8 __gxx_personality_v0 + 381044
12  chromedriver                        0x0000000100b1e754 __gxx_personality_v0 + 253392
13  chromedriver                        0x0000000100b56a38 __gxx_personality_v0 + 483508
14  chromedriver                        0x0000000100b56bac __gxx_personality_v0 + 483880
15  chromedriver                        0x0000000100b6bfec __gxx_personality_v0 + 570984
16  libsystem_pthread.dylib             0x000000019d341240 _pthread_start + 148
17  libsystem_pthread.dylib             0x000000019d33c024 thread_start + 8

at sun.reflect.NativeConstructorAccessorImpl.newInstance0(Native Method)
at sun.reflect.NativeConstructorAccessorImpl.newInstance(NativeConstructorAccessorImpl.java:62)
at sun.reflect.DelegatingConstructorAccessorImpl.newInstance(DelegatingConstructorAccessorImpl.java:45)
at java.lang.reflect.Constructor.newInstance(Constructor.java:423)
at org.openqa.selenium.remote.W3CHandshakeResponse.lambda$errorHandler$0(W3CHandshakeResponse.java:62)
at org.openqa.selenium.remote.HandshakeResponse.lambda$getResponseFunction$0(HandshakeResponse.java:30)
at org.openqa.selenium.remote.ProtocolHandshake.lambda$createSession$0(ProtocolHandshake.java:126)
at java.util.stream.ReferencePipeline$3$1.accept(ReferencePipeline.java:193)
at java.util.Spliterators$ArraySpliterator.tryAdvance(Spliterators.java:958)
at java.util.stream.ReferencePipeline.forEachWithCancel(ReferencePipeline.java:126)
at java.util.stream.AbstractPipeline.copyIntoWithCancel(AbstractPipeline.java:499)
at java.util.stream.AbstractPipeline.copyInto(AbstractPipeline.java:486)
at java.util.stream.AbstractPipeline.wrapAndCopyInto(AbstractPipeline.java:472)
at java.util.stream.FindOps$FindOp.evaluateSequential(FindOps.java:152)
at java.util.stream.AbstractPipeline.evaluate(AbstractPipeline.java:234)
at java.util.stream.ReferencePipeline.findFirst(ReferencePipeline.java:464)
at org.openqa.selenium.remote.ProtocolHandshake.createSession(ProtocolHandshake.java:128)
at org.openqa.selenium.remote.ProtocolHandshake.createSession(ProtocolHandshake.java:74)
at org.openqa.selenium.remote.HttpCommandExecutor.execute(HttpCommandExecutor.java:136)
at org.openqa.selenium.remote.service.DriverCommandExecutor.execute(DriverCommandExecutor.java:83)
at org.openqa.selenium.remote.RemoteWebDriver.execute(RemoteWebDriver.java:552)
at org.openqa.selenium.remote.RemoteWebDriver.startSession(RemoteWebDriver.java:213)
at org.openqa.selenium.remote.RemoteWebDriver.<init>(RemoteWebDriver.java:131)
at org.openqa.selenium.chrome.ChromeDriver.<init>(ChromeDriver.java:181)
at org.openqa.selenium.chrome.ChromeDriver.<init>(ChromeDriver.java:168)
at org.openqa.selenium.chrome.ChromeDriver.<init>(ChromeDriver.java:123)
at com.mco.base.TestBase.initialization(TestBase.java:38)
at com.mco.tests.HomePageTest.setUp(HomePageTest.java:21)
at sun.reflect.NativeMethodAccessorImpl.invoke0(Native Method)
at sun.reflect.NativeMethodAccessorImpl.invoke(NativeMethodAccessorImpl.java:62)
at sun.reflect.DelegatingMethodAccessorImpl.invoke(DelegatingMethodAccessorImpl.java:43)
at java.lang.reflect.Method.invoke(Method.java:498)
at org.testng.internal.MethodInvocationHelper.invokeMethod(MethodInvocationHelper.java:132)
at org.testng.internal.MethodInvocationHelper.invokeMethodConsideringTimeout(MethodInvocationHelper.java:61)
at org.testng.internal.ConfigInvoker.invokeConfigurationMethod(ConfigInvoker.java:366)
at org.testng.internal.ConfigInvoker.invokeConfigurations(ConfigInvoker.java:320)
at org.testng.internal.TestInvoker.runConfigMethods(TestInvoker.java:701)
at org.testng.internal.TestInvoker.invokeMethod(TestInvoker.java:527)
at org.testng.internal.TestInvoker.invokeTestMethod(TestInvoker.java:174)
at org.testng.internal.MethodRunner.runInSequence(MethodRunner.java:46)
at org.testng.internal.TestInvoker$MethodInvocationAgent.invoke(TestInvoker.java:822)
at org.testng.internal.TestInvoker.invokeTestMethods(TestInvoker.java:147)
at org.testng.internal.TestMethodWorker.invokeTestMethods(TestMethodWorker.java:146)
at org.testng.internal.TestMethodWorker.run(TestMethodWorker.java:128)
at java.util.ArrayList.forEach(ArrayList.java:1259)
at org.testng.TestRunner.privateRun(TestRunner.java:764)
at org.testng.TestRunner.run(TestRunner.java:585)
at org.testng.SuiteRunner.runTest(SuiteRunner.java:384)
at org.testng.SuiteRunner.runSequentially(SuiteRunner.java:378)
at org.testng.SuiteRunner.privateRun(SuiteRunner.java:337)
at org.testng.SuiteRunner.run(SuiteRunner.java:286)
at org.testng.SuiteRunnerWorker.runSuite(SuiteRunnerWorker.java:53)
at org.testng.SuiteRunnerWorker.run(SuiteRunnerWorker.java:96)
at org.testng.TestNG.runSuitesSequentially(TestNG.java:1218)
at org.testng.TestNG.runSuitesLocally(TestNG.java:1140)
at org.testng.TestNG.runSuites(TestNG.java:1069)
at org.testng.TestNG.run(TestNG.java:1037)
at org.apache.maven.surefire.testng.TestNGExecutor.run(TestNGExecutor.java:284)
at org.apache.maven.surefire.testng.TestNGXmlTestSuite.execute(TestNGXmlTestSuite.java:75)
at org.apache.maven.surefire.testng.TestNGProvider.invoke(TestNGProvider.java:119)
at org.apache.maven.surefire.booter.ForkedBooter.runSuitesInProcess(ForkedBooter.java:428)
at org.apache.maven.surefire.booter.ForkedBooter.execute(ForkedBooter.java:162)
at org.apache.maven.surefire.booter.ForkedBooter.run(ForkedBooter.java:562)
at org.apache.maven.surefire.booter.ForkedBooter.main(ForkedBooter.java:548)
]]>
            </full-stacktrace>
          </exception> <!-- org.openqa.selenium.SessionNotCreatedException -->
          <reporter-output>
          </reporter-output>
        </test-method> <!-- setUp -->
        <test-method status="SKIP" signature="pageTitleTest()[pri:1, instance:com.mco.tests.HomePageTest@43814d18]" name="pageTitleTest" duration-ms="0" started-at="2022-02-21T23:53:59 EST" finished-at="2022-02-21T23:53:59 EST">
          <exception class="org.openqa.selenium.SessionNotCreatedException">
            <message>
              <![CDATA[session not created: This version of ChromeDriver only supports Chrome version 96
Current browser version is 98.0.4758.102 with binary path /Applications/Google Chrome.app/Contents/MacOS/Google Chrome
Build info: version: '3.141.59', revision: 'e82be7d358', time: '2018-11-14T08:17:03'
System info: host: 'khosruzs-MBP.lan', ip: '2603:7000:ac00:531d:0:0:0:1fc5%en0', os.name: 'Mac OS X', os.arch: 'x86_64', os.version: '10.16', java.version: '1.8.0_271'
Driver info: driver.version: ChromeDriver
remote stacktrace: 0   chromedriver                        0x0000000100b65408 __gxx_personality_v0 + 543364
1   chromedriver                        0x0000000100afb138 __gxx_personality_v0 + 108468
2   chromedriver                        0x00000001006fa7d8 chromedriver + 157656
3   chromedriver                        0x000000010071cb88 chromedriver + 297864
4   chromedriver                        0x0000000100719608 chromedriver + 284168
5   chromedriver                        0x0000000100716624 chromedriver + 271908
6   chromedriver                        0x0000000100747e24 chromedriver + 474660
7   chromedriver                        0x000000010071f238 chromedriver + 307768
8   chromedriver                        0x0000000100b28c7c __gxx_personality_v0 + 295672
9   chromedriver                        0x0000000100b3cbd8 __gxx_personality_v0 + 377428
10  chromedriver                        0x0000000100b412b0 __gxx_personality_v0 + 395564
11  chromedriver                        0x0000000100b3d9f8 __gxx_personality_v0 + 381044
12  chromedriver                        0x0000000100b1e754 __gxx_personality_v0 + 253392
13  chromedriver                        0x0000000100b56a38 __gxx_personality_v0 + 483508
14  chromedriver                        0x0000000100b56bac __gxx_personality_v0 + 483880
15  chromedriver                        0x0000000100b6bfec __gxx_personality_v0 + 570984
16  libsystem_pthread.dylib             0x000000019d341240 _pthread_start + 148
17  libsystem_pthread.dylib             0x000000019d33c024 thread_start + 8
]]>
            </message>
            <full-stacktrace>
              <![CDATA[org.openqa.selenium.SessionNotCreatedException: session not created: This version of ChromeDriver only supports Chrome version 96
Current browser version is 98.0.4758.102 with binary path /Applications/Google Chrome.app/Contents/MacOS/Google Chrome
Build info: version: '3.141.59', revision: 'e82be7d358', time: '2018-11-14T08:17:03'
System info: host: 'khosruzs-MBP.lan', ip: '2603:7000:ac00:531d:0:0:0:1fc5%en0', os.name: 'Mac OS X', os.arch: 'x86_64', os.version: '10.16', java.version: '1.8.0_271'
Driver info: driver.version: ChromeDriver
remote stacktrace: 0   chromedriver                        0x0000000100b65408 __gxx_personality_v0 + 543364
1   chromedriver                        0x0000000100afb138 __gxx_personality_v0 + 108468
2   chromedriver                        0x00000001006fa7d8 chromedriver + 157656
3   chromedriver                        0x000000010071cb88 chromedriver + 297864
4   chromedriver                        0x0000000100719608 chromedriver + 284168
5   chromedriver                        0x0000000100716624 chromedriver + 271908
6   chromedriver                        0x0000000100747e24 chromedriver + 474660
7   chromedriver                        0x000000010071f238 chromedriver + 307768
8   chromedriver                        0x0000000100b28c7c __gxx_personality_v0 + 295672
9   chromedriver                        0x0000000100b3cbd8 __gxx_personality_v0 + 377428
10  chromedriver                        0x0000000100b412b0 __gxx_personality_v0 + 395564
11  chromedriver                        0x0000000100b3d9f8 __gxx_personality_v0 + 381044
12  chromedriver                        0x0000000100b1e754 __gxx_personality_v0 + 253392
13  chromedriver                        0x0000000100b56a38 __gxx_personality_v0 + 483508
14  chromedriver                        0x0000000100b56bac __gxx_personality_v0 + 483880
15  chromedriver                        0x0000000100b6bfec __gxx_personality_v0 + 570984
16  libsystem_pthread.dylib             0x000000019d341240 _pthread_start + 148
17  libsystem_pthread.dylib             0x000000019d33c024 thread_start + 8

at sun.reflect.NativeConstructorAccessorImpl.newInstance0(Native Method)
at sun.reflect.NativeConstructorAccessorImpl.newInstance(NativeConstructorAccessorImpl.java:62)
at sun.reflect.DelegatingConstructorAccessorImpl.newInstance(DelegatingConstructorAccessorImpl.java:45)
at java.lang.reflect.Constructor.newInstance(Constructor.java:423)
at org.openqa.selenium.remote.W3CHandshakeResponse.lambda$errorHandler$0(W3CHandshakeResponse.java:62)
at org.openqa.selenium.remote.HandshakeResponse.lambda$getResponseFunction$0(HandshakeResponse.java:30)
at org.openqa.selenium.remote.ProtocolHandshake.lambda$createSession$0(ProtocolHandshake.java:126)
at java.util.stream.ReferencePipeline$3$1.accept(ReferencePipeline.java:193)
at java.util.Spliterators$ArraySpliterator.tryAdvance(Spliterators.java:958)
at java.util.stream.ReferencePipeline.forEachWithCancel(ReferencePipeline.java:126)
at java.util.stream.AbstractPipeline.copyIntoWithCancel(AbstractPipeline.java:499)
at java.util.stream.AbstractPipeline.copyInto(AbstractPipeline.java:486)
at java.util.stream.AbstractPipeline.wrapAndCopyInto(AbstractPipeline.java:472)
at java.util.stream.FindOps$FindOp.evaluateSequential(FindOps.java:152)
at java.util.stream.AbstractPipeline.evaluate(AbstractPipeline.java:234)
at java.util.stream.ReferencePipeline.findFirst(ReferencePipeline.java:464)
at org.openqa.selenium.remote.ProtocolHandshake.createSession(ProtocolHandshake.java:128)
at org.openqa.selenium.remote.ProtocolHandshake.createSession(ProtocolHandshake.java:74)
at org.openqa.selenium.remote.HttpCommandExecutor.execute(HttpCommandExecutor.java:136)
at org.openqa.selenium.remote.service.DriverCommandExecutor.execute(DriverCommandExecutor.java:83)
at org.openqa.selenium.remote.RemoteWebDriver.execute(RemoteWebDriver.java:552)
at org.openqa.selenium.remote.RemoteWebDriver.startSession(RemoteWebDriver.java:213)
at org.openqa.selenium.remote.RemoteWebDriver.<init>(RemoteWebDriver.java:131)
at org.openqa.selenium.chrome.ChromeDriver.<init>(ChromeDriver.java:181)
at org.openqa.selenium.chrome.ChromeDriver.<init>(ChromeDriver.java:168)
at org.openqa.selenium.chrome.ChromeDriver.<init>(ChromeDriver.java:123)
at com.mco.base.TestBase.initialization(TestBase.java:38)
at com.mco.tests.HomePageTest.setUp(HomePageTest.java:21)
at sun.reflect.NativeMethodAccessorImpl.invoke0(Native Method)
at sun.reflect.NativeMethodAccessorImpl.invoke(NativeMethodAccessorImpl.java:62)
at sun.reflect.DelegatingMethodAccessorImpl.invoke(DelegatingMethodAccessorImpl.java:43)
at java.lang.reflect.Method.invoke(Method.java:498)
at org.testng.internal.MethodInvocationHelper.invokeMethod(MethodInvocationHelper.java:132)
at org.testng.internal.MethodInvocationHelper.invokeMethodConsideringTimeout(MethodInvocationHelper.java:61)
at org.testng.internal.ConfigInvoker.invokeConfigurationMethod(ConfigInvoker.java:366)
at org.testng.internal.ConfigInvoker.invokeConfigurations(ConfigInvoker.java:320)
at org.testng.internal.TestInvoker.runConfigMethods(TestInvoker.java:701)
at org.testng.internal.TestInvoker.invokeMethod(TestInvoker.java:527)
at org.testng.internal.TestInvoker.invokeTestMethod(TestInvoker.java:174)
at org.testng.internal.MethodRunner.runInSequence(MethodRunner.java:46)
at org.testng.internal.TestInvoker$MethodInvocationAgent.invoke(TestInvoker.java:822)
at org.testng.internal.TestInvoker.invokeTestMethods(TestInvoker.java:147)
at org.testng.internal.TestMethodWorker.invokeTestMethods(TestMethodWorker.java:146)
at org.testng.internal.TestMethodWorker.run(TestMethodWorker.java:128)
at java.util.ArrayList.forEach(ArrayList.java:1259)
at org.testng.TestRunner.privateRun(TestRunner.java:764)
at org.testng.TestRunner.run(TestRunner.java:585)
at org.testng.SuiteRunner.runTest(SuiteRunner.java:384)
at org.testng.SuiteRunner.runSequentially(SuiteRunner.java:378)
at org.testng.SuiteRunner.privateRun(SuiteRunner.java:337)
at org.testng.SuiteRunner.run(SuiteRunner.java:286)
at org.testng.SuiteRunnerWorker.runSuite(SuiteRunnerWorker.java:53)
at org.testng.SuiteRunnerWorker.run(SuiteRunnerWorker.java:96)
at org.testng.TestNG.runSuitesSequentially(TestNG.java:1218)
at org.testng.TestNG.runSuitesLocally(TestNG.java:1140)
at org.testng.TestNG.runSuites(TestNG.java:1069)
at org.testng.TestNG.run(TestNG.java:1037)
at org.apache.maven.surefire.testng.TestNGExecutor.run(TestNGExecutor.java:284)
at org.apache.maven.surefire.testng.TestNGXmlTestSuite.execute(TestNGXmlTestSuite.java:75)
at org.apache.maven.surefire.testng.TestNGProvider.invoke(TestNGProvider.java:119)
at org.apache.maven.surefire.booter.ForkedBooter.runSuitesInProcess(ForkedBooter.java:428)
at org.apache.maven.surefire.booter.ForkedBooter.execute(ForkedBooter.java:162)
at org.apache.maven.surefire.booter.ForkedBooter.run(ForkedBooter.java:562)
at org.apache.maven.surefire.booter.ForkedBooter.main(ForkedBooter.java:548)
]]>
            </full-stacktrace>
          </exception> <!-- org.openqa.selenium.SessionNotCreatedException -->
          <reporter-output>
          </reporter-output>
        </test-method> <!-- pageTitleTest -->
        <test-method status="SKIP" signature="tearDown()[pri:0, instance:com.mco.tests.HomePageTest@43814d18]" name="tearDown" is-config="true" duration-ms="-1645505639955" started-at="2022-02-21T23:53:59 EST" finished-at="1969-12-31T19:00:00 EST">
          <reporter-output>
          </reporter-output>
        </test-method> <!-- tearDown -->
        <test-method status="SKIP" signature="setUp()[pri:0, instance:com.mco.tests.HomePageTest@43814d18]" name="setUp" is-config="true" duration-ms="-1645505639963" started-at="2022-02-21T23:53:59 EST" finished-at="1969-12-31T19:00:00 EST">
          <reporter-output>
          </reporter-output>
        </test-method> <!-- setUp -->
        <test-method status="SKIP" signature="loginSourceButtonTest()[pri:2, instance:com.mco.tests.HomePageTest@43814d18]" name="loginSourceButtonTest" duration-ms="0" started-at="2022-02-21T23:53:59 EST" finished-at="2022-02-21T23:53:59 EST">
          <exception class="org.openqa.selenium.SessionNotCreatedException">
            <message>
              <![CDATA[session not created: This version of ChromeDriver only supports Chrome version 96
Current browser version is 98.0.4758.102 with binary path /Applications/Google Chrome.app/Contents/MacOS/Google Chrome
Build info: version: '3.141.59', revision: 'e82be7d358', time: '2018-11-14T08:17:03'
System info: host: 'khosruzs-MBP.lan', ip: '2603:7000:ac00:531d:0:0:0:1fc5%en0', os.name: 'Mac OS X', os.arch: 'x86_64', os.version: '10.16', java.version: '1.8.0_271'
Driver info: driver.version: ChromeDriver
remote stacktrace: 0   chromedriver                        0x0000000100b65408 __gxx_personality_v0 + 543364
1   chromedriver                        0x0000000100afb138 __gxx_personality_v0 + 108468
2   chromedriver                        0x00000001006fa7d8 chromedriver + 157656
3   chromedriver                        0x000000010071cb88 chromedriver + 297864
4   chromedriver                        0x0000000100719608 chromedriver + 284168
5   chromedriver                        0x0000000100716624 chromedriver + 271908
6   chromedriver                        0x0000000100747e24 chromedriver + 474660
7   chromedriver                        0x000000010071f238 chromedriver + 307768
8   chromedriver                        0x0000000100b28c7c __gxx_personality_v0 + 295672
9   chromedriver                        0x0000000100b3cbd8 __gxx_personality_v0 + 377428
10  chromedriver                        0x0000000100b412b0 __gxx_personality_v0 + 395564
11  chromedriver                        0x0000000100b3d9f8 __gxx_personality_v0 + 381044
12  chromedriver                        0x0000000100b1e754 __gxx_personality_v0 + 253392
13  chromedriver                        0x0000000100b56a38 __gxx_personality_v0 + 483508
14  chromedriver                        0x0000000100b56bac __gxx_personality_v0 + 483880
15  chromedriver                        0x0000000100b6bfec __gxx_personality_v0 + 570984
16  libsystem_pthread.dylib             0x000000019d341240 _pthread_start + 148
17  libsystem_pthread.dylib             0x000000019d33c024 thread_start + 8
]]>
            </message>
            <full-stacktrace>
              <![CDATA[org.openqa.selenium.SessionNotCreatedException: session not created: This version of ChromeDriver only supports Chrome version 96
Current browser version is 98.0.4758.102 with binary path /Applications/Google Chrome.app/Contents/MacOS/Google Chrome
Build info: version: '3.141.59', revision: 'e82be7d358', time: '2018-11-14T08:17:03'
System info: host: 'khosruzs-MBP.lan', ip: '2603:7000:ac00:531d:0:0:0:1fc5%en0', os.name: 'Mac OS X', os.arch: 'x86_64', os.version: '10.16', java.version: '1.8.0_271'
Driver info: driver.version: ChromeDriver
remote stacktrace: 0   chromedriver                        0x0000000100b65408 __gxx_personality_v0 + 543364
1   chromedriver                        0x0000000100afb138 __gxx_personality_v0 + 108468
2   chromedriver                        0x00000001006fa7d8 chromedriver + 157656
3   chromedriver                        0x000000010071cb88 chromedriver + 297864
4   chromedriver                        0x0000000100719608 chromedriver + 284168
5   chromedriver                        0x0000000100716624 chromedriver + 271908
6   chromedriver                        0x0000000100747e24 chromedriver + 474660
7   chromedriver                        0x000000010071f238 chromedriver + 307768
8   chromedriver                        0x0000000100b28c7c __gxx_personality_v0 + 295672
9   chromedriver                        0x0000000100b3cbd8 __gxx_personality_v0 + 377428
10  chromedriver                        0x0000000100b412b0 __gxx_personality_v0 + 395564
11  chromedriver                        0x0000000100b3d9f8 __gxx_personality_v0 + 381044
12  chromedriver                        0x0000000100b1e754 __gxx_personality_v0 + 253392
13  chromedriver                        0x0000000100b56a38 __gxx_personality_v0 + 483508
14  chromedriver                        0x0000000100b56bac __gxx_personality_v0 + 483880
15  chromedriver                        0x0000000100b6bfec __gxx_personality_v0 + 570984
16  libsystem_pthread.dylib             0x000000019d341240 _pthread_start + 148
17  libsystem_pthread.dylib             0x000000019d33c024 thread_start + 8

at sun.reflect.NativeConstructorAccessorImpl.newInstance0(Native Method)
at sun.reflect.NativeConstructorAccessorImpl.newInstance(NativeConstructorAccessorImpl.java:62)
at sun.reflect.DelegatingConstructorAccessorImpl.newInstance(DelegatingConstructorAccessorImpl.java:45)
at java.lang.reflect.Constructor.newInstance(Constructor.java:423)
at org.openqa.selenium.remote.W3CHandshakeResponse.lambda$errorHandler$0(W3CHandshakeResponse.java:62)
at org.openqa.selenium.remote.HandshakeResponse.lambda$getResponseFunction$0(HandshakeResponse.java:30)
at org.openqa.selenium.remote.ProtocolHandshake.lambda$createSession$0(ProtocolHandshake.java:126)
at java.util.stream.ReferencePipeline$3$1.accept(ReferencePipeline.java:193)
at java.util.Spliterators$ArraySpliterator.tryAdvance(Spliterators.java:958)
at java.util.stream.ReferencePipeline.forEachWithCancel(ReferencePipeline.java:126)
at java.util.stream.AbstractPipeline.copyIntoWithCancel(AbstractPipeline.java:499)
at java.util.stream.AbstractPipeline.copyInto(AbstractPipeline.java:486)
at java.util.stream.AbstractPipeline.wrapAndCopyInto(AbstractPipeline.java:472)
at java.util.stream.FindOps$FindOp.evaluateSequential(FindOps.java:152)
at java.util.stream.AbstractPipeline.evaluate(AbstractPipeline.java:234)
at java.util.stream.ReferencePipeline.findFirst(ReferencePipeline.java:464)
at org.openqa.selenium.remote.ProtocolHandshake.createSession(ProtocolHandshake.java:128)
at org.openqa.selenium.remote.ProtocolHandshake.createSession(ProtocolHandshake.java:74)
at org.openqa.selenium.remote.HttpCommandExecutor.execute(HttpCommandExecutor.java:136)
at org.openqa.selenium.remote.service.DriverCommandExecutor.execute(DriverCommandExecutor.java:83)
at org.openqa.selenium.remote.RemoteWebDriver.execute(RemoteWebDriver.java:552)
at org.openqa.selenium.remote.RemoteWebDriver.startSession(RemoteWebDriver.java:213)
at org.openqa.selenium.remote.RemoteWebDriver.<init>(RemoteWebDriver.java:131)
at org.openqa.selenium.chrome.ChromeDriver.<init>(ChromeDriver.java:181)
at org.openqa.selenium.chrome.ChromeDriver.<init>(ChromeDriver.java:168)
at org.openqa.selenium.chrome.ChromeDriver.<init>(ChromeDriver.java:123)
at com.mco.base.TestBase.initialization(TestBase.java:38)
at com.mco.tests.HomePageTest.setUp(HomePageTest.java:21)
at sun.reflect.NativeMethodAccessorImpl.invoke0(Native Method)
at sun.reflect.NativeMethodAccessorImpl.invoke(NativeMethodAccessorImpl.java:62)
at sun.reflect.DelegatingMethodAccessorImpl.invoke(DelegatingMethodAccessorImpl.java:43)
at java.lang.reflect.Method.invoke(Method.java:498)
at org.testng.internal.MethodInvocationHelper.invokeMethod(MethodInvocationHelper.java:132)
at org.testng.internal.MethodInvocationHelper.invokeMethodConsideringTimeout(MethodInvocationHelper.java:61)
at org.testng.internal.ConfigInvoker.invokeConfigurationMethod(ConfigInvoker.java:366)
at org.testng.internal.ConfigInvoker.invokeConfigurations(ConfigInvoker.java:320)
at org.testng.internal.TestInvoker.runConfigMethods(TestInvoker.java:701)
at org.testng.internal.TestInvoker.invokeMethod(TestInvoker.java:527)
at org.testng.internal.TestInvoker.invokeTestMethod(TestInvoker.java:174)
at org.testng.internal.MethodRunner.runInSequence(MethodRunner.java:46)
at org.testng.internal.TestInvoker$MethodInvocationAgent.invoke(TestInvoker.java:822)
at org.testng.internal.TestInvoker.invokeTestMethods(TestInvoker.java:147)
at org.testng.internal.TestMethodWorker.invokeTestMethods(TestMethodWorker.java:146)
at org.testng.internal.TestMethodWorker.run(TestMethodWorker.java:128)
at java.util.ArrayList.forEach(ArrayList.java:1259)
at org.testng.TestRunner.privateRun(TestRunner.java:764)
at org.testng.TestRunner.run(TestRunner.java:585)
at org.testng.SuiteRunner.runTest(SuiteRunner.java:384)
at org.testng.SuiteRunner.runSequentially(SuiteRunner.java:378)
at org.testng.SuiteRunner.privateRun(SuiteRunner.java:337)
at org.testng.SuiteRunner.run(SuiteRunner.java:286)
at org.testng.SuiteRunnerWorker.runSuite(SuiteRunnerWorker.java:53)
at org.testng.SuiteRunnerWorker.run(SuiteRunnerWorker.java:96)
at org.testng.TestNG.runSuitesSequentially(TestNG.java:1218)
at org.testng.TestNG.runSuitesLocally(TestNG.java:1140)
at org.testng.TestNG.runSuites(TestNG.java:1069)
at org.testng.TestNG.run(TestNG.java:1037)
at org.apache.maven.surefire.testng.TestNGExecutor.run(TestNGExecutor.java:284)
at org.apache.maven.surefire.testng.TestNGXmlTestSuite.execute(TestNGXmlTestSuite.java:75)
at org.apache.maven.surefire.testng.TestNGProvider.invoke(TestNGProvider.java:119)
at org.apache.maven.surefire.booter.ForkedBooter.runSuitesInProcess(ForkedBooter.java:428)
at org.apache.maven.surefire.booter.ForkedBooter.execute(ForkedBooter.java:162)
at org.apache.maven.surefire.booter.ForkedBooter.run(ForkedBooter.java:562)
at org.apache.maven.surefire.booter.ForkedBooter.main(ForkedBooter.java:548)
]]>
            </full-stacktrace>
          </exception> <!-- org.openqa.selenium.SessionNotCreatedException -->
          <reporter-output>
          </reporter-output>
        </test-method> <!-- loginSourceButtonTest -->
        <test-method status="SKIP" signature="tearDown()[pri:0, instance:com.mco.tests.HomePageTest@43814d18]" name="tearDown" is-config="true" duration-ms="-1645505639964" started-at="2022-02-21T23:53:59 EST" finished-at="1969-12-31T19:00:00 EST">
          <reporter-output>
          </reporter-output>
        </test-method> <!-- tearDown -->
        <test-method status="SKIP" signature="setUp()[pri:0, instance:com.mco.tests.HomePageTest@43814d18]" name="setUp" is-config="true" duration-ms="-1645505639964" started-at="2022-02-21T23:53:59 EST" finished-at="1969-12-31T19:00:00 EST">
          <reporter-output>
          </reporter-output>
        </test-method> <!-- setUp -->
        <test-method status="SKIP" signature="aboutUsLinkTest()[pri:3, instance:com.mco.tests.HomePageTest@43814d18]" name="aboutUsLinkTest" duration-ms="0" started-at="2022-02-21T23:53:59 EST" finished-at="2022-02-21T23:53:59 EST">
          <exception class="org.openqa.selenium.SessionNotCreatedException">
            <message>
              <![CDATA[session not created: This version of ChromeDriver only supports Chrome version 96
Current browser version is 98.0.4758.102 with binary path /Applications/Google Chrome.app/Contents/MacOS/Google Chrome
Build info: version: '3.141.59', revision: 'e82be7d358', time: '2018-11-14T08:17:03'
System info: host: 'khosruzs-MBP.lan', ip: '2603:7000:ac00:531d:0:0:0:1fc5%en0', os.name: 'Mac OS X', os.arch: 'x86_64', os.version: '10.16', java.version: '1.8.0_271'
Driver info: driver.version: ChromeDriver
remote stacktrace: 0   chromedriver                        0x0000000100b65408 __gxx_personality_v0 + 543364
1   chromedriver                        0x0000000100afb138 __gxx_personality_v0 + 108468
2   chromedriver                        0x00000001006fa7d8 chromedriver + 157656
3   chromedriver                        0x000000010071cb88 chromedriver + 297864
4   chromedriver                        0x0000000100719608 chromedriver + 284168
5   chromedriver                        0x0000000100716624 chromedriver + 271908
6   chromedriver                        0x0000000100747e24 chromedriver + 474660
7   chromedriver                        0x000000010071f238 chromedriver + 307768
8   chromedriver                        0x0000000100b28c7c __gxx_personality_v0 + 295672
9   chromedriver                        0x0000000100b3cbd8 __gxx_personality_v0 + 377428
10  chromedriver                        0x0000000100b412b0 __gxx_personality_v0 + 395564
11  chromedriver                        0x0000000100b3d9f8 __gxx_personality_v0 + 381044
12  chromedriver                        0x0000000100b1e754 __gxx_personality_v0 + 253392
13  chromedriver                        0x0000000100b56a38 __gxx_personality_v0 + 483508
14  chromedriver                        0x0000000100b56bac __gxx_personality_v0 + 483880
15  chromedriver                        0x0000000100b6bfec __gxx_personality_v0 + 570984
16  libsystem_pthread.dylib             0x000000019d341240 _pthread_start + 148
17  libsystem_pthread.dylib             0x000000019d33c024 thread_start + 8
]]>
            </message>
            <full-stacktrace>
              <![CDATA[org.openqa.selenium.SessionNotCreatedException: session not created: This version of ChromeDriver only supports Chrome version 96
Current browser version is 98.0.4758.102 with binary path /Applications/Google Chrome.app/Contents/MacOS/Google Chrome
Build info: version: '3.141.59', revision: 'e82be7d358', time: '2018-11-14T08:17:03'
System info: host: 'khosruzs-MBP.lan', ip: '2603:7000:ac00:531d:0:0:0:1fc5%en0', os.name: 'Mac OS X', os.arch: 'x86_64', os.version: '10.16', java.version: '1.8.0_271'
Driver info: driver.version: ChromeDriver
remote stacktrace: 0   chromedriver                        0x0000000100b65408 __gxx_personality_v0 + 543364
1   chromedriver                        0x0000000100afb138 __gxx_personality_v0 + 108468
2   chromedriver                        0x00000001006fa7d8 chromedriver + 157656
3   chromedriver                        0x000000010071cb88 chromedriver + 297864
4   chromedriver                        0x0000000100719608 chromedriver + 284168
5   chromedriver                        0x0000000100716624 chromedriver + 271908
6   chromedriver                        0x0000000100747e24 chromedriver + 474660
7   chromedriver                        0x000000010071f238 chromedriver + 307768
8   chromedriver                        0x0000000100b28c7c __gxx_personality_v0 + 295672
9   chromedriver                        0x0000000100b3cbd8 __gxx_personality_v0 + 377428
10  chromedriver                        0x0000000100b412b0 __gxx_personality_v0 + 395564
11  chromedriver                        0x0000000100b3d9f8 __gxx_personality_v0 + 381044
12  chromedriver                        0x0000000100b1e754 __gxx_personality_v0 + 253392
13  chromedriver                        0x0000000100b56a38 __gxx_personality_v0 + 483508
14  chromedriver                        0x0000000100b56bac __gxx_personality_v0 + 483880
15  chromedriver                        0x0000000100b6bfec __gxx_personality_v0 + 570984
16  libsystem_pthread.dylib             0x000000019d341240 _pthread_start + 148
17  libsystem_pthread.dylib             0x000000019d33c024 thread_start + 8

at sun.reflect.NativeConstructorAccessorImpl.newInstance0(Native Method)
at sun.reflect.NativeConstructorAccessorImpl.newInstance(NativeConstructorAccessorImpl.java:62)
at sun.reflect.DelegatingConstructorAccessorImpl.newInstance(DelegatingConstructorAccessorImpl.java:45)
at java.lang.reflect.Constructor.newInstance(Constructor.java:423)
at org.openqa.selenium.remote.W3CHandshakeResponse.lambda$errorHandler$0(W3CHandshakeResponse.java:62)
at org.openqa.selenium.remote.HandshakeResponse.lambda$getResponseFunction$0(HandshakeResponse.java:30)
at org.openqa.selenium.remote.ProtocolHandshake.lambda$createSession$0(ProtocolHandshake.java:126)
at java.util.stream.ReferencePipeline$3$1.accept(ReferencePipeline.java:193)
at java.util.Spliterators$ArraySpliterator.tryAdvance(Spliterators.java:958)
at java.util.stream.ReferencePipeline.forEachWithCancel(ReferencePipeline.java:126)
at java.util.stream.AbstractPipeline.copyIntoWithCancel(AbstractPipeline.java:499)
at java.util.stream.AbstractPipeline.copyInto(AbstractPipeline.java:486)
at java.util.stream.AbstractPipeline.wrapAndCopyInto(AbstractPipeline.java:472)
at java.util.stream.FindOps$FindOp.evaluateSequential(FindOps.java:152)
at java.util.stream.AbstractPipeline.evaluate(AbstractPipeline.java:234)
at java.util.stream.ReferencePipeline.findFirst(ReferencePipeline.java:464)
at org.openqa.selenium.remote.ProtocolHandshake.createSession(ProtocolHandshake.java:128)
at org.openqa.selenium.remote.ProtocolHandshake.createSession(ProtocolHandshake.java:74)
at org.openqa.selenium.remote.HttpCommandExecutor.execute(HttpCommandExecutor.java:136)
at org.openqa.selenium.remote.service.DriverCommandExecutor.execute(DriverCommandExecutor.java:83)
at org.openqa.selenium.remote.RemoteWebDriver.execute(RemoteWebDriver.java:552)
at org.openqa.selenium.remote.RemoteWebDriver.startSession(RemoteWebDriver.java:213)
at org.openqa.selenium.remote.RemoteWebDriver.<init>(RemoteWebDriver.java:131)
at org.openqa.selenium.chrome.ChromeDriver.<init>(ChromeDriver.java:181)
at org.openqa.selenium.chrome.ChromeDriver.<init>(ChromeDriver.java:168)
at org.openqa.selenium.chrome.ChromeDriver.<init>(ChromeDriver.java:123)
at com.mco.base.TestBase.initialization(TestBase.java:38)
at com.mco.tests.HomePageTest.setUp(HomePageTest.java:21)
at sun.reflect.NativeMethodAccessorImpl.invoke0(Native Method)
at sun.reflect.NativeMethodAccessorImpl.invoke(NativeMethodAccessorImpl.java:62)
at sun.reflect.DelegatingMethodAccessorImpl.invoke(DelegatingMethodAccessorImpl.java:43)
at java.lang.reflect.Method.invoke(Method.java:498)
at org.testng.internal.MethodInvocationHelper.invokeMethod(MethodInvocationHelper.java:132)
at org.testng.internal.MethodInvocationHelper.invokeMethodConsideringTimeout(MethodInvocationHelper.java:61)
at org.testng.internal.ConfigInvoker.invokeConfigurationMethod(ConfigInvoker.java:366)
at org.testng.internal.ConfigInvoker.invokeConfigurations(ConfigInvoker.java:320)
at org.testng.internal.TestInvoker.runConfigMethods(TestInvoker.java:701)
at org.testng.internal.TestInvoker.invokeMethod(TestInvoker.java:527)
at org.testng.internal.TestInvoker.invokeTestMethod(TestInvoker.java:174)
at org.testng.internal.MethodRunner.runInSequence(MethodRunner.java:46)
at org.testng.internal.TestInvoker$MethodInvocationAgent.invoke(TestInvoker.java:822)
at org.testng.internal.TestInvoker.invokeTestMethods(TestInvoker.java:147)
at org.testng.internal.TestMethodWorker.invokeTestMethods(TestMethodWorker.java:146)
at org.testng.internal.TestMethodWorker.run(TestMethodWorker.java:128)
at java.util.ArrayList.forEach(ArrayList.java:1259)
at org.testng.TestRunner.privateRun(TestRunner.java:764)
at org.testng.TestRunner.run(TestRunner.java:585)
at org.testng.SuiteRunner.runTest(SuiteRunner.java:384)
at org.testng.SuiteRunner.runSequentially(SuiteRunner.java:378)
at org.testng.SuiteRunner.privateRun(SuiteRunner.java:337)
at org.testng.SuiteRunner.run(SuiteRunner.java:286)
at org.testng.SuiteRunnerWorker.runSuite(SuiteRunnerWorker.java:53)
at org.testng.SuiteRunnerWorker.run(SuiteRunnerWorker.java:96)
at org.testng.TestNG.runSuitesSequentially(TestNG.java:1218)
at org.testng.TestNG.runSuitesLocally(TestNG.java:1140)
at org.testng.TestNG.runSuites(TestNG.java:1069)
at org.testng.TestNG.run(TestNG.java:1037)
at org.apache.maven.surefire.testng.TestNGExecutor.run(TestNGExecutor.java:284)
at org.apache.maven.surefire.testng.TestNGXmlTestSuite.execute(TestNGXmlTestSuite.java:75)
at org.apache.maven.surefire.testng.TestNGProvider.invoke(TestNGProvider.java:119)
at org.apache.maven.surefire.booter.ForkedBooter.runSuitesInProcess(ForkedBooter.java:428)
at org.apache.maven.surefire.booter.ForkedBooter.execute(ForkedBooter.java:162)
at org.apache.maven.surefire.booter.ForkedBooter.run(ForkedBooter.java:562)
at org.apache.maven.surefire.booter.ForkedBooter.main(ForkedBooter.java:548)
]]>
            </full-stacktrace>
          </exception> <!-- org.openqa.selenium.SessionNotCreatedException -->
          <reporter-output>
          </reporter-output>
        </test-method> <!-- aboutUsLinkTest -->
        <test-method status="SKIP" signature="tearDown()[pri:0, instance:com.mco.tests.HomePageTest@43814d18]" name="tearDown" is-config="true" duration-ms="-1645505639965" started-at="2022-02-21T23:53:59 EST" finished-at="1969-12-31T19:00:00 EST">
          <reporter-output>
          </reporter-output>
        </test-method> <!-- tearDown -->
        <test-method status="SKIP" signature="setUp()[pri:0, instance:com.mco.tests.HomePageTest@43814d18]" name="setUp" is-config="true" duration-ms="-1645505639966" started-at="2022-02-21T23:53:59 EST" finished-at="1969-12-31T19:00:00 EST">
          <reporter-output>
          </reporter-output>
        </test-method> <!-- setUp -->
        <test-method status="SKIP" signature="contactUsLinkTest()[pri:4, instance:com.mco.tests.HomePageTest@43814d18]" name="contactUsLinkTest" duration-ms="0" started-at="2022-02-21T23:53:59 EST" finished-at="2022-02-21T23:53:59 EST">
          <exception class="org.openqa.selenium.SessionNotCreatedException">
            <message>
              <![CDATA[session not created: This version of ChromeDriver only supports Chrome version 96
Current browser version is 98.0.4758.102 with binary path /Applications/Google Chrome.app/Contents/MacOS/Google Chrome
Build info: version: '3.141.59', revision: 'e82be7d358', time: '2018-11-14T08:17:03'
System info: host: 'khosruzs-MBP.lan', ip: '2603:7000:ac00:531d:0:0:0:1fc5%en0', os.name: 'Mac OS X', os.arch: 'x86_64', os.version: '10.16', java.version: '1.8.0_271'
Driver info: driver.version: ChromeDriver
remote stacktrace: 0   chromedriver                        0x0000000100b65408 __gxx_personality_v0 + 543364
1   chromedriver                        0x0000000100afb138 __gxx_personality_v0 + 108468
2   chromedriver                        0x00000001006fa7d8 chromedriver + 157656
3   chromedriver                        0x000000010071cb88 chromedriver + 297864
4   chromedriver                        0x0000000100719608 chromedriver + 284168
5   chromedriver                        0x0000000100716624 chromedriver + 271908
6   chromedriver                        0x0000000100747e24 chromedriver + 474660
7   chromedriver                        0x000000010071f238 chromedriver + 307768
8   chromedriver                        0x0000000100b28c7c __gxx_personality_v0 + 295672
9   chromedriver                        0x0000000100b3cbd8 __gxx_personality_v0 + 377428
10  chromedriver                        0x0000000100b412b0 __gxx_personality_v0 + 395564
11  chromedriver                        0x0000000100b3d9f8 __gxx_personality_v0 + 381044
12  chromedriver                        0x0000000100b1e754 __gxx_personality_v0 + 253392
13  chromedriver                        0x0000000100b56a38 __gxx_personality_v0 + 483508
14  chromedriver                        0x0000000100b56bac __gxx_personality_v0 + 483880
15  chromedriver                        0x0000000100b6bfec __gxx_personality_v0 + 570984
16  libsystem_pthread.dylib             0x000000019d341240 _pthread_start + 148
17  libsystem_pthread.dylib             0x000000019d33c024 thread_start + 8
]]>
            </message>
            <full-stacktrace>
              <![CDATA[org.openqa.selenium.SessionNotCreatedException: session not created: This version of ChromeDriver only supports Chrome version 96
Current browser version is 98.0.4758.102 with binary path /Applications/Google Chrome.app/Contents/MacOS/Google Chrome
Build info: version: '3.141.59', revision: 'e82be7d358', time: '2018-11-14T08:17:03'
System info: host: 'khosruzs-MBP.lan', ip: '2603:7000:ac00:531d:0:0:0:1fc5%en0', os.name: 'Mac OS X', os.arch: 'x86_64', os.version: '10.16', java.version: '1.8.0_271'
Driver info: driver.version: ChromeDriver
remote stacktrace: 0   chromedriver                        0x0000000100b65408 __gxx_personality_v0 + 543364
1   chromedriver                        0x0000000100afb138 __gxx_personality_v0 + 108468
2   chromedriver                        0x00000001006fa7d8 chromedriver + 157656
3   chromedriver                        0x000000010071cb88 chromedriver + 297864
4   chromedriver                        0x0000000100719608 chromedriver + 284168
5   chromedriver                        0x0000000100716624 chromedriver + 271908
6   chromedriver                        0x0000000100747e24 chromedriver + 474660
7   chromedriver                        0x000000010071f238 chromedriver + 307768
8   chromedriver                        0x0000000100b28c7c __gxx_personality_v0 + 295672
9   chromedriver                        0x0000000100b3cbd8 __gxx_personality_v0 + 377428
10  chromedriver                        0x0000000100b412b0 __gxx_personality_v0 + 395564
11  chromedriver                        0x0000000100b3d9f8 __gxx_personality_v0 + 381044
12  chromedriver                        0x0000000100b1e754 __gxx_personality_v0 + 253392
13  chromedriver                        0x0000000100b56a38 __gxx_personality_v0 + 483508
14  chromedriver                        0x0000000100b56bac __gxx_personality_v0 + 483880
15  chromedriver                        0x0000000100b6bfec __gxx_personality_v0 + 570984
16  libsystem_pthread.dylib             0x000000019d341240 _pthread_start + 148
17  libsystem_pthread.dylib             0x000000019d33c024 thread_start + 8

at sun.reflect.NativeConstructorAccessorImpl.newInstance0(Native Method)
at sun.reflect.NativeConstructorAccessorImpl.newInstance(NativeConstructorAccessorImpl.java:62)
at sun.reflect.DelegatingConstructorAccessorImpl.newInstance(DelegatingConstructorAccessorImpl.java:45)
at java.lang.reflect.Constructor.newInstance(Constructor.java:423)
at org.openqa.selenium.remote.W3CHandshakeResponse.lambda$errorHandler$0(W3CHandshakeResponse.java:62)
at org.openqa.selenium.remote.HandshakeResponse.lambda$getResponseFunction$0(HandshakeResponse.java:30)
at org.openqa.selenium.remote.ProtocolHandshake.lambda$createSession$0(ProtocolHandshake.java:126)
at java.util.stream.ReferencePipeline$3$1.accept(ReferencePipeline.java:193)
at java.util.Spliterators$ArraySpliterator.tryAdvance(Spliterators.java:958)
at java.util.stream.ReferencePipeline.forEachWithCancel(ReferencePipeline.java:126)
at java.util.stream.AbstractPipeline.copyIntoWithCancel(AbstractPipeline.java:499)
at java.util.stream.AbstractPipeline.copyInto(AbstractPipeline.java:486)
at java.util.stream.AbstractPipeline.wrapAndCopyInto(AbstractPipeline.java:472)
at java.util.stream.FindOps$FindOp.evaluateSequential(FindOps.java:152)
at java.util.stream.AbstractPipeline.evaluate(AbstractPipeline.java:234)
at java.util.stream.ReferencePipeline.findFirst(ReferencePipeline.java:464)
at org.openqa.selenium.remote.ProtocolHandshake.createSession(ProtocolHandshake.java:128)
at org.openqa.selenium.remote.ProtocolHandshake.createSession(ProtocolHandshake.java:74)
at org.openqa.selenium.remote.HttpCommandExecutor.execute(HttpCommandExecutor.java:136)
at org.openqa.selenium.remote.service.DriverCommandExecutor.execute(DriverCommandExecutor.java:83)
at org.openqa.selenium.remote.RemoteWebDriver.execute(RemoteWebDriver.java:552)
at org.openqa.selenium.remote.RemoteWebDriver.startSession(RemoteWebDriver.java:213)
at org.openqa.selenium.remote.RemoteWebDriver.<init>(RemoteWebDriver.java:131)
at org.openqa.selenium.chrome.ChromeDriver.<init>(ChromeDriver.java:181)
at org.openqa.selenium.chrome.ChromeDriver.<init>(ChromeDriver.java:168)
at org.openqa.selenium.chrome.ChromeDriver.<init>(ChromeDriver.java:123)
at com.mco.base.TestBase.initialization(TestBase.java:38)
at com.mco.tests.HomePageTest.setUp(HomePageTest.java:21)
at sun.reflect.NativeMethodAccessorImpl.invoke0(Native Method)
at sun.reflect.NativeMethodAccessorImpl.invoke(NativeMethodAccessorImpl.java:62)
at sun.reflect.DelegatingMethodAccessorImpl.invoke(DelegatingMethodAccessorImpl.java:43)
at java.lang.reflect.Method.invoke(Method.java:498)
at org.testng.internal.MethodInvocationHelper.invokeMethod(MethodInvocationHelper.java:132)
at org.testng.internal.MethodInvocationHelper.invokeMethodConsideringTimeout(MethodInvocationHelper.java:61)
at org.testng.internal.ConfigInvoker.invokeConfigurationMethod(ConfigInvoker.java:366)
at org.testng.internal.ConfigInvoker.invokeConfigurations(ConfigInvoker.java:320)
at org.testng.internal.TestInvoker.runConfigMethods(TestInvoker.java:701)
at org.testng.internal.TestInvoker.invokeMethod(TestInvoker.java:527)
at org.testng.internal.TestInvoker.invokeTestMethod(TestInvoker.java:174)
at org.testng.internal.MethodRunner.runInSequence(MethodRunner.java:46)
at org.testng.internal.TestInvoker$MethodInvocationAgent.invoke(TestInvoker.java:822)
at org.testng.internal.TestInvoker.invokeTestMethods(TestInvoker.java:147)
at org.testng.internal.TestMethodWorker.invokeTestMethods(TestMethodWorker.java:146)
at org.testng.internal.TestMethodWorker.run(TestMethodWorker.java:128)
at java.util.ArrayList.forEach(ArrayList.java:1259)
at org.testng.TestRunner.privateRun(TestRunner.java:764)
at org.testng.TestRunner.run(TestRunner.java:585)
at org.testng.SuiteRunner.runTest(SuiteRunner.java:384)
at org.testng.SuiteRunner.runSequentially(SuiteRunner.java:378)
at org.testng.SuiteRunner.privateRun(SuiteRunner.java:337)
at org.testng.SuiteRunner.run(SuiteRunner.java:286)
at org.testng.SuiteRunnerWorker.runSuite(SuiteRunnerWorker.java:53)
at org.testng.SuiteRunnerWorker.run(SuiteRunnerWorker.java:96)
at org.testng.TestNG.runSuitesSequentially(TestNG.java:1218)
at org.testng.TestNG.runSuitesLocally(TestNG.java:1140)
at org.testng.TestNG.runSuites(TestNG.java:1069)
at org.testng.TestNG.run(TestNG.java:1037)
at org.apache.maven.surefire.testng.TestNGExecutor.run(TestNGExecutor.java:284)
at org.apache.maven.surefire.testng.TestNGXmlTestSuite.execute(TestNGXmlTestSuite.java:75)
at org.apache.maven.surefire.testng.TestNGProvider.invoke(TestNGProvider.java:119)
at org.apache.maven.surefire.booter.ForkedBooter.runSuitesInProcess(ForkedBooter.java:428)
at org.apache.maven.surefire.booter.ForkedBooter.execute(ForkedBooter.java:162)
at org.apache.maven.surefire.booter.ForkedBooter.run(ForkedBooter.java:562)
at org.apache.maven.surefire.booter.ForkedBooter.main(ForkedBooter.java:548)
]]>
            </full-stacktrace>
          </exception> <!-- org.openqa.selenium.SessionNotCreatedException -->
          <reporter-output>
          </reporter-output>
        </test-method> <!-- contactUsLinkTest -->
        <test-method status="SKIP" signature="setUp()[pri:0, instance:com.mco.tests.HomePageTest@43814d18]" name="setUp" is-config="true" duration-ms="-1645505639967" started-at="2022-02-21T23:53:59 EST" finished-at="1969-12-31T19:00:00 EST">
          <reporter-output>
          </reporter-output>
        </test-method> <!-- setUp -->
        <test-method status="SKIP" signature="viewCartLinkTest()[pri:5, instance:com.mco.tests.HomePageTest@43814d18]" name="viewCartLinkTest" duration-ms="0" started-at="2022-02-21T23:53:59 EST" finished-at="2022-02-21T23:53:59 EST">
          <exception class="org.openqa.selenium.SessionNotCreatedException">
            <message>
              <![CDATA[session not created: This version of ChromeDriver only supports Chrome version 96
Current browser version is 98.0.4758.102 with binary path /Applications/Google Chrome.app/Contents/MacOS/Google Chrome
Build info: version: '3.141.59', revision: 'e82be7d358', time: '2018-11-14T08:17:03'
System info: host: 'khosruzs-MBP.lan', ip: '2603:7000:ac00:531d:0:0:0:1fc5%en0', os.name: 'Mac OS X', os.arch: 'x86_64', os.version: '10.16', java.version: '1.8.0_271'
Driver info: driver.version: ChromeDriver
remote stacktrace: 0   chromedriver                        0x0000000100b65408 __gxx_personality_v0 + 543364
1   chromedriver                        0x0000000100afb138 __gxx_personality_v0 + 108468
2   chromedriver                        0x00000001006fa7d8 chromedriver + 157656
3   chromedriver                        0x000000010071cb88 chromedriver + 297864
4   chromedriver                        0x0000000100719608 chromedriver + 284168
5   chromedriver                        0x0000000100716624 chromedriver + 271908
6   chromedriver                        0x0000000100747e24 chromedriver + 474660
7   chromedriver                        0x000000010071f238 chromedriver + 307768
8   chromedriver                        0x0000000100b28c7c __gxx_personality_v0 + 295672
9   chromedriver                        0x0000000100b3cbd8 __gxx_personality_v0 + 377428
10  chromedriver                        0x0000000100b412b0 __gxx_personality_v0 + 395564
11  chromedriver                        0x0000000100b3d9f8 __gxx_personality_v0 + 381044
12  chromedriver                        0x0000000100b1e754 __gxx_personality_v0 + 253392
13  chromedriver                        0x0000000100b56a38 __gxx_personality_v0 + 483508
14  chromedriver                        0x0000000100b56bac __gxx_personality_v0 + 483880
15  chromedriver                        0x0000000100b6bfec __gxx_personality_v0 + 570984
16  libsystem_pthread.dylib             0x000000019d341240 _pthread_start + 148
17  libsystem_pthread.dylib             0x000000019d33c024 thread_start + 8
]]>
            </message>
            <full-stacktrace>
              <![CDATA[org.openqa.selenium.SessionNotCreatedException: session not created: This version of ChromeDriver only supports Chrome version 96
Current browser version is 98.0.4758.102 with binary path /Applications/Google Chrome.app/Contents/MacOS/Google Chrome
Build info: version: '3.141.59', revision: 'e82be7d358', time: '2018-11-14T08:17:03'
System info: host: 'khosruzs-MBP.lan', ip: '2603:7000:ac00:531d:0:0:0:1fc5%en0', os.name: 'Mac OS X', os.arch: 'x86_64', os.version: '10.16', java.version: '1.8.0_271'
Driver info: driver.version: ChromeDriver
remote stacktrace: 0   chromedriver                        0x0000000100b65408 __gxx_personality_v0 + 543364
1   chromedriver                        0x0000000100afb138 __gxx_personality_v0 + 108468
2   chromedriver                        0x00000001006fa7d8 chromedriver + 157656
3   chromedriver                        0x000000010071cb88 chromedriver + 297864
4   chromedriver                        0x0000000100719608 chromedriver + 284168
5   chromedriver                        0x0000000100716624 chromedriver + 271908
6   chromedriver                        0x0000000100747e24 chromedriver + 474660
7   chromedriver                        0x000000010071f238 chromedriver + 307768
8   chromedriver                        0x0000000100b28c7c __gxx_personality_v0 + 295672
9   chromedriver                        0x0000000100b3cbd8 __gxx_personality_v0 + 377428
10  chromedriver                        0x0000000100b412b0 __gxx_personality_v0 + 395564
11  chromedriver                        0x0000000100b3d9f8 __gxx_personality_v0 + 381044
12  chromedriver                        0x0000000100b1e754 __gxx_personality_v0 + 253392
13  chromedriver                        0x0000000100b56a38 __gxx_personality_v0 + 483508
14  chromedriver                        0x0000000100b56bac __gxx_personality_v0 + 483880
15  chromedriver                        0x0000000100b6bfec __gxx_personality_v0 + 570984
16  libsystem_pthread.dylib             0x000000019d341240 _pthread_start + 148
17  libsystem_pthread.dylib             0x000000019d33c024 thread_start + 8

at sun.reflect.NativeConstructorAccessorImpl.newInstance0(Native Method)
at sun.reflect.NativeConstructorAccessorImpl.newInstance(NativeConstructorAccessorImpl.java:62)
at sun.reflect.DelegatingConstructorAccessorImpl.newInstance(DelegatingConstructorAccessorImpl.java:45)
at java.lang.reflect.Constructor.newInstance(Constructor.java:423)
at org.openqa.selenium.remote.W3CHandshakeResponse.lambda$errorHandler$0(W3CHandshakeResponse.java:62)
at org.openqa.selenium.remote.HandshakeResponse.lambda$getResponseFunction$0(HandshakeResponse.java:30)
at org.openqa.selenium.remote.ProtocolHandshake.lambda$createSession$0(ProtocolHandshake.java:126)
at java.util.stream.ReferencePipeline$3$1.accept(ReferencePipeline.java:193)
at java.util.Spliterators$ArraySpliterator.tryAdvance(Spliterators.java:958)
at java.util.stream.ReferencePipeline.forEachWithCancel(ReferencePipeline.java:126)
at java.util.stream.AbstractPipeline.copyIntoWithCancel(AbstractPipeline.java:499)
at java.util.stream.AbstractPipeline.copyInto(AbstractPipeline.java:486)
at java.util.stream.AbstractPipeline.wrapAndCopyInto(AbstractPipeline.java:472)
at java.util.stream.FindOps$FindOp.evaluateSequential(FindOps.java:152)
at java.util.stream.AbstractPipeline.evaluate(AbstractPipeline.java:234)
at java.util.stream.ReferencePipeline.findFirst(ReferencePipeline.java:464)
at org.openqa.selenium.remote.ProtocolHandshake.createSession(ProtocolHandshake.java:128)
at org.openqa.selenium.remote.ProtocolHandshake.createSession(ProtocolHandshake.java:74)
at org.openqa.selenium.remote.HttpCommandExecutor.execute(HttpCommandExecutor.java:136)
at org.openqa.selenium.remote.service.DriverCommandExecutor.execute(DriverCommandExecutor.java:83)
at org.openqa.selenium.remote.RemoteWebDriver.execute(RemoteWebDriver.java:552)
at org.openqa.selenium.remote.RemoteWebDriver.startSession(RemoteWebDriver.java:213)
at org.openqa.selenium.remote.RemoteWebDriver.<init>(RemoteWebDriver.java:131)
at org.openqa.selenium.chrome.ChromeDriver.<init>(ChromeDriver.java:181)
at org.openqa.selenium.chrome.ChromeDriver.<init>(ChromeDriver.java:168)
at org.openqa.selenium.chrome.ChromeDriver.<init>(ChromeDriver.java:123)
at com.mco.base.TestBase.initialization(TestBase.java:38)
at com.mco.tests.HomePageTest.setUp(HomePageTest.java:21)
at sun.reflect.NativeMethodAccessorImpl.invoke0(Native Method)
at sun.reflect.NativeMethodAccessorImpl.invoke(NativeMethodAccessorImpl.java:62)
at sun.reflect.DelegatingMethodAccessorImpl.invoke(DelegatingMethodAccessorImpl.java:43)
at java.lang.reflect.Method.invoke(Method.java:498)
at org.testng.internal.MethodInvocationHelper.invokeMethod(MethodInvocationHelper.java:132)
at org.testng.internal.MethodInvocationHelper.invokeMethodConsideringTimeout(MethodInvocationHelper.java:61)
at org.testng.internal.ConfigInvoker.invokeConfigurationMethod(ConfigInvoker.java:366)
at org.testng.internal.ConfigInvoker.invokeConfigurations(ConfigInvoker.java:320)
at org.testng.internal.TestInvoker.runConfigMethods(TestInvoker.java:701)
at org.testng.internal.TestInvoker.invokeMethod(TestInvoker.java:527)
at org.testng.internal.TestInvoker.invokeTestMethod(TestInvoker.java:174)
at org.testng.internal.MethodRunner.runInSequence(MethodRunner.java:46)
at org.testng.internal.TestInvoker$MethodInvocationAgent.invoke(TestInvoker.java:822)
at org.testng.internal.TestInvoker.invokeTestMethods(TestInvoker.java:147)
at org.testng.internal.TestMethodWorker.invokeTestMethods(TestMethodWorker.java:146)
at org.testng.internal.TestMethodWorker.run(TestMethodWorker.java:128)
at java.util.ArrayList.forEach(ArrayList.java:1259)
at org.testng.TestRunner.privateRun(TestRunner.java:764)
at org.testng.TestRunner.run(TestRunner.java:585)
at org.testng.SuiteRunner.runTest(SuiteRunner.java:384)
at org.testng.SuiteRunner.runSequentially(SuiteRunner.java:378)
at org.testng.SuiteRunner.privateRun(SuiteRunner.java:337)
at org.testng.SuiteRunner.run(SuiteRunner.java:286)
at org.testng.SuiteRunnerWorker.runSuite(SuiteRunnerWorker.java:53)
at org.testng.SuiteRunnerWorker.run(SuiteRunnerWorker.java:96)
at org.testng.TestNG.runSuitesSequentially(TestNG.java:1218)
at org.testng.TestNG.runSuitesLocally(TestNG.java:1140)
at org.testng.TestNG.runSuites(TestNG.java:1069)
at org.testng.TestNG.run(TestNG.java:1037)
at org.apache.maven.surefire.testng.TestNGExecutor.run(TestNGExecutor.java:284)
at org.apache.maven.surefire.testng.TestNGXmlTestSuite.execute(TestNGXmlTestSuite.java:75)
at org.apache.maven.surefire.testng.TestNGProvider.invoke(TestNGProvider.java:119)
at org.apache.maven.surefire.booter.ForkedBooter.runSuitesInProcess(ForkedBooter.java:428)
at org.apache.maven.surefire.booter.ForkedBooter.execute(ForkedBooter.java:162)
at org.apache.maven.surefire.booter.ForkedBooter.run(ForkedBooter.java:562)
at org.apache.maven.surefire.booter.ForkedBooter.main(ForkedBooter.java:548)
]]>
            </full-stacktrace>
          </exception> <!-- org.openqa.selenium.SessionNotCreatedException -->
          <reporter-output>
          </reporter-output>
        </test-method> <!-- viewCartLinkTest -->
        <test-method status="SKIP" signature="tearDown()[pri:0, instance:com.mco.tests.HomePageTest@43814d18]" name="tearDown" is-config="true" duration-ms="-1645505639967" started-at="2022-02-21T23:53:59 EST" finished-at="1969-12-31T19:00:00 EST">
          <reporter-output>
          </reporter-output>
        </test-method> <!-- tearDown -->
        <test-method status="SKIP" signature="tearDown()[pri:0, instance:com.mco.tests.HomePageTest@43814d18]" name="tearDown" is-config="true" duration-ms="-1645505639968" started-at="2022-02-21T23:53:59 EST" finished-at="1969-12-31T19:00:00 EST">
          <reporter-output>
          </reporter-output>
        </test-method> <!-- tearDown -->
        <test-method status="SKIP" signature="setUp()[pri:0, instance:com.mco.tests.HomePageTest@43814d18]" name="setUp" is-config="true" duration-ms="-1645505639968" started-at="2022-02-21T23:53:59 EST" finished-at="1969-12-31T19:00:00 EST">
          <reporter-output>
          </reporter-output>
        </test-method> <!-- setUp -->
        <test-method status="SKIP" signature="curencyListTest()[pri:6, instance:com.mco.tests.HomePageTest@43814d18]" name="curencyListTest" duration-ms="0" started-at="2022-02-21T23:53:59 EST" finished-at="2022-02-21T23:53:59 EST">
          <exception class="org.openqa.selenium.SessionNotCreatedException">
            <message>
              <![CDATA[session not created: This version of ChromeDriver only supports Chrome version 96
Current browser version is 98.0.4758.102 with binary path /Applications/Google Chrome.app/Contents/MacOS/Google Chrome
Build info: version: '3.141.59', revision: 'e82be7d358', time: '2018-11-14T08:17:03'
System info: host: 'khosruzs-MBP.lan', ip: '2603:7000:ac00:531d:0:0:0:1fc5%en0', os.name: 'Mac OS X', os.arch: 'x86_64', os.version: '10.16', java.version: '1.8.0_271'
Driver info: driver.version: ChromeDriver
remote stacktrace: 0   chromedriver                        0x0000000100b65408 __gxx_personality_v0 + 543364
1   chromedriver                        0x0000000100afb138 __gxx_personality_v0 + 108468
2   chromedriver                        0x00000001006fa7d8 chromedriver + 157656
3   chromedriver                        0x000000010071cb88 chromedriver + 297864
4   chromedriver                        0x0000000100719608 chromedriver + 284168
5   chromedriver                        0x0000000100716624 chromedriver + 271908
6   chromedriver                        0x0000000100747e24 chromedriver + 474660
7   chromedriver                        0x000000010071f238 chromedriver + 307768
8   chromedriver                        0x0000000100b28c7c __gxx_personality_v0 + 295672
9   chromedriver                        0x0000000100b3cbd8 __gxx_personality_v0 + 377428
10  chromedriver                        0x0000000100b412b0 __gxx_personality_v0 + 395564
11  chromedriver                        0x0000000100b3d9f8 __gxx_personality_v0 + 381044
12  chromedriver                        0x0000000100b1e754 __gxx_personality_v0 + 253392
13  chromedriver                        0x0000000100b56a38 __gxx_personality_v0 + 483508
14  chromedriver                        0x0000000100b56bac __gxx_personality_v0 + 483880
15  chromedriver                        0x0000000100b6bfec __gxx_personality_v0 + 570984
16  libsystem_pthread.dylib             0x000000019d341240 _pthread_start + 148
17  libsystem_pthread.dylib             0x000000019d33c024 thread_start + 8
]]>
            </message>
            <full-stacktrace>
              <![CDATA[org.openqa.selenium.SessionNotCreatedException: session not created: This version of ChromeDriver only supports Chrome version 96
Current browser version is 98.0.4758.102 with binary path /Applications/Google Chrome.app/Contents/MacOS/Google Chrome
Build info: version: '3.141.59', revision: 'e82be7d358', time: '2018-11-14T08:17:03'
System info: host: 'khosruzs-MBP.lan', ip: '2603:7000:ac00:531d:0:0:0:1fc5%en0', os.name: 'Mac OS X', os.arch: 'x86_64', os.version: '10.16', java.version: '1.8.0_271'
Driver info: driver.version: ChromeDriver
remote stacktrace: 0   chromedriver                        0x0000000100b65408 __gxx_personality_v0 + 543364
1   chromedriver                        0x0000000100afb138 __gxx_personality_v0 + 108468
2   chromedriver                        0x00000001006fa7d8 chromedriver + 157656
3   chromedriver                        0x000000010071cb88 chromedriver + 297864
4   chromedriver                        0x0000000100719608 chromedriver + 284168
5   chromedriver                        0x0000000100716624 chromedriver + 271908
6   chromedriver                        0x0000000100747e24 chromedriver + 474660
7   chromedriver                        0x000000010071f238 chromedriver + 307768
8   chromedriver                        0x0000000100b28c7c __gxx_personality_v0 + 295672
9   chromedriver                        0x0000000100b3cbd8 __gxx_personality_v0 + 377428
10  chromedriver                        0x0000000100b412b0 __gxx_personality_v0 + 395564
11  chromedriver                        0x0000000100b3d9f8 __gxx_personality_v0 + 381044
12  chromedriver                        0x0000000100b1e754 __gxx_personality_v0 + 253392
13  chromedriver                        0x0000000100b56a38 __gxx_personality_v0 + 483508
14  chromedriver                        0x0000000100b56bac __gxx_personality_v0 + 483880
15  chromedriver                        0x0000000100b6bfec __gxx_personality_v0 + 570984
16  libsystem_pthread.dylib             0x000000019d341240 _pthread_start + 148
17  libsystem_pthread.dylib             0x000000019d33c024 thread_start + 8

at sun.reflect.NativeConstructorAccessorImpl.newInstance0(Native Method)
at sun.reflect.NativeConstructorAccessorImpl.newInstance(NativeConstructorAccessorImpl.java:62)
at sun.reflect.DelegatingConstructorAccessorImpl.newInstance(DelegatingConstructorAccessorImpl.java:45)
at java.lang.reflect.Constructor.newInstance(Constructor.java:423)
at org.openqa.selenium.remote.W3CHandshakeResponse.lambda$errorHandler$0(W3CHandshakeResponse.java:62)
at org.openqa.selenium.remote.HandshakeResponse.lambda$getResponseFunction$0(HandshakeResponse.java:30)
at org.openqa.selenium.remote.ProtocolHandshake.lambda$createSession$0(ProtocolHandshake.java:126)
at java.util.stream.ReferencePipeline$3$1.accept(ReferencePipeline.java:193)
at java.util.Spliterators$ArraySpliterator.tryAdvance(Spliterators.java:958)
at java.util.stream.ReferencePipeline.forEachWithCancel(ReferencePipeline.java:126)
at java.util.stream.AbstractPipeline.copyIntoWithCancel(AbstractPipeline.java:499)
at java.util.stream.AbstractPipeline.copyInto(AbstractPipeline.java:486)
at java.util.stream.AbstractPipeline.wrapAndCopyInto(AbstractPipeline.java:472)
at java.util.stream.FindOps$FindOp.evaluateSequential(FindOps.java:152)
at java.util.stream.AbstractPipeline.evaluate(AbstractPipeline.java:234)
at java.util.stream.ReferencePipeline.findFirst(ReferencePipeline.java:464)
at org.openqa.selenium.remote.ProtocolHandshake.createSession(ProtocolHandshake.java:128)
at org.openqa.selenium.remote.ProtocolHandshake.createSession(ProtocolHandshake.java:74)
at org.openqa.selenium.remote.HttpCommandExecutor.execute(HttpCommandExecutor.java:136)
at org.openqa.selenium.remote.service.DriverCommandExecutor.execute(DriverCommandExecutor.java:83)
at org.openqa.selenium.remote.RemoteWebDriver.execute(RemoteWebDriver.java:552)
at org.openqa.selenium.remote.RemoteWebDriver.startSession(RemoteWebDriver.java:213)
at org.openqa.selenium.remote.RemoteWebDriver.<init>(RemoteWebDriver.java:131)
at org.openqa.selenium.chrome.ChromeDriver.<init>(ChromeDriver.java:181)
at org.openqa.selenium.chrome.ChromeDriver.<init>(ChromeDriver.java:168)
at org.openqa.selenium.chrome.ChromeDriver.<init>(ChromeDriver.java:123)
at com.mco.base.TestBase.initialization(TestBase.java:38)
at com.mco.tests.HomePageTest.setUp(HomePageTest.java:21)
at sun.reflect.NativeMethodAccessorImpl.invoke0(Native Method)
at sun.reflect.NativeMethodAccessorImpl.invoke(NativeMethodAccessorImpl.java:62)
at sun.reflect.DelegatingMethodAccessorImpl.invoke(DelegatingMethodAccessorImpl.java:43)
at java.lang.reflect.Method.invoke(Method.java:498)
at org.testng.internal.MethodInvocationHelper.invokeMethod(MethodInvocationHelper.java:132)
at org.testng.internal.MethodInvocationHelper.invokeMethodConsideringTimeout(MethodInvocationHelper.java:61)
at org.testng.internal.ConfigInvoker.invokeConfigurationMethod(ConfigInvoker.java:366)
at org.testng.internal.ConfigInvoker.invokeConfigurations(ConfigInvoker.java:320)
at org.testng.internal.TestInvoker.runConfigMethods(TestInvoker.java:701)
at org.testng.internal.TestInvoker.invokeMethod(TestInvoker.java:527)
at org.testng.internal.TestInvoker.invokeTestMethod(TestInvoker.java:174)
at org.testng.internal.MethodRunner.runInSequence(MethodRunner.java:46)
at org.testng.internal.TestInvoker$MethodInvocationAgent.invoke(TestInvoker.java:822)
at org.testng.internal.TestInvoker.invokeTestMethods(TestInvoker.java:147)
at org.testng.internal.TestMethodWorker.invokeTestMethods(TestMethodWorker.java:146)
at org.testng.internal.TestMethodWorker.run(TestMethodWorker.java:128)
at java.util.ArrayList.forEach(ArrayList.java:1259)
at org.testng.TestRunner.privateRun(TestRunner.java:764)
at org.testng.TestRunner.run(TestRunner.java:585)
at org.testng.SuiteRunner.runTest(SuiteRunner.java:384)
at org.testng.SuiteRunner.runSequentially(SuiteRunner.java:378)
at org.testng.SuiteRunner.privateRun(SuiteRunner.java:337)
at org.testng.SuiteRunner.run(SuiteRunner.java:286)
at org.testng.SuiteRunnerWorker.runSuite(SuiteRunnerWorker.java:53)
at org.testng.SuiteRunnerWorker.run(SuiteRunnerWorker.java:96)
at org.testng.TestNG.runSuitesSequentially(TestNG.java:1218)
at org.testng.TestNG.runSuitesLocally(TestNG.java:1140)
at org.testng.TestNG.runSuites(TestNG.java:1069)
at org.testng.TestNG.run(TestNG.java:1037)
at org.apache.maven.surefire.testng.TestNGExecutor.run(TestNGExecutor.java:284)
at org.apache.maven.surefire.testng.TestNGXmlTestSuite.execute(TestNGXmlTestSuite.java:75)
at org.apache.maven.surefire.testng.TestNGProvider.invoke(TestNGProvider.java:119)
at org.apache.maven.surefire.booter.ForkedBooter.runSuitesInProcess(ForkedBooter.java:428)
at org.apache.maven.surefire.booter.ForkedBooter.execute(ForkedBooter.java:162)
at org.apache.maven.surefire.booter.ForkedBooter.run(ForkedBooter.java:562)
at org.apache.maven.surefire.booter.ForkedBooter.main(ForkedBooter.java:548)
]]>
            </full-stacktrace>
          </exception> <!-- org.openqa.selenium.SessionNotCreatedException -->
          <reporter-output>
          </reporter-output>
        </test-method> <!-- curencyListTest -->
        <test-method status="SKIP" signature="tearDown()[pri:0, instance:com.mco.tests.HomePageTest@43814d18]" name="tearDown" is-config="true" duration-ms="-1645505639969" started-at="2022-02-21T23:53:59 EST" finished-at="1969-12-31T19:00:00 EST">
          <reporter-output>
          </reporter-output>
        </test-method> <!-- tearDown -->
      </class> <!-- com.mco.tests.HomePageTest -->
    </test> <!-- Sanity test -->
  </suite> <!-- MultiCart Online Automation Suit -->
</testng-results>
