<?xml version="1.0" encoding="UTF-8"?>
<!-- Generated by org.testng.reporters.JUnitReportReporter -->
<testsuite hostname="khosruzs-MacBook-Pro.local" failures="0" tests="7" name="com.mco.tests.HomePageTest" time="16.180" errors="1" timestamp="2022-03-03T22:53:24 EST" skipped="6">
  <testcase classname="com.mco.tests.HomePageTest" name="setUp" time="16.180">
    <error message="session not created: This version of ChromeDriver only supports Chrome version 96
Current browser version is 99.0.4844.51 with binary path /Applications/Google Chrome.app/Contents/MacOS/Google Chrome
Build info: version: &#039;3.141.59&#039;, revision: &#039;e82be7d358&#039;, time: &#039;2018-11-14T08:17:03&#039;
System info: host: &#039;khosruzs-MacBook-Pro.local&#039;, ip: &#039;fe80:0:0:0:91:e4a6:a06c:efe9%en0&#039;, os.name: &#039;Mac OS X&#039;, os.arch: &#039;x86_64&#039;, os.version: &#039;10.16&#039;, java.version: &#039;15.0.2&#039;
Driver info: driver.version: ChromeDriver
remote stacktrace: 0   chromedriver                        0x00000001045d1408 __gxx_personality_v0 + 543364
1   chromedriver                        0x0000000104567138 __gxx_personality_v0 + 108468
2   chromedriver                        0x00000001041667d8 chromedriver + 157656
3   chromedriver                        0x0000000104188b88 chromedriver + 297864
4   chromedriver                        0x0000000104185608 chromedriver + 284168
5   chromedriver                        0x0000000104182624 chromedriver + 271908
6   chromedriver                        0x00000001041b3e24 chromedriver + 474660
7   chromedriver                        0x000000010418b238 chromedriver + 307768
8   chromedriver                        0x0000000104594c7c __gxx_personality_v0 + 295672
9   chromedriver                        0x00000001045a8bd8 __gxx_personality_v0 + 377428
10  chromedriver                        0x00000001045ad2b0 __gxx_personality_v0 + 395564
11  chromedriver                        0x00000001045a99f8 __gxx_personality_v0 + 381044
12  chromedriver                        0x000000010458a754 __gxx_personality_v0 + 253392
13  chromedriver                        0x00000001045c2a38 __gxx_personality_v0 + 483508
14  chromedriver                        0x00000001045c2bac __gxx_personality_v0 + 483880
15  chromedriver                        0x00000001045d7fec __gxx_personality_v0 + 570984
16  libsystem_pthread.dylib             0x00000001a2e21240 _pthread_start + 148
17  libsystem_pthread.dylib             0x00000001a2e1c024 thread_start + 8
" type="org.openqa.selenium.SessionNotCreatedException">
      <![CDATA[org.openqa.selenium.SessionNotCreatedException: session not created: This version of ChromeDriver only supports Chrome version 96
Current browser version is 99.0.4844.51 with binary path /Applications/Google Chrome.app/Contents/MacOS/Google Chrome
Build info: version: '3.141.59', revision: 'e82be7d358', time: '2018-11-14T08:17:03'
System info: host: 'khosruzs-MacBook-Pro.local', ip: 'fe80:0:0:0:91:e4a6:a06c:efe9%en0', os.name: 'Mac OS X', os.arch: 'x86_64', os.version: '10.16', java.version: '15.0.2'
Driver info: driver.version: ChromeDriver
remote stacktrace: 0   chromedriver                        0x00000001045d1408 __gxx_personality_v0 + 543364
1   chromedriver                        0x0000000104567138 __gxx_personality_v0 + 108468
2   chromedriver                        0x00000001041667d8 chromedriver + 157656
3   chromedriver                        0x0000000104188b88 chromedriver + 297864
4   chromedriver                        0x0000000104185608 chromedriver + 284168
5   chromedriver                        0x0000000104182624 chromedriver + 271908
6   chromedriver                        0x00000001041b3e24 chromedriver + 474660
7   chromedriver                        0x000000010418b238 chromedriver + 307768
8   chromedriver                        0x0000000104594c7c __gxx_personality_v0 + 295672
9   chromedriver                        0x00000001045a8bd8 __gxx_personality_v0 + 377428
10  chromedriver                        0x00000001045ad2b0 __gxx_personality_v0 + 395564
11  chromedriver                        0x00000001045a99f8 __gxx_personality_v0 + 381044
12  chromedriver                        0x000000010458a754 __gxx_personality_v0 + 253392
13  chromedriver                        0x00000001045c2a38 __gxx_personality_v0 + 483508
14  chromedriver                        0x00000001045c2bac __gxx_personality_v0 + 483880
15  chromedriver                        0x00000001045d7fec __gxx_personality_v0 + 570984
16  libsystem_pthread.dylib             0x00000001a2e21240 _pthread_start + 148
17  libsystem_pthread.dylib             0x00000001a2e1c024 thread_start + 8

at java.base/jdk.internal.reflect.NativeConstructorAccessorImpl.newInstance0(Native Method)
at java.base/jdk.internal.reflect.NativeConstructorAccessorImpl.newInstance(NativeConstructorAccessorImpl.java:64)
at java.base/jdk.internal.reflect.DelegatingConstructorAccessorImpl.newInstance(DelegatingConstructorAccessorImpl.java:45)
at java.base/java.lang.reflect.Constructor.newInstanceWithCaller(Constructor.java:500)
at java.base/java.lang.reflect.Constructor.newInstance(Constructor.java:481)
at org.openqa.selenium.remote.W3CHandshakeResponse.lambda$errorHandler$0(W3CHandshakeResponse.java:62)
at org.openqa.selenium.remote.HandshakeResponse.lambda$getResponseFunction$0(HandshakeResponse.java:30)
at org.openqa.selenium.remote.ProtocolHandshake.lambda$createSession$0(ProtocolHandshake.java:126)
at java.base/java.util.stream.ReferencePipeline$3$1.accept(ReferencePipeline.java:195)
at java.base/java.util.Spliterators$ArraySpliterator.tryAdvance(Spliterators.java:958)
at java.base/java.util.stream.ReferencePipeline.forEachWithCancel(ReferencePipeline.java:127)
at java.base/java.util.stream.AbstractPipeline.copyIntoWithCancel(AbstractPipeline.java:502)
at java.base/java.util.stream.AbstractPipeline.copyInto(AbstractPipeline.java:488)
at java.base/java.util.stream.AbstractPipeline.wrapAndCopyInto(AbstractPipeline.java:474)
at java.base/java.util.stream.FindOps$FindOp.evaluateSequential(FindOps.java:150)
at java.base/java.util.stream.AbstractPipeline.evaluate(AbstractPipeline.java:234)
at java.base/java.util.stream.ReferencePipeline.findFirst(ReferencePipeline.java:543)
at org.openqa.selenium.remote.ProtocolHandshake.createSession(ProtocolHandshake.java:128)
at org.openqa.selenium.remote.ProtocolHandshake.createSession(ProtocolHandshake.java:74)
at org.openqa.selenium.remote.HttpCommandExecutor.execute(HttpCommandExecutor.java:136)
at org.openqa.selenium.remote.service.DriverCommandExecutor.execute(DriverCommandExecutor.java:83)
at org.openqa.selenium.remote.RemoteWebDriver.execute(RemoteWebDriver.java:552)
at org.openqa.selenium.remote.RemoteWebDriver.startSession(RemoteWebDriver.java:213)
at org.openqa.selenium.remote.RemoteWebDriver.<init>(RemoteWebDriver.java:131)
at org.openqa.selenium.chrome.ChromeDriver.<init>(ChromeDriver.java:181)
at org.openqa.selenium.chrome.ChromeDriver.<init>(ChromeDriver.java:168)
at org.openqa.selenium.chrome.ChromeDriver.<init>(ChromeDriver.java:123)
at com.mco.base.TestBase.initialization(TestBase.java:38)
at com.mco.tests.HomePageTest.setUp(HomePageTest.java:21)
at java.base/jdk.internal.reflect.NativeMethodAccessorImpl.invoke0(Native Method)
at java.base/jdk.internal.reflect.NativeMethodAccessorImpl.invoke(NativeMethodAccessorImpl.java:64)
at java.base/jdk.internal.reflect.DelegatingMethodAccessorImpl.invoke(DelegatingMethodAccessorImpl.java:43)
at java.base/java.lang.reflect.Method.invoke(Method.java:564)
at org.testng.internal.MethodInvocationHelper.invokeMethod(MethodInvocationHelper.java:133)
at org.testng.internal.MethodInvocationHelper.invokeMethodConsideringTimeout(MethodInvocationHelper.java:62)
at org.testng.internal.ConfigInvoker.invokeConfigurationMethod(ConfigInvoker.java:385)
at org.testng.internal.ConfigInvoker.invokeConfigurations(ConfigInvoker.java:321)
at org.testng.internal.TestInvoker.runConfigMethods(TestInvoker.java:700)
at org.testng.internal.TestInvoker.invokeMethod(TestInvoker.java:527)
at org.testng.internal.TestInvoker.invokeTestMethod(TestInvoker.java:173)
at org.testng.internal.MethodRunner.runInSequence(MethodRunner.java:46)
at org.testng.internal.TestInvoker$MethodInvocationAgent.invoke(TestInvoker.java:824)
at org.testng.internal.TestInvoker.invokeTestMethods(TestInvoker.java:146)
at org.testng.internal.TestMethodWorker.invokeTestMethods(TestMethodWorker.java:146)
at org.testng.internal.TestMethodWorker.run(TestMethodWorker.java:128)
at java.base/java.util.ArrayList.forEach(ArrayList.java:1511)
at org.testng.TestRunner.privateRun(TestRunner.java:794)
at org.testng.TestRunner.run(TestRunner.java:596)
at org.testng.SuiteRunner.runTest(SuiteRunner.java:377)
at org.testng.SuiteRunner.runSequentially(SuiteRunner.java:371)
at org.testng.SuiteRunner.privateRun(SuiteRunner.java:332)
at org.testng.SuiteRunner.run(SuiteRunner.java:276)
at org.testng.SuiteRunnerWorker.runSuite(SuiteRunnerWorker.java:53)
at org.testng.SuiteRunnerWorker.run(SuiteRunnerWorker.java:96)
at org.testng.TestNG.runSuitesSequentially(TestNG.java:1212)
at org.testng.TestNG.runSuitesLocally(TestNG.java:1134)
at org.testng.TestNG.runSuites(TestNG.java:1063)
at org.testng.TestNG.run(TestNG.java:1031)
at org.testng.remote.AbstractRemoteTestNG.run(AbstractRemoteTestNG.java:115)
at org.testng.remote.RemoteTestNG.initAndRun(RemoteTestNG.java:251)
at org.testng.remote.RemoteTestNG.main(RemoteTestNG.java:77)
]]>
    </error>
  </testcase> <!-- setUp -->
  <system-out/>
  <testcase classname="com.mco.tests.HomePageTest" name="pageTitleTest" time="0.000">
    <skipped/>
  </testcase> <!-- pageTitleTest -->
  <system-out/>
  <testcase classname="com.mco.tests.HomePageTest" name="loginSourceButtonTest" time="0.000">
    <skipped/>
  </testcase> <!-- loginSourceButtonTest -->
  <system-out/>
  <testcase classname="com.mco.tests.HomePageTest" name="aboutUsLinkTest" time="0.000">
    <skipped/>
  </testcase> <!-- aboutUsLinkTest -->
  <system-out/>
  <testcase classname="com.mco.tests.HomePageTest" name="contactUsLinkTest" time="0.000">
    <skipped/>
  </testcase> <!-- contactUsLinkTest -->
  <system-out/>
  <testcase classname="com.mco.tests.HomePageTest" name="viewCartLinkTest" time="0.000">
    <skipped/>
  </testcase> <!-- viewCartLinkTest -->
  <system-out/>
  <testcase classname="com.mco.tests.HomePageTest" name="curencyListTest" time="0.000">
    <skipped/>
  </testcase> <!-- curencyListTest -->
  <system-out/>
</testsuite> <!-- com.mco.tests.HomePageTest -->
