<?xml version="1.0" encoding="UTF-8"?>
<!-- Generated by org.testng.reporters.JUnitReportReporter -->
<testsuite skipped="3" hostname="khosruzs-MBP.lan" name="com.mco.tests.LoginPageTest" tests="5" failures="0" timestamp="2021-04-06T11:25:56 EDT" time="5.929" errors="1">
  <testcase name="setUp" time="5.911" classname="com.mco.tests.LoginPageTest">
    <error type="org.openqa.selenium.WebDriverException" message="unknown error: Chrome failed to start: crashed.
  (chrome not reachable)
  (The process started from chrome location /Applications/Google Chrome.app/Contents/MacOS/Google Chrome is no longer running, so ChromeDriver is assuming that Chrome has crashed.)
Build info: version: &#039;3.141.59&#039;, revision: &#039;e82be7d358&#039;, time: &#039;2018-11-14T08:17:03&#039;
System info: host: &#039;khosruzs-MBP.lan&#039;, ip: &#039;2603:7000:ac41:dd19:0:0:0:1fc5%en0&#039;, os.name: &#039;Mac OS X&#039;, os.arch: &#039;x86_64&#039;, os.version: &#039;10.16&#039;, java.version: &#039;1.8.0_271&#039;
Driver info: driver.version: ChromeDriver
remote stacktrace: 0   chromedriver                        0x0000000103063909 chromedriver + 2533641
1   chromedriver                        0x00000001036edd53 chromedriver + 9391443
2   chromedriver                        0x0000000102e213c3 chromedriver + 164803
3   chromedriver                        0x0000000102e4212c chromedriver + 299308
4   chromedriver                        0x0000000102e3e9a5 chromedriver + 285093
5   chromedriver                        0x0000000102e71834 chromedriver + 493620
6   chromedriver                        0x0000000102e6cb43 chromedriver + 473923
7   chromedriver                        0x0000000102e47616 chromedriver + 321046
8   chromedriver                        0x0000000102e48587 chromedriver + 324999
9   chromedriver                        0x00000001030327f9 chromedriver + 2332665
10  chromedriver                        0x000000010303f963 chromedriver + 2386275
11  chromedriver                        0x000000010303f45b chromedriver + 2384987
12  chromedriver                        0x00000001030195b5 chromedriver + 2229685
13  chromedriver                        0x00000001030403bf chromedriver + 2388927
14  chromedriver                        0x0000000103027c79 chromedriver + 2288761
15  chromedriver                        0x0000000103056f69 chromedriver + 2482025
16  chromedriver                        0x0000000103069103 chromedriver + 2556163
17  libsystem_pthread.dylib             0x00007fff20362950 _pthread_start + 224
18  libsystem_pthread.dylib             0x00007fff2035e47b thread_start + 15
">
      <![CDATA[org.openqa.selenium.WebDriverException: unknown error: Chrome failed to start: crashed.
  (chrome not reachable)
  (The process started from chrome location /Applications/Google Chrome.app/Contents/MacOS/Google Chrome is no longer running, so ChromeDriver is assuming that Chrome has crashed.)
Build info: version: '3.141.59', revision: 'e82be7d358', time: '2018-11-14T08:17:03'
System info: host: 'khosruzs-MBP.lan', ip: '2603:7000:ac41:dd19:0:0:0:1fc5%en0', os.name: 'Mac OS X', os.arch: 'x86_64', os.version: '10.16', java.version: '1.8.0_271'
Driver info: driver.version: ChromeDriver
remote stacktrace: 0   chromedriver                        0x0000000103063909 chromedriver + 2533641
1   chromedriver                        0x00000001036edd53 chromedriver + 9391443
2   chromedriver                        0x0000000102e213c3 chromedriver + 164803
3   chromedriver                        0x0000000102e4212c chromedriver + 299308
4   chromedriver                        0x0000000102e3e9a5 chromedriver + 285093
5   chromedriver                        0x0000000102e71834 chromedriver + 493620
6   chromedriver                        0x0000000102e6cb43 chromedriver + 473923
7   chromedriver                        0x0000000102e47616 chromedriver + 321046
8   chromedriver                        0x0000000102e48587 chromedriver + 324999
9   chromedriver                        0x00000001030327f9 chromedriver + 2332665
10  chromedriver                        0x000000010303f963 chromedriver + 2386275
11  chromedriver                        0x000000010303f45b chromedriver + 2384987
12  chromedriver                        0x00000001030195b5 chromedriver + 2229685
13  chromedriver                        0x00000001030403bf chromedriver + 2388927
14  chromedriver                        0x0000000103027c79 chromedriver + 2288761
15  chromedriver                        0x0000000103056f69 chromedriver + 2482025
16  chromedriver                        0x0000000103069103 chromedriver + 2556163
17  libsystem_pthread.dylib             0x00007fff20362950 _pthread_start + 224
18  libsystem_pthread.dylib             0x00007fff2035e47b thread_start + 15

at sun.reflect.NativeConstructorAccessorImpl.newInstance0(Native Method)
at sun.reflect.NativeConstructorAccessorImpl.newInstance(NativeConstructorAccessorImpl.java:62)
at sun.reflect.DelegatingConstructorAccessorImpl.newInstance(DelegatingConstructorAccessorImpl.java:45)
at java.lang.reflect.Constructor.newInstance(Constructor.java:423)
at org.openqa.selenium.remote.W3CHandshakeResponse.lambda$errorHandler$0(W3CHandshakeResponse.java:62)
at org.openqa.selenium.remote.HandshakeResponse.lambda$getResponseFunction$0(HandshakeResponse.java:30)
at org.openqa.selenium.remote.ProtocolHandshake.lambda$createSession$0(ProtocolHandshake.java:126)
at java.util.stream.ReferencePipeline$3$1.accept(ReferencePipeline.java:193)
at java.util.Spliterators$ArraySpliterator.tryAdvance(Spliterators.java:958)
at java.util.stream.ReferencePipeline.forEachWithCancel(ReferencePipeline.java:126)
at java.util.stream.AbstractPipeline.copyIntoWithCancel(AbstractPipeline.java:499)
at java.util.stream.AbstractPipeline.copyInto(AbstractPipeline.java:486)
at java.util.stream.AbstractPipeline.wrapAndCopyInto(AbstractPipeline.java:472)
at java.util.stream.FindOps$FindOp.evaluateSequential(FindOps.java:152)
at java.util.stream.AbstractPipeline.evaluate(AbstractPipeline.java:234)
at java.util.stream.ReferencePipeline.findFirst(ReferencePipeline.java:464)
at org.openqa.selenium.remote.ProtocolHandshake.createSession(ProtocolHandshake.java:128)
at org.openqa.selenium.remote.ProtocolHandshake.createSession(ProtocolHandshake.java:74)
at org.openqa.selenium.remote.HttpCommandExecutor.execute(HttpCommandExecutor.java:136)
at org.openqa.selenium.remote.service.DriverCommandExecutor.execute(DriverCommandExecutor.java:83)
at org.openqa.selenium.remote.RemoteWebDriver.execute(RemoteWebDriver.java:552)
at org.openqa.selenium.remote.RemoteWebDriver.startSession(RemoteWebDriver.java:213)
at org.openqa.selenium.remote.RemoteWebDriver.<init>(RemoteWebDriver.java:131)
at org.openqa.selenium.chrome.ChromeDriver.<init>(ChromeDriver.java:181)
at org.openqa.selenium.chrome.ChromeDriver.<init>(ChromeDriver.java:168)
at org.openqa.selenium.chrome.ChromeDriver.<init>(ChromeDriver.java:123)
at com.mco.base.TestBase.initialization(TestBase.java:38)
at com.mco.tests.LoginPageTest.setUp(LoginPageTest.java:27)
at sun.reflect.NativeMethodAccessorImpl.invoke0(Native Method)
at sun.reflect.NativeMethodAccessorImpl.invoke(NativeMethodAccessorImpl.java:62)
at sun.reflect.DelegatingMethodAccessorImpl.invoke(DelegatingMethodAccessorImpl.java:43)
at java.lang.reflect.Method.invoke(Method.java:498)
at org.testng.internal.MethodInvocationHelper.invokeMethod(MethodInvocationHelper.java:132)
at org.testng.internal.MethodInvocationHelper.invokeMethodConsideringTimeout(MethodInvocationHelper.java:61)
at org.testng.internal.ConfigInvoker.invokeConfigurationMethod(ConfigInvoker.java:366)
at org.testng.internal.ConfigInvoker.invokeConfigurations(ConfigInvoker.java:320)
at org.testng.internal.TestInvoker.runConfigMethods(TestInvoker.java:701)
at org.testng.internal.TestInvoker.invokeMethod(TestInvoker.java:527)
at org.testng.internal.TestInvoker.invokeTestMethod(TestInvoker.java:174)
at org.testng.internal.MethodRunner.runInSequence(MethodRunner.java:46)
at org.testng.internal.TestInvoker$MethodInvocationAgent.invoke(TestInvoker.java:822)
at org.testng.internal.TestInvoker.invokeTestMethods(TestInvoker.java:147)
at org.testng.internal.TestMethodWorker.invokeTestMethods(TestMethodWorker.java:146)
at org.testng.internal.TestMethodWorker.run(TestMethodWorker.java:128)
at java.util.ArrayList.forEach(ArrayList.java:1259)
at org.testng.TestRunner.privateRun(TestRunner.java:764)
at org.testng.TestRunner.run(TestRunner.java:585)
at org.testng.SuiteRunner.runTest(SuiteRunner.java:384)
at org.testng.SuiteRunner.runSequentially(SuiteRunner.java:378)
at org.testng.SuiteRunner.privateRun(SuiteRunner.java:337)
at org.testng.SuiteRunner.run(SuiteRunner.java:286)
at org.testng.SuiteRunnerWorker.runSuite(SuiteRunnerWorker.java:53)
at org.testng.SuiteRunnerWorker.run(SuiteRunnerWorker.java:96)
at org.testng.TestNG.runSuitesSequentially(TestNG.java:1218)
at org.testng.TestNG.runSuitesLocally(TestNG.java:1140)
at org.testng.TestNG.runSuites(TestNG.java:1069)
at org.testng.TestNG.run(TestNG.java:1037)
at org.apache.maven.surefire.testng.TestNGExecutor.run(TestNGExecutor.java:284)
at org.apache.maven.surefire.testng.TestNGXmlTestSuite.execute(TestNGXmlTestSuite.java:75)
at org.apache.maven.surefire.testng.TestNGProvider.invoke(TestNGProvider.java:119)
at org.apache.maven.surefire.booter.ForkedBooter.runSuitesInProcess(ForkedBooter.java:428)
at org.apache.maven.surefire.booter.ForkedBooter.execute(ForkedBooter.java:162)
at org.apache.maven.surefire.booter.ForkedBooter.run(ForkedBooter.java:562)
at org.apache.maven.surefire.booter.ForkedBooter.main(ForkedBooter.java:548)
]]>
    </error>
  </testcase> <!-- setUp -->
  <system-out/>
  <testcase name="loginPageTitleTest" time="0.018" classname="com.mco.tests.LoginPageTest"/>
  <system-out/>
  <testcase name="loginLogoTest" time="0.000" classname="com.mco.tests.LoginPageTest">
    <skipped/>
  </testcase> <!-- loginLogoTest -->
  <system-out/>
  <testcase name="loginTest" time="0.000" classname="com.mco.tests.LoginPageTest">
    <skipped/>
  </testcase> <!-- loginTest -->
  <system-out/>
  <testcase name="curentUserNameTest" time="0.000" classname="com.mco.tests.LoginPageTest">
    <skipped/>
  </testcase> <!-- curentUserNameTest -->
  <system-out/>
</testsuite> <!-- com.mco.tests.LoginPageTest -->
