<?xml version="1.0" encoding="UTF-8"?>
<!-- Generated by org.testng.reporters.JUnitReportReporter -->
<testsuite skipped="6" hostname="khosruzs-MBP.lan" name="com.mco.tests.HomePageTest" tests="7" failures="0" timestamp="2022-02-21T23:54:00 EST" time="2.467" errors="1">
  <testcase name="setUp" time="2.467" classname="com.mco.tests.HomePageTest">
    <error type="org.openqa.selenium.SessionNotCreatedException" message="session not created: This version of ChromeDriver only supports Chrome version 96
Current browser version is 98.0.4758.102 with binary path /Applications/Google Chrome.app/Contents/MacOS/Google Chrome
Build info: version: &#039;3.141.59&#039;, revision: &#039;e82be7d358&#039;, time: &#039;2018-11-14T08:17:03&#039;
System info: host: &#039;khosruzs-MBP.lan&#039;, ip: &#039;2603:7000:ac00:531d:0:0:0:1fc5%en0&#039;, os.name: &#039;Mac OS X&#039;, os.arch: &#039;x86_64&#039;, os.version: &#039;10.16&#039;, java.version: &#039;1.8.0_271&#039;
Driver info: driver.version: ChromeDriver
remote stacktrace: 0   chromedriver                        0x0000000100b65408 __gxx_personality_v0 + 543364
1   chromedriver                        0x0000000100afb138 __gxx_personality_v0 + 108468
2   chromedriver                        0x00000001006fa7d8 chromedriver + 157656
3   chromedriver                        0x000000010071cb88 chromedriver + 297864
4   chromedriver                        0x0000000100719608 chromedriver + 284168
5   chromedriver                        0x0000000100716624 chromedriver + 271908
6   chromedriver                        0x0000000100747e24 chromedriver + 474660
7   chromedriver                        0x000000010071f238 chromedriver + 307768
8   chromedriver                        0x0000000100b28c7c __gxx_personality_v0 + 295672
9   chromedriver                        0x0000000100b3cbd8 __gxx_personality_v0 + 377428
10  chromedriver                        0x0000000100b412b0 __gxx_personality_v0 + 395564
11  chromedriver                        0x0000000100b3d9f8 __gxx_personality_v0 + 381044
12  chromedriver                        0x0000000100b1e754 __gxx_personality_v0 + 253392
13  chromedriver                        0x0000000100b56a38 __gxx_personality_v0 + 483508
14  chromedriver                        0x0000000100b56bac __gxx_personality_v0 + 483880
15  chromedriver                        0x0000000100b6bfec __gxx_personality_v0 + 570984
16  libsystem_pthread.dylib             0x000000019d341240 _pthread_start + 148
17  libsystem_pthread.dylib             0x000000019d33c024 thread_start + 8
">
      <![CDATA[org.openqa.selenium.SessionNotCreatedException: session not created: This version of ChromeDriver only supports Chrome version 96
Current browser version is 98.0.4758.102 with binary path /Applications/Google Chrome.app/Contents/MacOS/Google Chrome
Build info: version: '3.141.59', revision: 'e82be7d358', time: '2018-11-14T08:17:03'
System info: host: 'khosruzs-MBP.lan', ip: '2603:7000:ac00:531d:0:0:0:1fc5%en0', os.name: 'Mac OS X', os.arch: 'x86_64', os.version: '10.16', java.version: '1.8.0_271'
Driver info: driver.version: ChromeDriver
remote stacktrace: 0   chromedriver                        0x0000000100b65408 __gxx_personality_v0 + 543364
1   chromedriver                        0x0000000100afb138 __gxx_personality_v0 + 108468
2   chromedriver                        0x00000001006fa7d8 chromedriver + 157656
3   chromedriver                        0x000000010071cb88 chromedriver + 297864
4   chromedriver                        0x0000000100719608 chromedriver + 284168
5   chromedriver                        0x0000000100716624 chromedriver + 271908
6   chromedriver                        0x0000000100747e24 chromedriver + 474660
7   chromedriver                        0x000000010071f238 chromedriver + 307768
8   chromedriver                        0x0000000100b28c7c __gxx_personality_v0 + 295672
9   chromedriver                        0x0000000100b3cbd8 __gxx_personality_v0 + 377428
10  chromedriver                        0x0000000100b412b0 __gxx_personality_v0 + 395564
11  chromedriver                        0x0000000100b3d9f8 __gxx_personality_v0 + 381044
12  chromedriver                        0x0000000100b1e754 __gxx_personality_v0 + 253392
13  chromedriver                        0x0000000100b56a38 __gxx_personality_v0 + 483508
14  chromedriver                        0x0000000100b56bac __gxx_personality_v0 + 483880
15  chromedriver                        0x0000000100b6bfec __gxx_personality_v0 + 570984
16  libsystem_pthread.dylib             0x000000019d341240 _pthread_start + 148
17  libsystem_pthread.dylib             0x000000019d33c024 thread_start + 8

at sun.reflect.NativeConstructorAccessorImpl.newInstance0(Native Method)
at sun.reflect.NativeConstructorAccessorImpl.newInstance(NativeConstructorAccessorImpl.java:62)
at sun.reflect.DelegatingConstructorAccessorImpl.newInstance(DelegatingConstructorAccessorImpl.java:45)
at java.lang.reflect.Constructor.newInstance(Constructor.java:423)
at org.openqa.selenium.remote.W3CHandshakeResponse.lambda$errorHandler$0(W3CHandshakeResponse.java:62)
at org.openqa.selenium.remote.HandshakeResponse.lambda$getResponseFunction$0(HandshakeResponse.java:30)
at org.openqa.selenium.remote.ProtocolHandshake.lambda$createSession$0(ProtocolHandshake.java:126)
at java.util.stream.ReferencePipeline$3$1.accept(ReferencePipeline.java:193)
at java.util.Spliterators$ArraySpliterator.tryAdvance(Spliterators.java:958)
at java.util.stream.ReferencePipeline.forEachWithCancel(ReferencePipeline.java:126)
at java.util.stream.AbstractPipeline.copyIntoWithCancel(AbstractPipeline.java:499)
at java.util.stream.AbstractPipeline.copyInto(AbstractPipeline.java:486)
at java.util.stream.AbstractPipeline.wrapAndCopyInto(AbstractPipeline.java:472)
at java.util.stream.FindOps$FindOp.evaluateSequential(FindOps.java:152)
at java.util.stream.AbstractPipeline.evaluate(AbstractPipeline.java:234)
at java.util.stream.ReferencePipeline.findFirst(ReferencePipeline.java:464)
at org.openqa.selenium.remote.ProtocolHandshake.createSession(ProtocolHandshake.java:128)
at org.openqa.selenium.remote.ProtocolHandshake.createSession(ProtocolHandshake.java:74)
at org.openqa.selenium.remote.HttpCommandExecutor.execute(HttpCommandExecutor.java:136)
at org.openqa.selenium.remote.service.DriverCommandExecutor.execute(DriverCommandExecutor.java:83)
at org.openqa.selenium.remote.RemoteWebDriver.execute(RemoteWebDriver.java:552)
at org.openqa.selenium.remote.RemoteWebDriver.startSession(RemoteWebDriver.java:213)
at org.openqa.selenium.remote.RemoteWebDriver.<init>(RemoteWebDriver.java:131)
at org.openqa.selenium.chrome.ChromeDriver.<init>(ChromeDriver.java:181)
at org.openqa.selenium.chrome.ChromeDriver.<init>(ChromeDriver.java:168)
at org.openqa.selenium.chrome.ChromeDriver.<init>(ChromeDriver.java:123)
at com.mco.base.TestBase.initialization(TestBase.java:38)
at com.mco.tests.HomePageTest.setUp(HomePageTest.java:21)
at sun.reflect.NativeMethodAccessorImpl.invoke0(Native Method)
at sun.reflect.NativeMethodAccessorImpl.invoke(NativeMethodAccessorImpl.java:62)
at sun.reflect.DelegatingMethodAccessorImpl.invoke(DelegatingMethodAccessorImpl.java:43)
at java.lang.reflect.Method.invoke(Method.java:498)
at org.testng.internal.MethodInvocationHelper.invokeMethod(MethodInvocationHelper.java:132)
at org.testng.internal.MethodInvocationHelper.invokeMethodConsideringTimeout(MethodInvocationHelper.java:61)
at org.testng.internal.ConfigInvoker.invokeConfigurationMethod(ConfigInvoker.java:366)
at org.testng.internal.ConfigInvoker.invokeConfigurations(ConfigInvoker.java:320)
at org.testng.internal.TestInvoker.runConfigMethods(TestInvoker.java:701)
at org.testng.internal.TestInvoker.invokeMethod(TestInvoker.java:527)
at org.testng.internal.TestInvoker.invokeTestMethod(TestInvoker.java:174)
at org.testng.internal.MethodRunner.runInSequence(MethodRunner.java:46)
at org.testng.internal.TestInvoker$MethodInvocationAgent.invoke(TestInvoker.java:822)
at org.testng.internal.TestInvoker.invokeTestMethods(TestInvoker.java:147)
at org.testng.internal.TestMethodWorker.invokeTestMethods(TestMethodWorker.java:146)
at org.testng.internal.TestMethodWorker.run(TestMethodWorker.java:128)
at java.util.ArrayList.forEach(ArrayList.java:1259)
at org.testng.TestRunner.privateRun(TestRunner.java:764)
at org.testng.TestRunner.run(TestRunner.java:585)
at org.testng.SuiteRunner.runTest(SuiteRunner.java:384)
at org.testng.SuiteRunner.runSequentially(SuiteRunner.java:378)
at org.testng.SuiteRunner.privateRun(SuiteRunner.java:337)
at org.testng.SuiteRunner.run(SuiteRunner.java:286)
at org.testng.SuiteRunnerWorker.runSuite(SuiteRunnerWorker.java:53)
at org.testng.SuiteRunnerWorker.run(SuiteRunnerWorker.java:96)
at org.testng.TestNG.runSuitesSequentially(TestNG.java:1218)
at org.testng.TestNG.runSuitesLocally(TestNG.java:1140)
at org.testng.TestNG.runSuites(TestNG.java:1069)
at org.testng.TestNG.run(TestNG.java:1037)
at org.apache.maven.surefire.testng.TestNGExecutor.run(TestNGExecutor.java:284)
at org.apache.maven.surefire.testng.TestNGXmlTestSuite.execute(TestNGXmlTestSuite.java:75)
at org.apache.maven.surefire.testng.TestNGProvider.invoke(TestNGProvider.java:119)
at org.apache.maven.surefire.booter.ForkedBooter.runSuitesInProcess(ForkedBooter.java:428)
at org.apache.maven.surefire.booter.ForkedBooter.execute(ForkedBooter.java:162)
at org.apache.maven.surefire.booter.ForkedBooter.run(ForkedBooter.java:562)
at org.apache.maven.surefire.booter.ForkedBooter.main(ForkedBooter.java:548)
]]>
    </error>
  </testcase> <!-- setUp -->
  <system-out/>
  <testcase name="pageTitleTest" time="0.000" classname="com.mco.tests.HomePageTest">
    <skipped/>
  </testcase> <!-- pageTitleTest -->
  <system-out/>
  <testcase name="loginSourceButtonTest" time="0.000" classname="com.mco.tests.HomePageTest">
    <skipped/>
  </testcase> <!-- loginSourceButtonTest -->
  <system-out/>
  <testcase name="aboutUsLinkTest" time="0.000" classname="com.mco.tests.HomePageTest">
    <skipped/>
  </testcase> <!-- aboutUsLinkTest -->
  <system-out/>
  <testcase name="contactUsLinkTest" time="0.000" classname="com.mco.tests.HomePageTest">
    <skipped/>
  </testcase> <!-- contactUsLinkTest -->
  <system-out/>
  <testcase name="viewCartLinkTest" time="0.000" classname="com.mco.tests.HomePageTest">
    <skipped/>
  </testcase> <!-- viewCartLinkTest -->
  <system-out/>
  <testcase name="curencyListTest" time="0.000" classname="com.mco.tests.HomePageTest">
    <skipped/>
  </testcase> <!-- curencyListTest -->
  <system-out/>
</testsuite> <!-- com.mco.tests.HomePageTest -->
